ARM GAS  /tmp/ccXTj5ff.s 			page 1


   1              		.cpu cortex-m4
   2              		.arch armv7e-m
   3              		.fpu fpv4-sp-d16
   4              		.eabi_attribute 27, 1
   5              		.eabi_attribute 28, 1
   6              		.eabi_attribute 20, 1
   7              		.eabi_attribute 21, 1
   8              		.eabi_attribute 23, 3
   9              		.eabi_attribute 24, 1
  10              		.eabi_attribute 25, 1
  11              		.eabi_attribute 26, 1
  12              		.eabi_attribute 30, 1
  13              		.eabi_attribute 34, 1
  14              		.eabi_attribute 18, 4
  15              		.file	"can.c"
  16              		.text
  17              	.Ltext0:
  18              		.cfi_sections	.debug_frame
  19              		.section	.text.MX_CAN1_Init,"ax",%progbits
  20              		.align	1
  21              		.global	MX_CAN1_Init
  22              		.syntax unified
  23              		.thumb
  24              		.thumb_func
  26              	MX_CAN1_Init:
  27              	.LFB130:
  28              		.file 1 "Core/Src/can.c"
   1:Core/Src/can.c **** /* USER CODE BEGIN Header */
   2:Core/Src/can.c **** /**
   3:Core/Src/can.c ****   ******************************************************************************
   4:Core/Src/can.c ****   * @file    can.c
   5:Core/Src/can.c ****   * @brief   This file provides code for the configuration
   6:Core/Src/can.c ****   *          of the CAN instances.
   7:Core/Src/can.c ****   ******************************************************************************
   8:Core/Src/can.c ****   * @attention
   9:Core/Src/can.c ****   *
  10:Core/Src/can.c ****   * Copyright (c) 2024 STMicroelectronics.
  11:Core/Src/can.c ****   * All rights reserved.
  12:Core/Src/can.c ****   *
  13:Core/Src/can.c ****   * This software is licensed under terms that can be found in the LICENSE file
  14:Core/Src/can.c ****   * in the root directory of this software component.
  15:Core/Src/can.c ****   * If no LICENSE file comes with this software, it is provided AS-IS.
  16:Core/Src/can.c ****   *
  17:Core/Src/can.c ****   ******************************************************************************
  18:Core/Src/can.c ****   */
  19:Core/Src/can.c **** /* USER CODE END Header */
  20:Core/Src/can.c **** /* Includes ------------------------------------------------------------------*/
  21:Core/Src/can.c **** #include "can.h"
  22:Core/Src/can.c **** 
  23:Core/Src/can.c **** /* USER CODE BEGIN 0 */
  24:Core/Src/can.c **** 
  25:Core/Src/can.c **** /* USER CODE END 0 */
  26:Core/Src/can.c **** 
  27:Core/Src/can.c **** CAN_HandleTypeDef hcan1;
  28:Core/Src/can.c **** CAN_HandleTypeDef hcan2;
  29:Core/Src/can.c **** 
  30:Core/Src/can.c **** /* CAN1 init function */
ARM GAS  /tmp/ccXTj5ff.s 			page 2


  31:Core/Src/can.c **** void MX_CAN1_Init(void)
  32:Core/Src/can.c **** {
  29              		.loc 1 32 1 view -0
  30              		.cfi_startproc
  31              		@ args = 0, pretend = 0, frame = 0
  32              		@ frame_needed = 0, uses_anonymous_args = 0
  33 0000 08B5     		push	{r3, lr}
  34              		.cfi_def_cfa_offset 8
  35              		.cfi_offset 3, -8
  36              		.cfi_offset 14, -4
  33:Core/Src/can.c **** 
  34:Core/Src/can.c ****   /* USER CODE BEGIN CAN1_Init 0 */
  35:Core/Src/can.c **** 
  36:Core/Src/can.c ****   /* USER CODE END CAN1_Init 0 */
  37:Core/Src/can.c **** 
  38:Core/Src/can.c ****   /* USER CODE BEGIN CAN1_Init 1 */
  39:Core/Src/can.c **** 
  40:Core/Src/can.c ****   /* USER CODE END CAN1_Init 1 */
  41:Core/Src/can.c ****   hcan1.Instance = CAN1;
  37              		.loc 1 41 3 view .LVU1
  38              		.loc 1 41 18 is_stmt 0 view .LVU2
  39 0002 0D48     		ldr	r0, .L5
  40 0004 0D4B     		ldr	r3, .L5+4
  41 0006 0360     		str	r3, [r0]
  42:Core/Src/can.c ****   hcan1.Init.Prescaler = 3;
  42              		.loc 1 42 3 is_stmt 1 view .LVU3
  43              		.loc 1 42 24 is_stmt 0 view .LVU4
  44 0008 0323     		movs	r3, #3
  45 000a 4360     		str	r3, [r0, #4]
  43:Core/Src/can.c ****   hcan1.Init.Mode = CAN_MODE_NORMAL;
  46              		.loc 1 43 3 is_stmt 1 view .LVU5
  47              		.loc 1 43 19 is_stmt 0 view .LVU6
  48 000c 0023     		movs	r3, #0
  49 000e 8360     		str	r3, [r0, #8]
  44:Core/Src/can.c ****   hcan1.Init.SyncJumpWidth = CAN_SJW_1TQ;
  50              		.loc 1 44 3 is_stmt 1 view .LVU7
  51              		.loc 1 44 28 is_stmt 0 view .LVU8
  52 0010 C360     		str	r3, [r0, #12]
  45:Core/Src/can.c ****   hcan1.Init.TimeSeg1 = CAN_BS1_10TQ;
  53              		.loc 1 45 3 is_stmt 1 view .LVU9
  54              		.loc 1 45 23 is_stmt 0 view .LVU10
  55 0012 4FF41022 		mov	r2, #589824
  56 0016 0261     		str	r2, [r0, #16]
  46:Core/Src/can.c ****   hcan1.Init.TimeSeg2 = CAN_BS2_3TQ;
  57              		.loc 1 46 3 is_stmt 1 view .LVU11
  58              		.loc 1 46 23 is_stmt 0 view .LVU12
  59 0018 4FF40012 		mov	r2, #2097152
  60 001c 4261     		str	r2, [r0, #20]
  47:Core/Src/can.c ****   hcan1.Init.TimeTriggeredMode = DISABLE;
  61              		.loc 1 47 3 is_stmt 1 view .LVU13
  62              		.loc 1 47 32 is_stmt 0 view .LVU14
  63 001e 0376     		strb	r3, [r0, #24]
  48:Core/Src/can.c ****   hcan1.Init.AutoBusOff = DISABLE;
  64              		.loc 1 48 3 is_stmt 1 view .LVU15
  65              		.loc 1 48 25 is_stmt 0 view .LVU16
  66 0020 4376     		strb	r3, [r0, #25]
  49:Core/Src/can.c ****   hcan1.Init.AutoWakeUp = DISABLE;
ARM GAS  /tmp/ccXTj5ff.s 			page 3


  67              		.loc 1 49 3 is_stmt 1 view .LVU17
  68              		.loc 1 49 25 is_stmt 0 view .LVU18
  69 0022 8376     		strb	r3, [r0, #26]
  50:Core/Src/can.c ****   hcan1.Init.AutoRetransmission = DISABLE;
  70              		.loc 1 50 3 is_stmt 1 view .LVU19
  71              		.loc 1 50 33 is_stmt 0 view .LVU20
  72 0024 C376     		strb	r3, [r0, #27]
  51:Core/Src/can.c ****   hcan1.Init.ReceiveFifoLocked = DISABLE;
  73              		.loc 1 51 3 is_stmt 1 view .LVU21
  74              		.loc 1 51 32 is_stmt 0 view .LVU22
  75 0026 0377     		strb	r3, [r0, #28]
  52:Core/Src/can.c ****   hcan1.Init.TransmitFifoPriority = DISABLE;
  76              		.loc 1 52 3 is_stmt 1 view .LVU23
  77              		.loc 1 52 35 is_stmt 0 view .LVU24
  78 0028 4377     		strb	r3, [r0, #29]
  53:Core/Src/can.c ****   if (HAL_CAN_Init(&hcan1) != HAL_OK)
  79              		.loc 1 53 3 is_stmt 1 view .LVU25
  80              		.loc 1 53 7 is_stmt 0 view .LVU26
  81 002a FFF7FEFF 		bl	HAL_CAN_Init
  82              	.LVL0:
  83              		.loc 1 53 6 view .LVU27
  84 002e 00B9     		cbnz	r0, .L4
  85              	.L1:
  54:Core/Src/can.c ****   {
  55:Core/Src/can.c ****     Error_Handler();
  56:Core/Src/can.c ****   }
  57:Core/Src/can.c ****   /* USER CODE BEGIN CAN1_Init 2 */
  58:Core/Src/can.c **** 
  59:Core/Src/can.c ****   /* USER CODE END CAN1_Init 2 */
  60:Core/Src/can.c **** 
  61:Core/Src/can.c **** }
  86              		.loc 1 61 1 view .LVU28
  87 0030 08BD     		pop	{r3, pc}
  88              	.L4:
  55:Core/Src/can.c ****   }
  89              		.loc 1 55 5 is_stmt 1 view .LVU29
  90 0032 FFF7FEFF 		bl	Error_Handler
  91              	.LVL1:
  92              		.loc 1 61 1 is_stmt 0 view .LVU30
  93 0036 FBE7     		b	.L1
  94              	.L6:
  95              		.align	2
  96              	.L5:
  97 0038 00000000 		.word	.LANCHOR0
  98 003c 00640040 		.word	1073767424
  99              		.cfi_endproc
 100              	.LFE130:
 102              		.section	.text.MX_CAN2_Init,"ax",%progbits
 103              		.align	1
 104              		.global	MX_CAN2_Init
 105              		.syntax unified
 106              		.thumb
 107              		.thumb_func
 109              	MX_CAN2_Init:
 110              	.LFB131:
  62:Core/Src/can.c **** /* CAN2 init function */
  63:Core/Src/can.c **** void MX_CAN2_Init(void)
ARM GAS  /tmp/ccXTj5ff.s 			page 4


  64:Core/Src/can.c **** {
 111              		.loc 1 64 1 is_stmt 1 view -0
 112              		.cfi_startproc
 113              		@ args = 0, pretend = 0, frame = 0
 114              		@ frame_needed = 0, uses_anonymous_args = 0
 115 0000 08B5     		push	{r3, lr}
 116              		.cfi_def_cfa_offset 8
 117              		.cfi_offset 3, -8
 118              		.cfi_offset 14, -4
  65:Core/Src/can.c **** 
  66:Core/Src/can.c ****   /* USER CODE BEGIN CAN2_Init 0 */
  67:Core/Src/can.c **** 
  68:Core/Src/can.c ****   /* USER CODE END CAN2_Init 0 */
  69:Core/Src/can.c **** 
  70:Core/Src/can.c ****   /* USER CODE BEGIN CAN2_Init 1 */
  71:Core/Src/can.c **** 
  72:Core/Src/can.c ****   /* USER CODE END CAN2_Init 1 */
  73:Core/Src/can.c ****   hcan2.Instance = CAN2;
 119              		.loc 1 73 3 view .LVU32
 120              		.loc 1 73 18 is_stmt 0 view .LVU33
 121 0002 0D48     		ldr	r0, .L11
 122 0004 0D4B     		ldr	r3, .L11+4
 123 0006 0360     		str	r3, [r0]
  74:Core/Src/can.c ****   hcan2.Init.Prescaler = 3;
 124              		.loc 1 74 3 is_stmt 1 view .LVU34
 125              		.loc 1 74 24 is_stmt 0 view .LVU35
 126 0008 0323     		movs	r3, #3
 127 000a 4360     		str	r3, [r0, #4]
  75:Core/Src/can.c ****   hcan2.Init.Mode = CAN_MODE_NORMAL;
 128              		.loc 1 75 3 is_stmt 1 view .LVU36
 129              		.loc 1 75 19 is_stmt 0 view .LVU37
 130 000c 0023     		movs	r3, #0
 131 000e 8360     		str	r3, [r0, #8]
  76:Core/Src/can.c ****   hcan2.Init.SyncJumpWidth = CAN_SJW_1TQ;
 132              		.loc 1 76 3 is_stmt 1 view .LVU38
 133              		.loc 1 76 28 is_stmt 0 view .LVU39
 134 0010 C360     		str	r3, [r0, #12]
  77:Core/Src/can.c ****   hcan2.Init.TimeSeg1 = CAN_BS1_10TQ;
 135              		.loc 1 77 3 is_stmt 1 view .LVU40
 136              		.loc 1 77 23 is_stmt 0 view .LVU41
 137 0012 4FF41022 		mov	r2, #589824
 138 0016 0261     		str	r2, [r0, #16]
  78:Core/Src/can.c ****   hcan2.Init.TimeSeg2 = CAN_BS2_3TQ;
 139              		.loc 1 78 3 is_stmt 1 view .LVU42
 140              		.loc 1 78 23 is_stmt 0 view .LVU43
 141 0018 4FF40012 		mov	r2, #2097152
 142 001c 4261     		str	r2, [r0, #20]
  79:Core/Src/can.c ****   hcan2.Init.TimeTriggeredMode = DISABLE;
 143              		.loc 1 79 3 is_stmt 1 view .LVU44
 144              		.loc 1 79 32 is_stmt 0 view .LVU45
 145 001e 0376     		strb	r3, [r0, #24]
  80:Core/Src/can.c ****   hcan2.Init.AutoBusOff = DISABLE;
 146              		.loc 1 80 3 is_stmt 1 view .LVU46
 147              		.loc 1 80 25 is_stmt 0 view .LVU47
 148 0020 4376     		strb	r3, [r0, #25]
  81:Core/Src/can.c ****   hcan2.Init.AutoWakeUp = DISABLE;
 149              		.loc 1 81 3 is_stmt 1 view .LVU48
ARM GAS  /tmp/ccXTj5ff.s 			page 5


 150              		.loc 1 81 25 is_stmt 0 view .LVU49
 151 0022 8376     		strb	r3, [r0, #26]
  82:Core/Src/can.c ****   hcan2.Init.AutoRetransmission = DISABLE;
 152              		.loc 1 82 3 is_stmt 1 view .LVU50
 153              		.loc 1 82 33 is_stmt 0 view .LVU51
 154 0024 C376     		strb	r3, [r0, #27]
  83:Core/Src/can.c ****   hcan2.Init.ReceiveFifoLocked = DISABLE;
 155              		.loc 1 83 3 is_stmt 1 view .LVU52
 156              		.loc 1 83 32 is_stmt 0 view .LVU53
 157 0026 0377     		strb	r3, [r0, #28]
  84:Core/Src/can.c ****   hcan2.Init.TransmitFifoPriority = DISABLE;
 158              		.loc 1 84 3 is_stmt 1 view .LVU54
 159              		.loc 1 84 35 is_stmt 0 view .LVU55
 160 0028 4377     		strb	r3, [r0, #29]
  85:Core/Src/can.c ****   if (HAL_CAN_Init(&hcan2) != HAL_OK)
 161              		.loc 1 85 3 is_stmt 1 view .LVU56
 162              		.loc 1 85 7 is_stmt 0 view .LVU57
 163 002a FFF7FEFF 		bl	HAL_CAN_Init
 164              	.LVL2:
 165              		.loc 1 85 6 view .LVU58
 166 002e 00B9     		cbnz	r0, .L10
 167              	.L7:
  86:Core/Src/can.c ****   {
  87:Core/Src/can.c ****     Error_Handler();
  88:Core/Src/can.c ****   }
  89:Core/Src/can.c ****   /* USER CODE BEGIN CAN2_Init 2 */
  90:Core/Src/can.c **** 
  91:Core/Src/can.c ****   /* USER CODE END CAN2_Init 2 */
  92:Core/Src/can.c **** 
  93:Core/Src/can.c **** }
 168              		.loc 1 93 1 view .LVU59
 169 0030 08BD     		pop	{r3, pc}
 170              	.L10:
  87:Core/Src/can.c ****   }
 171              		.loc 1 87 5 is_stmt 1 view .LVU60
 172 0032 FFF7FEFF 		bl	Error_Handler
 173              	.LVL3:
 174              		.loc 1 93 1 is_stmt 0 view .LVU61
 175 0036 FBE7     		b	.L7
 176              	.L12:
 177              		.align	2
 178              	.L11:
 179 0038 00000000 		.word	.LANCHOR1
 180 003c 00680040 		.word	1073768448
 181              		.cfi_endproc
 182              	.LFE131:
 184              		.section	.text.HAL_CAN_MspInit,"ax",%progbits
 185              		.align	1
 186              		.global	HAL_CAN_MspInit
 187              		.syntax unified
 188              		.thumb
 189              		.thumb_func
 191              	HAL_CAN_MspInit:
 192              	.LVL4:
 193              	.LFB132:
  94:Core/Src/can.c **** 
  95:Core/Src/can.c **** static uint32_t HAL_RCC_CAN1_CLK_ENABLED=0;
ARM GAS  /tmp/ccXTj5ff.s 			page 6


  96:Core/Src/can.c **** 
  97:Core/Src/can.c **** void HAL_CAN_MspInit(CAN_HandleTypeDef* canHandle)
  98:Core/Src/can.c **** {
 194              		.loc 1 98 1 is_stmt 1 view -0
 195              		.cfi_startproc
 196              		@ args = 0, pretend = 0, frame = 40
 197              		@ frame_needed = 0, uses_anonymous_args = 0
 198              		.loc 1 98 1 is_stmt 0 view .LVU63
 199 0000 30B5     		push	{r4, r5, lr}
 200              		.cfi_def_cfa_offset 12
 201              		.cfi_offset 4, -12
 202              		.cfi_offset 5, -8
 203              		.cfi_offset 14, -4
 204 0002 8BB0     		sub	sp, sp, #44
 205              		.cfi_def_cfa_offset 56
  99:Core/Src/can.c **** 
 100:Core/Src/can.c ****   GPIO_InitTypeDef GPIO_InitStruct = {0};
 206              		.loc 1 100 3 is_stmt 1 view .LVU64
 207              		.loc 1 100 20 is_stmt 0 view .LVU65
 208 0004 0023     		movs	r3, #0
 209 0006 0593     		str	r3, [sp, #20]
 210 0008 0693     		str	r3, [sp, #24]
 211 000a 0793     		str	r3, [sp, #28]
 212 000c 0893     		str	r3, [sp, #32]
 213 000e 0993     		str	r3, [sp, #36]
 101:Core/Src/can.c ****   if(canHandle->Instance==CAN1)
 214              		.loc 1 101 3 is_stmt 1 view .LVU66
 215              		.loc 1 101 15 is_stmt 0 view .LVU67
 216 0010 0368     		ldr	r3, [r0]
 217              		.loc 1 101 5 view .LVU68
 218 0012 454A     		ldr	r2, .L23
 219 0014 9342     		cmp	r3, r2
 220 0016 04D0     		beq	.L19
 102:Core/Src/can.c ****   {
 103:Core/Src/can.c ****   /* USER CODE BEGIN CAN1_MspInit 0 */
 104:Core/Src/can.c **** 
 105:Core/Src/can.c ****   /* USER CODE END CAN1_MspInit 0 */
 106:Core/Src/can.c ****     /* CAN1 clock enable */
 107:Core/Src/can.c ****     HAL_RCC_CAN1_CLK_ENABLED++;
 108:Core/Src/can.c ****     if(HAL_RCC_CAN1_CLK_ENABLED==1){
 109:Core/Src/can.c ****       __HAL_RCC_CAN1_CLK_ENABLE();
 110:Core/Src/can.c ****     }
 111:Core/Src/can.c **** 
 112:Core/Src/can.c ****     __HAL_RCC_GPIOD_CLK_ENABLE();
 113:Core/Src/can.c ****     /**CAN1 GPIO Configuration
 114:Core/Src/can.c ****     PD0     ------> CAN1_RX
 115:Core/Src/can.c ****     PD1     ------> CAN1_TX
 116:Core/Src/can.c ****     */
 117:Core/Src/can.c ****     GPIO_InitStruct.Pin = GPIO_PIN_0|GPIO_PIN_1;
 118:Core/Src/can.c ****     GPIO_InitStruct.Mode = GPIO_MODE_AF_PP;
 119:Core/Src/can.c ****     GPIO_InitStruct.Pull = GPIO_NOPULL;
 120:Core/Src/can.c ****     GPIO_InitStruct.Speed = GPIO_SPEED_FREQ_VERY_HIGH;
 121:Core/Src/can.c ****     GPIO_InitStruct.Alternate = GPIO_AF9_CAN1;
 122:Core/Src/can.c ****     HAL_GPIO_Init(GPIOD, &GPIO_InitStruct);
 123:Core/Src/can.c **** 
 124:Core/Src/can.c ****     /* CAN1 interrupt Init */
 125:Core/Src/can.c ****     HAL_NVIC_SetPriority(CAN1_RX0_IRQn, 2, 0);
ARM GAS  /tmp/ccXTj5ff.s 			page 7


 126:Core/Src/can.c ****     HAL_NVIC_EnableIRQ(CAN1_RX0_IRQn);
 127:Core/Src/can.c ****     HAL_NVIC_SetPriority(CAN1_RX1_IRQn, 2, 0);
 128:Core/Src/can.c ****     HAL_NVIC_EnableIRQ(CAN1_RX1_IRQn);
 129:Core/Src/can.c ****   /* USER CODE BEGIN CAN1_MspInit 1 */
 130:Core/Src/can.c **** 
 131:Core/Src/can.c ****   /* USER CODE END CAN1_MspInit 1 */
 132:Core/Src/can.c ****   }
 133:Core/Src/can.c ****   else if(canHandle->Instance==CAN2)
 221              		.loc 1 133 8 is_stmt 1 view .LVU69
 222              		.loc 1 133 10 is_stmt 0 view .LVU70
 223 0018 444A     		ldr	r2, .L23+4
 224 001a 9342     		cmp	r3, r2
 225 001c 3CD0     		beq	.L20
 226              	.LVL5:
 227              	.L13:
 134:Core/Src/can.c ****   {
 135:Core/Src/can.c ****   /* USER CODE BEGIN CAN2_MspInit 0 */
 136:Core/Src/can.c **** 
 137:Core/Src/can.c ****   /* USER CODE END CAN2_MspInit 0 */
 138:Core/Src/can.c ****     /* CAN2 clock enable */
 139:Core/Src/can.c ****     __HAL_RCC_CAN2_CLK_ENABLE();
 140:Core/Src/can.c ****     HAL_RCC_CAN1_CLK_ENABLED++;
 141:Core/Src/can.c ****     if(HAL_RCC_CAN1_CLK_ENABLED==1){
 142:Core/Src/can.c ****       __HAL_RCC_CAN1_CLK_ENABLE();
 143:Core/Src/can.c ****     }
 144:Core/Src/can.c **** 
 145:Core/Src/can.c ****     __HAL_RCC_GPIOB_CLK_ENABLE();
 146:Core/Src/can.c ****     /**CAN2 GPIO Configuration
 147:Core/Src/can.c ****     PB5     ------> CAN2_RX
 148:Core/Src/can.c ****     PB6     ------> CAN2_TX
 149:Core/Src/can.c ****     */
 150:Core/Src/can.c ****     GPIO_InitStruct.Pin = GPIO_PIN_5|GPIO_PIN_6;
 151:Core/Src/can.c ****     GPIO_InitStruct.Mode = GPIO_MODE_AF_PP;
 152:Core/Src/can.c ****     GPIO_InitStruct.Pull = GPIO_NOPULL;
 153:Core/Src/can.c ****     GPIO_InitStruct.Speed = GPIO_SPEED_FREQ_VERY_HIGH;
 154:Core/Src/can.c ****     GPIO_InitStruct.Alternate = GPIO_AF9_CAN2;
 155:Core/Src/can.c ****     HAL_GPIO_Init(GPIOB, &GPIO_InitStruct);
 156:Core/Src/can.c **** 
 157:Core/Src/can.c ****     /* CAN2 interrupt Init */
 158:Core/Src/can.c ****     HAL_NVIC_SetPriority(CAN2_RX0_IRQn, 5, 0);
 159:Core/Src/can.c ****     HAL_NVIC_EnableIRQ(CAN2_RX0_IRQn);
 160:Core/Src/can.c ****     HAL_NVIC_SetPriority(CAN2_RX1_IRQn, 5, 0);
 161:Core/Src/can.c ****     HAL_NVIC_EnableIRQ(CAN2_RX1_IRQn);
 162:Core/Src/can.c ****   /* USER CODE BEGIN CAN2_MspInit 1 */
 163:Core/Src/can.c **** 
 164:Core/Src/can.c ****   /* USER CODE END CAN2_MspInit 1 */
 165:Core/Src/can.c ****   }
 166:Core/Src/can.c **** }
 228              		.loc 1 166 1 view .LVU71
 229 001e 0BB0     		add	sp, sp, #44
 230              		.cfi_remember_state
 231              		.cfi_def_cfa_offset 12
 232              		@ sp needed
 233 0020 30BD     		pop	{r4, r5, pc}
 234              	.LVL6:
 235              	.L19:
 236              		.cfi_restore_state
ARM GAS  /tmp/ccXTj5ff.s 			page 8


 107:Core/Src/can.c ****     if(HAL_RCC_CAN1_CLK_ENABLED==1){
 237              		.loc 1 107 5 is_stmt 1 view .LVU72
 107:Core/Src/can.c ****     if(HAL_RCC_CAN1_CLK_ENABLED==1){
 238              		.loc 1 107 29 is_stmt 0 view .LVU73
 239 0022 434A     		ldr	r2, .L23+8
 240 0024 1368     		ldr	r3, [r2]
 241 0026 0133     		adds	r3, r3, #1
 242 0028 1360     		str	r3, [r2]
 108:Core/Src/can.c ****       __HAL_RCC_CAN1_CLK_ENABLE();
 243              		.loc 1 108 5 is_stmt 1 view .LVU74
 108:Core/Src/can.c ****       __HAL_RCC_CAN1_CLK_ENABLE();
 244              		.loc 1 108 7 is_stmt 0 view .LVU75
 245 002a 012B     		cmp	r3, #1
 246 002c 27D0     		beq	.L21
 247              	.L15:
 109:Core/Src/can.c ****     }
 248              		.loc 1 109 7 is_stmt 1 discriminator 1 view .LVU76
 112:Core/Src/can.c ****     /**CAN1 GPIO Configuration
 249              		.loc 1 112 5 discriminator 1 view .LVU77
 250              	.LBB2:
 112:Core/Src/can.c ****     /**CAN1 GPIO Configuration
 251              		.loc 1 112 5 discriminator 1 view .LVU78
 252 002e 0025     		movs	r5, #0
 253 0030 0195     		str	r5, [sp, #4]
 112:Core/Src/can.c ****     /**CAN1 GPIO Configuration
 254              		.loc 1 112 5 discriminator 1 view .LVU79
 255 0032 404B     		ldr	r3, .L23+12
 256 0034 1A6B     		ldr	r2, [r3, #48]
 257 0036 42F00802 		orr	r2, r2, #8
 258 003a 1A63     		str	r2, [r3, #48]
 112:Core/Src/can.c ****     /**CAN1 GPIO Configuration
 259              		.loc 1 112 5 discriminator 1 view .LVU80
 260 003c 1B6B     		ldr	r3, [r3, #48]
 261 003e 03F00803 		and	r3, r3, #8
 262 0042 0193     		str	r3, [sp, #4]
 112:Core/Src/can.c ****     /**CAN1 GPIO Configuration
 263              		.loc 1 112 5 discriminator 1 view .LVU81
 264 0044 019B     		ldr	r3, [sp, #4]
 265              	.LBE2:
 112:Core/Src/can.c ****     /**CAN1 GPIO Configuration
 266              		.loc 1 112 5 discriminator 1 view .LVU82
 117:Core/Src/can.c ****     GPIO_InitStruct.Mode = GPIO_MODE_AF_PP;
 267              		.loc 1 117 5 discriminator 1 view .LVU83
 117:Core/Src/can.c ****     GPIO_InitStruct.Mode = GPIO_MODE_AF_PP;
 268              		.loc 1 117 25 is_stmt 0 discriminator 1 view .LVU84
 269 0046 0323     		movs	r3, #3
 270 0048 0593     		str	r3, [sp, #20]
 118:Core/Src/can.c ****     GPIO_InitStruct.Pull = GPIO_NOPULL;
 271              		.loc 1 118 5 is_stmt 1 discriminator 1 view .LVU85
 118:Core/Src/can.c ****     GPIO_InitStruct.Pull = GPIO_NOPULL;
 272              		.loc 1 118 26 is_stmt 0 discriminator 1 view .LVU86
 273 004a 0224     		movs	r4, #2
 274 004c 0694     		str	r4, [sp, #24]
 119:Core/Src/can.c ****     GPIO_InitStruct.Speed = GPIO_SPEED_FREQ_VERY_HIGH;
 275              		.loc 1 119 5 is_stmt 1 discriminator 1 view .LVU87
 120:Core/Src/can.c ****     GPIO_InitStruct.Alternate = GPIO_AF9_CAN1;
 276              		.loc 1 120 5 discriminator 1 view .LVU88
ARM GAS  /tmp/ccXTj5ff.s 			page 9


 120:Core/Src/can.c ****     GPIO_InitStruct.Alternate = GPIO_AF9_CAN1;
 277              		.loc 1 120 27 is_stmt 0 discriminator 1 view .LVU89
 278 004e 0893     		str	r3, [sp, #32]
 121:Core/Src/can.c ****     HAL_GPIO_Init(GPIOD, &GPIO_InitStruct);
 279              		.loc 1 121 5 is_stmt 1 discriminator 1 view .LVU90
 121:Core/Src/can.c ****     HAL_GPIO_Init(GPIOD, &GPIO_InitStruct);
 280              		.loc 1 121 31 is_stmt 0 discriminator 1 view .LVU91
 281 0050 0923     		movs	r3, #9
 282 0052 0993     		str	r3, [sp, #36]
 122:Core/Src/can.c **** 
 283              		.loc 1 122 5 is_stmt 1 discriminator 1 view .LVU92
 284 0054 05A9     		add	r1, sp, #20
 285 0056 3848     		ldr	r0, .L23+16
 286              	.LVL7:
 122:Core/Src/can.c **** 
 287              		.loc 1 122 5 is_stmt 0 discriminator 1 view .LVU93
 288 0058 FFF7FEFF 		bl	HAL_GPIO_Init
 289              	.LVL8:
 125:Core/Src/can.c ****     HAL_NVIC_EnableIRQ(CAN1_RX0_IRQn);
 290              		.loc 1 125 5 is_stmt 1 discriminator 1 view .LVU94
 291 005c 2A46     		mov	r2, r5
 292 005e 2146     		mov	r1, r4
 293 0060 1420     		movs	r0, #20
 294 0062 FFF7FEFF 		bl	HAL_NVIC_SetPriority
 295              	.LVL9:
 126:Core/Src/can.c ****     HAL_NVIC_SetPriority(CAN1_RX1_IRQn, 2, 0);
 296              		.loc 1 126 5 discriminator 1 view .LVU95
 297 0066 1420     		movs	r0, #20
 298 0068 FFF7FEFF 		bl	HAL_NVIC_EnableIRQ
 299              	.LVL10:
 127:Core/Src/can.c ****     HAL_NVIC_EnableIRQ(CAN1_RX1_IRQn);
 300              		.loc 1 127 5 discriminator 1 view .LVU96
 301 006c 2A46     		mov	r2, r5
 302 006e 2146     		mov	r1, r4
 303 0070 1520     		movs	r0, #21
 304 0072 FFF7FEFF 		bl	HAL_NVIC_SetPriority
 305              	.LVL11:
 128:Core/Src/can.c ****   /* USER CODE BEGIN CAN1_MspInit 1 */
 306              		.loc 1 128 5 discriminator 1 view .LVU97
 307 0076 1520     		movs	r0, #21
 308 0078 FFF7FEFF 		bl	HAL_NVIC_EnableIRQ
 309              	.LVL12:
 310 007c CFE7     		b	.L13
 311              	.LVL13:
 312              	.L21:
 109:Core/Src/can.c ****     }
 313              		.loc 1 109 7 view .LVU98
 314              	.LBB3:
 109:Core/Src/can.c ****     }
 315              		.loc 1 109 7 view .LVU99
 316 007e 0023     		movs	r3, #0
 317 0080 0093     		str	r3, [sp]
 109:Core/Src/can.c ****     }
 318              		.loc 1 109 7 view .LVU100
 319 0082 2C4B     		ldr	r3, .L23+12
 320 0084 1A6C     		ldr	r2, [r3, #64]
 321 0086 42F00072 		orr	r2, r2, #33554432
ARM GAS  /tmp/ccXTj5ff.s 			page 10


 322 008a 1A64     		str	r2, [r3, #64]
 109:Core/Src/can.c ****     }
 323              		.loc 1 109 7 view .LVU101
 324 008c 1B6C     		ldr	r3, [r3, #64]
 325 008e 03F00073 		and	r3, r3, #33554432
 326 0092 0093     		str	r3, [sp]
 109:Core/Src/can.c ****     }
 327              		.loc 1 109 7 view .LVU102
 328 0094 009B     		ldr	r3, [sp]
 329 0096 CAE7     		b	.L15
 330              	.L20:
 331              	.LBE3:
 139:Core/Src/can.c ****     HAL_RCC_CAN1_CLK_ENABLED++;
 332              		.loc 1 139 5 view .LVU103
 333              	.LBB4:
 139:Core/Src/can.c ****     HAL_RCC_CAN1_CLK_ENABLED++;
 334              		.loc 1 139 5 view .LVU104
 335 0098 0023     		movs	r3, #0
 336 009a 0293     		str	r3, [sp, #8]
 139:Core/Src/can.c ****     HAL_RCC_CAN1_CLK_ENABLED++;
 337              		.loc 1 139 5 view .LVU105
 338 009c 254B     		ldr	r3, .L23+12
 339 009e 1A6C     		ldr	r2, [r3, #64]
 340 00a0 42F08062 		orr	r2, r2, #67108864
 341 00a4 1A64     		str	r2, [r3, #64]
 139:Core/Src/can.c ****     HAL_RCC_CAN1_CLK_ENABLED++;
 342              		.loc 1 139 5 view .LVU106
 343 00a6 1B6C     		ldr	r3, [r3, #64]
 344 00a8 03F08063 		and	r3, r3, #67108864
 345 00ac 0293     		str	r3, [sp, #8]
 139:Core/Src/can.c ****     HAL_RCC_CAN1_CLK_ENABLED++;
 346              		.loc 1 139 5 view .LVU107
 347 00ae 029B     		ldr	r3, [sp, #8]
 348              	.LBE4:
 139:Core/Src/can.c ****     HAL_RCC_CAN1_CLK_ENABLED++;
 349              		.loc 1 139 5 view .LVU108
 140:Core/Src/can.c ****     if(HAL_RCC_CAN1_CLK_ENABLED==1){
 350              		.loc 1 140 5 view .LVU109
 140:Core/Src/can.c ****     if(HAL_RCC_CAN1_CLK_ENABLED==1){
 351              		.loc 1 140 29 is_stmt 0 view .LVU110
 352 00b0 1F4A     		ldr	r2, .L23+8
 353 00b2 1368     		ldr	r3, [r2]
 354 00b4 0133     		adds	r3, r3, #1
 355 00b6 1360     		str	r3, [r2]
 141:Core/Src/can.c ****       __HAL_RCC_CAN1_CLK_ENABLE();
 356              		.loc 1 141 5 is_stmt 1 view .LVU111
 141:Core/Src/can.c ****       __HAL_RCC_CAN1_CLK_ENABLE();
 357              		.loc 1 141 7 is_stmt 0 view .LVU112
 358 00b8 012B     		cmp	r3, #1
 359 00ba 28D0     		beq	.L22
 360              	.L17:
 142:Core/Src/can.c ****     }
 361              		.loc 1 142 7 is_stmt 1 discriminator 1 view .LVU113
 145:Core/Src/can.c ****     /**CAN2 GPIO Configuration
 362              		.loc 1 145 5 discriminator 1 view .LVU114
 363              	.LBB5:
 145:Core/Src/can.c ****     /**CAN2 GPIO Configuration
ARM GAS  /tmp/ccXTj5ff.s 			page 11


 364              		.loc 1 145 5 discriminator 1 view .LVU115
 365 00bc 0024     		movs	r4, #0
 366 00be 0494     		str	r4, [sp, #16]
 145:Core/Src/can.c ****     /**CAN2 GPIO Configuration
 367              		.loc 1 145 5 discriminator 1 view .LVU116
 368 00c0 1C4B     		ldr	r3, .L23+12
 369 00c2 1A6B     		ldr	r2, [r3, #48]
 370 00c4 42F00202 		orr	r2, r2, #2
 371 00c8 1A63     		str	r2, [r3, #48]
 145:Core/Src/can.c ****     /**CAN2 GPIO Configuration
 372              		.loc 1 145 5 discriminator 1 view .LVU117
 373 00ca 1B6B     		ldr	r3, [r3, #48]
 374 00cc 03F00203 		and	r3, r3, #2
 375 00d0 0493     		str	r3, [sp, #16]
 145:Core/Src/can.c ****     /**CAN2 GPIO Configuration
 376              		.loc 1 145 5 discriminator 1 view .LVU118
 377 00d2 049B     		ldr	r3, [sp, #16]
 378              	.LBE5:
 145:Core/Src/can.c ****     /**CAN2 GPIO Configuration
 379              		.loc 1 145 5 discriminator 1 view .LVU119
 150:Core/Src/can.c ****     GPIO_InitStruct.Mode = GPIO_MODE_AF_PP;
 380              		.loc 1 150 5 discriminator 1 view .LVU120
 150:Core/Src/can.c ****     GPIO_InitStruct.Mode = GPIO_MODE_AF_PP;
 381              		.loc 1 150 25 is_stmt 0 discriminator 1 view .LVU121
 382 00d4 6023     		movs	r3, #96
 383 00d6 0593     		str	r3, [sp, #20]
 151:Core/Src/can.c ****     GPIO_InitStruct.Pull = GPIO_NOPULL;
 384              		.loc 1 151 5 is_stmt 1 discriminator 1 view .LVU122
 151:Core/Src/can.c ****     GPIO_InitStruct.Pull = GPIO_NOPULL;
 385              		.loc 1 151 26 is_stmt 0 discriminator 1 view .LVU123
 386 00d8 0223     		movs	r3, #2
 387 00da 0693     		str	r3, [sp, #24]
 152:Core/Src/can.c ****     GPIO_InitStruct.Speed = GPIO_SPEED_FREQ_VERY_HIGH;
 388              		.loc 1 152 5 is_stmt 1 discriminator 1 view .LVU124
 153:Core/Src/can.c ****     GPIO_InitStruct.Alternate = GPIO_AF9_CAN2;
 389              		.loc 1 153 5 discriminator 1 view .LVU125
 153:Core/Src/can.c ****     GPIO_InitStruct.Alternate = GPIO_AF9_CAN2;
 390              		.loc 1 153 27 is_stmt 0 discriminator 1 view .LVU126
 391 00dc 0323     		movs	r3, #3
 392 00de 0893     		str	r3, [sp, #32]
 154:Core/Src/can.c ****     HAL_GPIO_Init(GPIOB, &GPIO_InitStruct);
 393              		.loc 1 154 5 is_stmt 1 discriminator 1 view .LVU127
 154:Core/Src/can.c ****     HAL_GPIO_Init(GPIOB, &GPIO_InitStruct);
 394              		.loc 1 154 31 is_stmt 0 discriminator 1 view .LVU128
 395 00e0 0923     		movs	r3, #9
 396 00e2 0993     		str	r3, [sp, #36]
 155:Core/Src/can.c **** 
 397              		.loc 1 155 5 is_stmt 1 discriminator 1 view .LVU129
 398 00e4 05A9     		add	r1, sp, #20
 399 00e6 1548     		ldr	r0, .L23+20
 400              	.LVL14:
 155:Core/Src/can.c **** 
 401              		.loc 1 155 5 is_stmt 0 discriminator 1 view .LVU130
 402 00e8 FFF7FEFF 		bl	HAL_GPIO_Init
 403              	.LVL15:
 158:Core/Src/can.c ****     HAL_NVIC_EnableIRQ(CAN2_RX0_IRQn);
 404              		.loc 1 158 5 is_stmt 1 discriminator 1 view .LVU131
ARM GAS  /tmp/ccXTj5ff.s 			page 12


 405 00ec 2246     		mov	r2, r4
 406 00ee 0521     		movs	r1, #5
 407 00f0 4020     		movs	r0, #64
 408 00f2 FFF7FEFF 		bl	HAL_NVIC_SetPriority
 409              	.LVL16:
 159:Core/Src/can.c ****     HAL_NVIC_SetPriority(CAN2_RX1_IRQn, 5, 0);
 410              		.loc 1 159 5 discriminator 1 view .LVU132
 411 00f6 4020     		movs	r0, #64
 412 00f8 FFF7FEFF 		bl	HAL_NVIC_EnableIRQ
 413              	.LVL17:
 160:Core/Src/can.c ****     HAL_NVIC_EnableIRQ(CAN2_RX1_IRQn);
 414              		.loc 1 160 5 discriminator 1 view .LVU133
 415 00fc 2246     		mov	r2, r4
 416 00fe 0521     		movs	r1, #5
 417 0100 4120     		movs	r0, #65
 418 0102 FFF7FEFF 		bl	HAL_NVIC_SetPriority
 419              	.LVL18:
 161:Core/Src/can.c ****   /* USER CODE BEGIN CAN2_MspInit 1 */
 420              		.loc 1 161 5 discriminator 1 view .LVU134
 421 0106 4120     		movs	r0, #65
 422 0108 FFF7FEFF 		bl	HAL_NVIC_EnableIRQ
 423              	.LVL19:
 424              		.loc 1 166 1 is_stmt 0 discriminator 1 view .LVU135
 425 010c 87E7     		b	.L13
 426              	.LVL20:
 427              	.L22:
 142:Core/Src/can.c ****     }
 428              		.loc 1 142 7 is_stmt 1 view .LVU136
 429              	.LBB6:
 142:Core/Src/can.c ****     }
 430              		.loc 1 142 7 view .LVU137
 431 010e 0023     		movs	r3, #0
 432 0110 0393     		str	r3, [sp, #12]
 142:Core/Src/can.c ****     }
 433              		.loc 1 142 7 view .LVU138
 434 0112 084B     		ldr	r3, .L23+12
 435 0114 1A6C     		ldr	r2, [r3, #64]
 436 0116 42F00072 		orr	r2, r2, #33554432
 437 011a 1A64     		str	r2, [r3, #64]
 142:Core/Src/can.c ****     }
 438              		.loc 1 142 7 view .LVU139
 439 011c 1B6C     		ldr	r3, [r3, #64]
 440 011e 03F00073 		and	r3, r3, #33554432
 441 0122 0393     		str	r3, [sp, #12]
 142:Core/Src/can.c ****     }
 442              		.loc 1 142 7 view .LVU140
 443 0124 039B     		ldr	r3, [sp, #12]
 444 0126 C9E7     		b	.L17
 445              	.L24:
 446              		.align	2
 447              	.L23:
 448 0128 00640040 		.word	1073767424
 449 012c 00680040 		.word	1073768448
 450 0130 00000000 		.word	.LANCHOR2
 451 0134 00380240 		.word	1073887232
 452 0138 000C0240 		.word	1073875968
 453 013c 00040240 		.word	1073873920
ARM GAS  /tmp/ccXTj5ff.s 			page 13


 454              	.LBE6:
 455              		.cfi_endproc
 456              	.LFE132:
 458              		.section	.text.HAL_CAN_MspDeInit,"ax",%progbits
 459              		.align	1
 460              		.global	HAL_CAN_MspDeInit
 461              		.syntax unified
 462              		.thumb
 463              		.thumb_func
 465              	HAL_CAN_MspDeInit:
 466              	.LVL21:
 467              	.LFB133:
 167:Core/Src/can.c **** 
 168:Core/Src/can.c **** void HAL_CAN_MspDeInit(CAN_HandleTypeDef* canHandle)
 169:Core/Src/can.c **** {
 468              		.loc 1 169 1 view -0
 469              		.cfi_startproc
 470              		@ args = 0, pretend = 0, frame = 0
 471              		@ frame_needed = 0, uses_anonymous_args = 0
 472              		.loc 1 169 1 is_stmt 0 view .LVU142
 473 0000 08B5     		push	{r3, lr}
 474              		.cfi_def_cfa_offset 8
 475              		.cfi_offset 3, -8
 476              		.cfi_offset 14, -4
 170:Core/Src/can.c **** 
 171:Core/Src/can.c ****   if(canHandle->Instance==CAN1)
 477              		.loc 1 171 3 is_stmt 1 view .LVU143
 478              		.loc 1 171 15 is_stmt 0 view .LVU144
 479 0002 0368     		ldr	r3, [r0]
 480              		.loc 1 171 5 view .LVU145
 481 0004 1B4A     		ldr	r2, .L33
 482 0006 9342     		cmp	r3, r2
 483 0008 03D0     		beq	.L31
 172:Core/Src/can.c ****   {
 173:Core/Src/can.c ****   /* USER CODE BEGIN CAN1_MspDeInit 0 */
 174:Core/Src/can.c **** 
 175:Core/Src/can.c ****   /* USER CODE END CAN1_MspDeInit 0 */
 176:Core/Src/can.c ****     /* Peripheral clock disable */
 177:Core/Src/can.c ****     HAL_RCC_CAN1_CLK_ENABLED--;
 178:Core/Src/can.c ****     if(HAL_RCC_CAN1_CLK_ENABLED==0){
 179:Core/Src/can.c ****       __HAL_RCC_CAN1_CLK_DISABLE();
 180:Core/Src/can.c ****     }
 181:Core/Src/can.c **** 
 182:Core/Src/can.c ****     /**CAN1 GPIO Configuration
 183:Core/Src/can.c ****     PD0     ------> CAN1_RX
 184:Core/Src/can.c ****     PD1     ------> CAN1_TX
 185:Core/Src/can.c ****     */
 186:Core/Src/can.c ****     HAL_GPIO_DeInit(GPIOD, GPIO_PIN_0|GPIO_PIN_1);
 187:Core/Src/can.c **** 
 188:Core/Src/can.c ****     /* CAN1 interrupt Deinit */
 189:Core/Src/can.c ****     HAL_NVIC_DisableIRQ(CAN1_RX0_IRQn);
 190:Core/Src/can.c ****     HAL_NVIC_DisableIRQ(CAN1_RX1_IRQn);
 191:Core/Src/can.c ****   /* USER CODE BEGIN CAN1_MspDeInit 1 */
 192:Core/Src/can.c **** 
 193:Core/Src/can.c ****   /* USER CODE END CAN1_MspDeInit 1 */
 194:Core/Src/can.c ****   }
 195:Core/Src/can.c ****   else if(canHandle->Instance==CAN2)
ARM GAS  /tmp/ccXTj5ff.s 			page 14


 484              		.loc 1 195 8 is_stmt 1 view .LVU146
 485              		.loc 1 195 10 is_stmt 0 view .LVU147
 486 000a 1B4A     		ldr	r2, .L33+4
 487 000c 9342     		cmp	r3, r2
 488 000e 15D0     		beq	.L32
 489              	.LVL22:
 490              	.L25:
 196:Core/Src/can.c ****   {
 197:Core/Src/can.c ****   /* USER CODE BEGIN CAN2_MspDeInit 0 */
 198:Core/Src/can.c **** 
 199:Core/Src/can.c ****   /* USER CODE END CAN2_MspDeInit 0 */
 200:Core/Src/can.c ****     /* Peripheral clock disable */
 201:Core/Src/can.c ****     __HAL_RCC_CAN2_CLK_DISABLE();
 202:Core/Src/can.c ****     HAL_RCC_CAN1_CLK_ENABLED--;
 203:Core/Src/can.c ****     if(HAL_RCC_CAN1_CLK_ENABLED==0){
 204:Core/Src/can.c ****       __HAL_RCC_CAN1_CLK_DISABLE();
 205:Core/Src/can.c ****     }
 206:Core/Src/can.c **** 
 207:Core/Src/can.c ****     /**CAN2 GPIO Configuration
 208:Core/Src/can.c ****     PB5     ------> CAN2_RX
 209:Core/Src/can.c ****     PB6     ------> CAN2_TX
 210:Core/Src/can.c ****     */
 211:Core/Src/can.c ****     HAL_GPIO_DeInit(GPIOB, GPIO_PIN_5|GPIO_PIN_6);
 212:Core/Src/can.c **** 
 213:Core/Src/can.c ****     /* CAN2 interrupt Deinit */
 214:Core/Src/can.c ****     HAL_NVIC_DisableIRQ(CAN2_RX0_IRQn);
 215:Core/Src/can.c ****     HAL_NVIC_DisableIRQ(CAN2_RX1_IRQn);
 216:Core/Src/can.c ****   /* USER CODE BEGIN CAN2_MspDeInit 1 */
 217:Core/Src/can.c **** 
 218:Core/Src/can.c ****   /* USER CODE END CAN2_MspDeInit 1 */
 219:Core/Src/can.c ****   }
 220:Core/Src/can.c **** }
 491              		.loc 1 220 1 view .LVU148
 492 0010 08BD     		pop	{r3, pc}
 493              	.LVL23:
 494              	.L31:
 177:Core/Src/can.c ****     if(HAL_RCC_CAN1_CLK_ENABLED==0){
 495              		.loc 1 177 5 is_stmt 1 view .LVU149
 177:Core/Src/can.c ****     if(HAL_RCC_CAN1_CLK_ENABLED==0){
 496              		.loc 1 177 29 is_stmt 0 view .LVU150
 497 0012 1A4A     		ldr	r2, .L33+8
 498 0014 1368     		ldr	r3, [r2]
 499 0016 013B     		subs	r3, r3, #1
 500 0018 1360     		str	r3, [r2]
 178:Core/Src/can.c ****       __HAL_RCC_CAN1_CLK_DISABLE();
 501              		.loc 1 178 5 is_stmt 1 view .LVU151
 178:Core/Src/can.c ****       __HAL_RCC_CAN1_CLK_DISABLE();
 502              		.loc 1 178 7 is_stmt 0 view .LVU152
 503 001a 23B9     		cbnz	r3, .L27
 179:Core/Src/can.c ****     }
 504              		.loc 1 179 7 is_stmt 1 view .LVU153
 505 001c 184A     		ldr	r2, .L33+12
 506 001e 136C     		ldr	r3, [r2, #64]
 507 0020 23F00073 		bic	r3, r3, #33554432
 508 0024 1364     		str	r3, [r2, #64]
 509              	.L27:
 186:Core/Src/can.c **** 
ARM GAS  /tmp/ccXTj5ff.s 			page 15


 510              		.loc 1 186 5 view .LVU154
 511 0026 0321     		movs	r1, #3
 512 0028 1648     		ldr	r0, .L33+16
 513              	.LVL24:
 186:Core/Src/can.c **** 
 514              		.loc 1 186 5 is_stmt 0 view .LVU155
 515 002a FFF7FEFF 		bl	HAL_GPIO_DeInit
 516              	.LVL25:
 189:Core/Src/can.c ****     HAL_NVIC_DisableIRQ(CAN1_RX1_IRQn);
 517              		.loc 1 189 5 is_stmt 1 view .LVU156
 518 002e 1420     		movs	r0, #20
 519 0030 FFF7FEFF 		bl	HAL_NVIC_DisableIRQ
 520              	.LVL26:
 190:Core/Src/can.c ****   /* USER CODE BEGIN CAN1_MspDeInit 1 */
 521              		.loc 1 190 5 view .LVU157
 522 0034 1520     		movs	r0, #21
 523 0036 FFF7FEFF 		bl	HAL_NVIC_DisableIRQ
 524              	.LVL27:
 525 003a E9E7     		b	.L25
 526              	.LVL28:
 527              	.L32:
 201:Core/Src/can.c ****     HAL_RCC_CAN1_CLK_ENABLED--;
 528              		.loc 1 201 5 view .LVU158
 529 003c 02F5E832 		add	r2, r2, #118784
 530 0040 136C     		ldr	r3, [r2, #64]
 531 0042 23F08063 		bic	r3, r3, #67108864
 532 0046 1364     		str	r3, [r2, #64]
 202:Core/Src/can.c ****     if(HAL_RCC_CAN1_CLK_ENABLED==0){
 533              		.loc 1 202 5 view .LVU159
 202:Core/Src/can.c ****     if(HAL_RCC_CAN1_CLK_ENABLED==0){
 534              		.loc 1 202 29 is_stmt 0 view .LVU160
 535 0048 0C4A     		ldr	r2, .L33+8
 536 004a 1368     		ldr	r3, [r2]
 537 004c 013B     		subs	r3, r3, #1
 538 004e 1360     		str	r3, [r2]
 203:Core/Src/can.c ****       __HAL_RCC_CAN1_CLK_DISABLE();
 539              		.loc 1 203 5 is_stmt 1 view .LVU161
 203:Core/Src/can.c ****       __HAL_RCC_CAN1_CLK_DISABLE();
 540              		.loc 1 203 7 is_stmt 0 view .LVU162
 541 0050 23B9     		cbnz	r3, .L29
 204:Core/Src/can.c ****     }
 542              		.loc 1 204 7 is_stmt 1 view .LVU163
 543 0052 0B4A     		ldr	r2, .L33+12
 544 0054 136C     		ldr	r3, [r2, #64]
 545 0056 23F00073 		bic	r3, r3, #33554432
 546 005a 1364     		str	r3, [r2, #64]
 547              	.L29:
 211:Core/Src/can.c **** 
 548              		.loc 1 211 5 view .LVU164
 549 005c 6021     		movs	r1, #96
 550 005e 0A48     		ldr	r0, .L33+20
 551              	.LVL29:
 211:Core/Src/can.c **** 
 552              		.loc 1 211 5 is_stmt 0 view .LVU165
 553 0060 FFF7FEFF 		bl	HAL_GPIO_DeInit
 554              	.LVL30:
 214:Core/Src/can.c ****     HAL_NVIC_DisableIRQ(CAN2_RX1_IRQn);
ARM GAS  /tmp/ccXTj5ff.s 			page 16


 555              		.loc 1 214 5 is_stmt 1 view .LVU166
 556 0064 4020     		movs	r0, #64
 557 0066 FFF7FEFF 		bl	HAL_NVIC_DisableIRQ
 558              	.LVL31:
 215:Core/Src/can.c ****   /* USER CODE BEGIN CAN2_MspDeInit 1 */
 559              		.loc 1 215 5 view .LVU167
 560 006a 4120     		movs	r0, #65
 561 006c FFF7FEFF 		bl	HAL_NVIC_DisableIRQ
 562              	.LVL32:
 563              		.loc 1 220 1 is_stmt 0 view .LVU168
 564 0070 CEE7     		b	.L25
 565              	.L34:
 566 0072 00BF     		.align	2
 567              	.L33:
 568 0074 00640040 		.word	1073767424
 569 0078 00680040 		.word	1073768448
 570 007c 00000000 		.word	.LANCHOR2
 571 0080 00380240 		.word	1073887232
 572 0084 000C0240 		.word	1073875968
 573 0088 00040240 		.word	1073873920
 574              		.cfi_endproc
 575              	.LFE133:
 577              		.global	hcan2
 578              		.global	hcan1
 579              		.section	.bss.HAL_RCC_CAN1_CLK_ENABLED,"aw",%nobits
 580              		.align	2
 581              		.set	.LANCHOR2,. + 0
 584              	HAL_RCC_CAN1_CLK_ENABLED:
 585 0000 00000000 		.space	4
 586              		.section	.bss.hcan1,"aw",%nobits
 587              		.align	2
 588              		.set	.LANCHOR0,. + 0
 591              	hcan1:
 592 0000 00000000 		.space	40
 592      00000000 
 592      00000000 
 592      00000000 
 592      00000000 
 593              		.section	.bss.hcan2,"aw",%nobits
 594              		.align	2
 595              		.set	.LANCHOR1,. + 0
 598              	hcan2:
 599 0000 00000000 		.space	40
 599      00000000 
 599      00000000 
 599      00000000 
 599      00000000 
 600              		.text
 601              	.Letext0:
 602              		.file 2 "/usr/share/gcc-arm-none-eabi-10.3-2021.10/arm-none-eabi/include/machine/_default_types.h"
 603              		.file 3 "/usr/share/gcc-arm-none-eabi-10.3-2021.10/arm-none-eabi/include/sys/_stdint.h"
 604              		.file 4 "Drivers/CMSIS/Device/ST/STM32F4xx/Include/stm32f407xx.h"
 605              		.file 5 "Drivers/CMSIS/Device/ST/STM32F4xx/Include/stm32f4xx.h"
 606              		.file 6 "Drivers/STM32F4xx_HAL_Driver/Inc/stm32f4xx_hal_def.h"
 607              		.file 7 "Drivers/STM32F4xx_HAL_Driver/Inc/stm32f4xx_hal_gpio.h"
 608              		.file 8 "Drivers/STM32F4xx_HAL_Driver/Inc/stm32f4xx_hal_can.h"
 609              		.file 9 "Core/Inc/can.h"
ARM GAS  /tmp/ccXTj5ff.s 			page 17


 610              		.file 10 "Drivers/STM32F4xx_HAL_Driver/Inc/stm32f4xx_hal_cortex.h"
 611              		.file 11 "Core/Inc/main.h"
ARM GAS  /tmp/ccXTj5ff.s 			page 18


DEFINED SYMBOLS
                            *ABS*:0000000000000000 can.c
     /tmp/ccXTj5ff.s:20     .text.MX_CAN1_Init:0000000000000000 $t
     /tmp/ccXTj5ff.s:26     .text.MX_CAN1_Init:0000000000000000 MX_CAN1_Init
     /tmp/ccXTj5ff.s:97     .text.MX_CAN1_Init:0000000000000038 $d
     /tmp/ccXTj5ff.s:103    .text.MX_CAN2_Init:0000000000000000 $t
     /tmp/ccXTj5ff.s:109    .text.MX_CAN2_Init:0000000000000000 MX_CAN2_Init
     /tmp/ccXTj5ff.s:179    .text.MX_CAN2_Init:0000000000000038 $d
     /tmp/ccXTj5ff.s:185    .text.HAL_CAN_MspInit:0000000000000000 $t
     /tmp/ccXTj5ff.s:191    .text.HAL_CAN_MspInit:0000000000000000 HAL_CAN_MspInit
     /tmp/ccXTj5ff.s:448    .text.HAL_CAN_MspInit:0000000000000128 $d
     /tmp/ccXTj5ff.s:459    .text.HAL_CAN_MspDeInit:0000000000000000 $t
     /tmp/ccXTj5ff.s:465    .text.HAL_CAN_MspDeInit:0000000000000000 HAL_CAN_MspDeInit
     /tmp/ccXTj5ff.s:568    .text.HAL_CAN_MspDeInit:0000000000000074 $d
     /tmp/ccXTj5ff.s:598    .bss.hcan2:0000000000000000 hcan2
     /tmp/ccXTj5ff.s:591    .bss.hcan1:0000000000000000 hcan1
     /tmp/ccXTj5ff.s:580    .bss.HAL_RCC_CAN1_CLK_ENABLED:0000000000000000 $d
     /tmp/ccXTj5ff.s:584    .bss.HAL_RCC_CAN1_CLK_ENABLED:0000000000000000 HAL_RCC_CAN1_CLK_ENABLED
     /tmp/ccXTj5ff.s:587    .bss.hcan1:0000000000000000 $d
     /tmp/ccXTj5ff.s:594    .bss.hcan2:0000000000000000 $d

UNDEFINED SYMBOLS
HAL_CAN_Init
Error_Handler
HAL_GPIO_Init
HAL_NVIC_SetPriority
HAL_NVIC_EnableIRQ
HAL_GPIO_DeInit
HAL_NVIC_DisableIRQ
