ARM GAS  /tmp/cckgYK2Z.s 			page 1


   1              		.cpu cortex-m4
   2              		.arch armv7e-m
   3              		.fpu fpv4-sp-d16
   4              		.eabi_attribute 27, 1
   5              		.eabi_attribute 28, 1
   6              		.eabi_attribute 20, 1
   7              		.eabi_attribute 21, 1
   8              		.eabi_attribute 23, 3
   9              		.eabi_attribute 24, 1
  10              		.eabi_attribute 25, 1
  11              		.eabi_attribute 26, 1
  12              		.eabi_attribute 30, 1
  13              		.eabi_attribute 34, 1
  14              		.eabi_attribute 18, 4
  15              		.file	"dma.c"
  16              		.text
  17              	.Ltext0:
  18              		.cfi_sections	.debug_frame
  19              		.section	.text.MX_DMA_Init,"ax",%progbits
  20              		.align	1
  21              		.global	MX_DMA_Init
  22              		.syntax unified
  23              		.thumb
  24              		.thumb_func
  26              	MX_DMA_Init:
  27              	.LFB130:
  28              		.file 1 "Core/Src/dma.c"
   1:Core/Src/dma.c **** /* USER CODE BEGIN Header */
   2:Core/Src/dma.c **** /**
   3:Core/Src/dma.c ****   ******************************************************************************
   4:Core/Src/dma.c ****   * @file    dma.c
   5:Core/Src/dma.c ****   * @brief   This file provides code for the configuration
   6:Core/Src/dma.c ****   *          of all the requested memory to memory DMA transfers.
   7:Core/Src/dma.c ****   ******************************************************************************
   8:Core/Src/dma.c ****   * @attention
   9:Core/Src/dma.c ****   *
  10:Core/Src/dma.c ****   * Copyright (c) 2024 STMicroelectronics.
  11:Core/Src/dma.c ****   * All rights reserved.
  12:Core/Src/dma.c ****   *
  13:Core/Src/dma.c ****   * This software is licensed under terms that can be found in the LICENSE file
  14:Core/Src/dma.c ****   * in the root directory of this software component.
  15:Core/Src/dma.c ****   * If no LICENSE file comes with this software, it is provided AS-IS.
  16:Core/Src/dma.c ****   *
  17:Core/Src/dma.c ****   ******************************************************************************
  18:Core/Src/dma.c ****   */
  19:Core/Src/dma.c **** /* USER CODE END Header */
  20:Core/Src/dma.c **** 
  21:Core/Src/dma.c **** /* Includes ------------------------------------------------------------------*/
  22:Core/Src/dma.c **** #include "dma.h"
  23:Core/Src/dma.c **** 
  24:Core/Src/dma.c **** /* USER CODE BEGIN 0 */
  25:Core/Src/dma.c **** 
  26:Core/Src/dma.c **** /* USER CODE END 0 */
  27:Core/Src/dma.c **** 
  28:Core/Src/dma.c **** /*----------------------------------------------------------------------------*/
  29:Core/Src/dma.c **** /* Configure DMA                                                              */
  30:Core/Src/dma.c **** /*----------------------------------------------------------------------------*/
ARM GAS  /tmp/cckgYK2Z.s 			page 2


  31:Core/Src/dma.c **** 
  32:Core/Src/dma.c **** /* USER CODE BEGIN 1 */
  33:Core/Src/dma.c **** 
  34:Core/Src/dma.c **** /* USER CODE END 1 */
  35:Core/Src/dma.c **** 
  36:Core/Src/dma.c **** /**
  37:Core/Src/dma.c ****   * Enable DMA controller clock
  38:Core/Src/dma.c ****   */
  39:Core/Src/dma.c **** void MX_DMA_Init(void)
  40:Core/Src/dma.c **** {
  29              		.loc 1 40 1 view -0
  30              		.cfi_startproc
  31              		@ args = 0, pretend = 0, frame = 8
  32              		@ frame_needed = 0, uses_anonymous_args = 0
  33 0000 10B5     		push	{r4, lr}
  34              		.cfi_def_cfa_offset 8
  35              		.cfi_offset 4, -8
  36              		.cfi_offset 14, -4
  37 0002 82B0     		sub	sp, sp, #8
  38              		.cfi_def_cfa_offset 16
  41:Core/Src/dma.c **** 
  42:Core/Src/dma.c ****   /* DMA controller clock enable */
  43:Core/Src/dma.c ****   __HAL_RCC_DMA2_CLK_ENABLE();
  39              		.loc 1 43 3 view .LVU1
  40              	.LBB2:
  41              		.loc 1 43 3 view .LVU2
  42 0004 0024     		movs	r4, #0
  43 0006 0194     		str	r4, [sp, #4]
  44              		.loc 1 43 3 view .LVU3
  45 0008 154B     		ldr	r3, .L3
  46 000a 1A6B     		ldr	r2, [r3, #48]
  47 000c 42F48002 		orr	r2, r2, #4194304
  48 0010 1A63     		str	r2, [r3, #48]
  49              		.loc 1 43 3 view .LVU4
  50 0012 1B6B     		ldr	r3, [r3, #48]
  51 0014 03F48003 		and	r3, r3, #4194304
  52 0018 0193     		str	r3, [sp, #4]
  53              		.loc 1 43 3 view .LVU5
  54 001a 019B     		ldr	r3, [sp, #4]
  55              	.LBE2:
  56              		.loc 1 43 3 view .LVU6
  44:Core/Src/dma.c **** 
  45:Core/Src/dma.c ****   /* DMA interrupt init */
  46:Core/Src/dma.c ****   /* DMA2_Stream1_IRQn interrupt configuration */
  47:Core/Src/dma.c ****   HAL_NVIC_SetPriority(DMA2_Stream1_IRQn, 0, 0);
  57              		.loc 1 47 3 view .LVU7
  58 001c 2246     		mov	r2, r4
  59 001e 2146     		mov	r1, r4
  60 0020 3920     		movs	r0, #57
  61 0022 FFF7FEFF 		bl	HAL_NVIC_SetPriority
  62              	.LVL0:
  48:Core/Src/dma.c ****   HAL_NVIC_EnableIRQ(DMA2_Stream1_IRQn);
  63              		.loc 1 48 3 view .LVU8
  64 0026 3920     		movs	r0, #57
  65 0028 FFF7FEFF 		bl	HAL_NVIC_EnableIRQ
  66              	.LVL1:
  49:Core/Src/dma.c ****   /* DMA2_Stream5_IRQn interrupt configuration */
ARM GAS  /tmp/cckgYK2Z.s 			page 3


  50:Core/Src/dma.c ****   HAL_NVIC_SetPriority(DMA2_Stream5_IRQn, 0, 0);
  67              		.loc 1 50 3 view .LVU9
  68 002c 2246     		mov	r2, r4
  69 002e 2146     		mov	r1, r4
  70 0030 4420     		movs	r0, #68
  71 0032 FFF7FEFF 		bl	HAL_NVIC_SetPriority
  72              	.LVL2:
  51:Core/Src/dma.c ****   HAL_NVIC_EnableIRQ(DMA2_Stream5_IRQn);
  73              		.loc 1 51 3 view .LVU10
  74 0036 4420     		movs	r0, #68
  75 0038 FFF7FEFF 		bl	HAL_NVIC_EnableIRQ
  76              	.LVL3:
  52:Core/Src/dma.c ****   /* DMA2_Stream6_IRQn interrupt configuration */
  53:Core/Src/dma.c ****   HAL_NVIC_SetPriority(DMA2_Stream6_IRQn, 0, 0);
  77              		.loc 1 53 3 view .LVU11
  78 003c 2246     		mov	r2, r4
  79 003e 2146     		mov	r1, r4
  80 0040 4520     		movs	r0, #69
  81 0042 FFF7FEFF 		bl	HAL_NVIC_SetPriority
  82              	.LVL4:
  54:Core/Src/dma.c ****   HAL_NVIC_EnableIRQ(DMA2_Stream6_IRQn);
  83              		.loc 1 54 3 view .LVU12
  84 0046 4520     		movs	r0, #69
  85 0048 FFF7FEFF 		bl	HAL_NVIC_EnableIRQ
  86              	.LVL5:
  55:Core/Src/dma.c ****   /* DMA2_Stream7_IRQn interrupt configuration */
  56:Core/Src/dma.c ****   HAL_NVIC_SetPriority(DMA2_Stream7_IRQn, 0, 0);
  87              		.loc 1 56 3 view .LVU13
  88 004c 2246     		mov	r2, r4
  89 004e 2146     		mov	r1, r4
  90 0050 4620     		movs	r0, #70
  91 0052 FFF7FEFF 		bl	HAL_NVIC_SetPriority
  92              	.LVL6:
  57:Core/Src/dma.c ****   HAL_NVIC_EnableIRQ(DMA2_Stream7_IRQn);
  93              		.loc 1 57 3 view .LVU14
  94 0056 4620     		movs	r0, #70
  95 0058 FFF7FEFF 		bl	HAL_NVIC_EnableIRQ
  96              	.LVL7:
  58:Core/Src/dma.c **** 
  59:Core/Src/dma.c **** }
  97              		.loc 1 59 1 is_stmt 0 view .LVU15
  98 005c 02B0     		add	sp, sp, #8
  99              		.cfi_def_cfa_offset 8
 100              		@ sp needed
 101 005e 10BD     		pop	{r4, pc}
 102              	.L4:
 103              		.align	2
 104              	.L3:
 105 0060 00380240 		.word	1073887232
 106              		.cfi_endproc
 107              	.LFE130:
 109              		.text
 110              	.Letext0:
 111              		.file 2 "/usr/share/gcc-arm-none-eabi-10.3-2021.10/arm-none-eabi/include/machine/_default_types.h"
 112              		.file 3 "/usr/share/gcc-arm-none-eabi-10.3-2021.10/arm-none-eabi/include/sys/_stdint.h"
 113              		.file 4 "Drivers/CMSIS/Device/ST/STM32F4xx/Include/stm32f407xx.h"
 114              		.file 5 "Drivers/STM32F4xx_HAL_Driver/Inc/stm32f4xx_hal_cortex.h"
ARM GAS  /tmp/cckgYK2Z.s 			page 4


ARM GAS  /tmp/cckgYK2Z.s 			page 5


DEFINED SYMBOLS
                            *ABS*:0000000000000000 dma.c
     /tmp/cckgYK2Z.s:20     .text.MX_DMA_Init:0000000000000000 $t
     /tmp/cckgYK2Z.s:26     .text.MX_DMA_Init:0000000000000000 MX_DMA_Init
     /tmp/cckgYK2Z.s:105    .text.MX_DMA_Init:0000000000000060 $d

UNDEFINED SYMBOLS
HAL_NVIC_SetPriority
HAL_NVIC_EnableIRQ
