ARM GAS  /tmp/ccyNWR9S.s 			page 1


   1              		.cpu cortex-m4
   2              		.arch armv7e-m
   3              		.fpu fpv4-sp-d16
   4              		.eabi_attribute 27, 1
   5              		.eabi_attribute 28, 1
   6              		.eabi_attribute 20, 1
   7              		.eabi_attribute 21, 1
   8              		.eabi_attribute 23, 3
   9              		.eabi_attribute 24, 1
  10              		.eabi_attribute 25, 1
  11              		.eabi_attribute 26, 1
  12              		.eabi_attribute 30, 1
  13              		.eabi_attribute 34, 1
  14              		.eabi_attribute 18, 4
  15              		.file	"rx_Task.c"
  16              		.text
  17              	.Ltext0:
  18              		.cfi_sections	.debug_frame
  19              		.section	.text.Float_to_Byte,"ax",%progbits
  20              		.align	1
  21              		.global	Float_to_Byte
  22              		.syntax unified
  23              		.thumb
  24              		.thumb_func
  26              	Float_to_Byte:
  27              	.LVL0:
  28              	.LFB130:
  29              		.file 1 "Lib/app/src/rx_Task.c"
   1:Lib/app/src/rx_Task.c **** #include "bsp_can.h"
   2:Lib/app/src/rx_Task.c **** #include "main.h"
   3:Lib/app/src/rx_Task.c **** #include "struct_typedef.h"
   4:Lib/app/src/rx_Task.c **** 
   5:Lib/app/src/rx_Task.c **** void Float_to_Byte(float a,float b,unsigned char byte[]);
   6:Lib/app/src/rx_Task.c **** 
   7:Lib/app/src/rx_Task.c **** uint8_t byte_0[8];
   8:Lib/app/src/rx_Task.c **** uint8_t byte_1[8];
   9:Lib/app/src/rx_Task.c **** 
  10:Lib/app/src/rx_Task.c **** 
  11:Lib/app/src/rx_Task.c **** 
  12:Lib/app/src/rx_Task.c **** //定义共用体，参考https://blog.csdn.net/ls667/article/details/50811519博客
  13:Lib/app/src/rx_Task.c **** typedef union     
  14:Lib/app/src/rx_Task.c **** {
  15:Lib/app/src/rx_Task.c **** 	float fdata;
  16:Lib/app/src/rx_Task.c **** 	unsigned long ldata;
  17:Lib/app/src/rx_Task.c **** }FloatLongType;
  18:Lib/app/src/rx_Task.c **** 
  19:Lib/app/src/rx_Task.c **** 
  20:Lib/app/src/rx_Task.c **** /*将浮点数f转化为4个字节数据存放在byte[4]中*/
  21:Lib/app/src/rx_Task.c **** void Float_to_Byte(float a,float b,unsigned char byte[])   //参考https://blog.csdn.net/ls667/arti
  22:Lib/app/src/rx_Task.c **** {
  30              		.loc 1 22 1 view -0
  31              		.cfi_startproc
  32              		@ args = 0, pretend = 0, frame = 8
  33              		@ frame_needed = 0, uses_anonymous_args = 0
  34              		@ link register save eliminated.
  35              		.loc 1 22 1 is_stmt 0 view .LVU1
  36 0000 82B0     		sub	sp, sp, #8
ARM GAS  /tmp/ccyNWR9S.s 			page 2


  37              		.cfi_def_cfa_offset 8
  38 0002 8DED000A 		vstr.32	s0, [sp]
  39 0006 CDED010A 		vstr.32	s1, [sp, #4]
  23:Lib/app/src/rx_Task.c **** 	FloatLongType fl,f2;
  40              		.loc 1 23 2 is_stmt 1 view .LVU2
  24:Lib/app/src/rx_Task.c **** 	fl.fdata=a;f2.fdata=b;
  41              		.loc 1 24 2 view .LVU3
  42              		.loc 1 24 13 view .LVU4
  25:Lib/app/src/rx_Task.c **** 	byte[0]=(unsigned char)fl.ldata;
  43              		.loc 1 25 2 view .LVU5
  44 000a 009B     		ldr	r3, [sp]
  45              		.loc 1 25 9 is_stmt 0 view .LVU6
  46 000c 0370     		strb	r3, [r0]
  26:Lib/app/src/rx_Task.c **** 	byte[1]=(unsigned char)(fl.ldata>>8);
  47              		.loc 1 26 2 is_stmt 1 view .LVU7
  48              		.loc 1 26 10 is_stmt 0 view .LVU8
  49 000e C3F30722 		ubfx	r2, r3, #8, #8
  50              		.loc 1 26 9 view .LVU9
  51 0012 4270     		strb	r2, [r0, #1]
  27:Lib/app/src/rx_Task.c **** 	byte[2]=(unsigned char)(fl.ldata>>16);
  52              		.loc 1 27 2 is_stmt 1 view .LVU10
  53              		.loc 1 27 10 is_stmt 0 view .LVU11
  54 0014 C3F30742 		ubfx	r2, r3, #16, #8
  55              		.loc 1 27 9 view .LVU12
  56 0018 8270     		strb	r2, [r0, #2]
  28:Lib/app/src/rx_Task.c **** 	byte[3]=(unsigned char)(fl.ldata>>24);
  57              		.loc 1 28 2 is_stmt 1 view .LVU13
  58              		.loc 1 28 10 is_stmt 0 view .LVU14
  59 001a 1B0E     		lsrs	r3, r3, #24
  60              		.loc 1 28 9 view .LVU15
  61 001c C370     		strb	r3, [r0, #3]
  29:Lib/app/src/rx_Task.c ****     byte[4]=(unsigned char)f2.ldata;
  62              		.loc 1 29 5 is_stmt 1 view .LVU16
  63 001e 019B     		ldr	r3, [sp, #4]
  64              		.loc 1 29 12 is_stmt 0 view .LVU17
  65 0020 0371     		strb	r3, [r0, #4]
  30:Lib/app/src/rx_Task.c **** 	byte[5]=(unsigned char)(f2.ldata>>8);
  66              		.loc 1 30 2 is_stmt 1 view .LVU18
  67              		.loc 1 30 10 is_stmt 0 view .LVU19
  68 0022 C3F30722 		ubfx	r2, r3, #8, #8
  69              		.loc 1 30 9 view .LVU20
  70 0026 4271     		strb	r2, [r0, #5]
  31:Lib/app/src/rx_Task.c **** 	byte[6]=(unsigned char)(f2.ldata>>16);
  71              		.loc 1 31 2 is_stmt 1 view .LVU21
  72              		.loc 1 31 10 is_stmt 0 view .LVU22
  73 0028 C3F30742 		ubfx	r2, r3, #16, #8
  74              		.loc 1 31 9 view .LVU23
  75 002c 8271     		strb	r2, [r0, #6]
  32:Lib/app/src/rx_Task.c **** 	byte[7]=(unsigned char)(f2.ldata>>24);
  76              		.loc 1 32 2 is_stmt 1 view .LVU24
  77              		.loc 1 32 10 is_stmt 0 view .LVU25
  78 002e 1B0E     		lsrs	r3, r3, #24
  79              		.loc 1 32 9 view .LVU26
  80 0030 C371     		strb	r3, [r0, #7]
  33:Lib/app/src/rx_Task.c **** 	
  34:Lib/app/src/rx_Task.c **** }
  81              		.loc 1 34 1 view .LVU27
ARM GAS  /tmp/ccyNWR9S.s 			page 3


  82 0032 02B0     		add	sp, sp, #8
  83              		.cfi_def_cfa_offset 0
  84              		@ sp needed
  85 0034 7047     		bx	lr
  86              		.cfi_endproc
  87              	.LFE130:
  89              		.global	byte_1
  90              		.global	byte_0
  91              		.section	.bss.byte_0,"aw",%nobits
  92              		.align	2
  95              	byte_0:
  96 0000 00000000 		.space	8
  96      00000000 
  97              		.section	.bss.byte_1,"aw",%nobits
  98              		.align	2
 101              	byte_1:
 102 0000 00000000 		.space	8
 102      00000000 
 103              		.text
 104              	.Letext0:
 105              		.file 2 "/usr/share/gcc-arm-none-eabi-10.3-2021.10/arm-none-eabi/include/machine/_default_types.h"
 106              		.file 3 "/usr/share/gcc-arm-none-eabi-10.3-2021.10/arm-none-eabi/include/sys/_stdint.h"
ARM GAS  /tmp/ccyNWR9S.s 			page 4


DEFINED SYMBOLS
                            *ABS*:0000000000000000 rx_Task.c
     /tmp/ccyNWR9S.s:20     .text.Float_to_Byte:0000000000000000 $t
     /tmp/ccyNWR9S.s:26     .text.Float_to_Byte:0000000000000000 Float_to_Byte
     /tmp/ccyNWR9S.s:101    .bss.byte_1:0000000000000000 byte_1
     /tmp/ccyNWR9S.s:95     .bss.byte_0:0000000000000000 byte_0
     /tmp/ccyNWR9S.s:92     .bss.byte_0:0000000000000000 $d
     /tmp/ccyNWR9S.s:98     .bss.byte_1:0000000000000000 $d

NO UNDEFINED SYMBOLS
