ARM GAS  /tmp/ccuyxlB8.s 			page 1


   1              		.cpu cortex-m4
   2              		.arch armv7e-m
   3              		.fpu fpv4-sp-d16
   4              		.eabi_attribute 27, 1
   5              		.eabi_attribute 28, 1
   6              		.eabi_attribute 20, 1
   7              		.eabi_attribute 21, 1
   8              		.eabi_attribute 23, 3
   9              		.eabi_attribute 24, 1
  10              		.eabi_attribute 25, 1
  11              		.eabi_attribute 26, 1
  12              		.eabi_attribute 30, 1
  13              		.eabi_attribute 34, 1
  14              		.eabi_attribute 18, 4
  15              		.file	"bsp_can.c"
  16              		.text
  17              	.Ltext0:
  18              		.cfi_sections	.debug_frame
  19              		.section	.text.CAN1_GPIO_Config,"ax",%progbits
  20              		.align	1
  21              		.syntax unified
  22              		.thumb
  23              		.thumb_func
  25              	CAN1_GPIO_Config:
  26              	.LFB123:
  27              		.file 1 "Lib/bsp/src/bsp_can.c"
   1:Lib/bsp/src/bsp_can.c **** #include "bsp_can.h"
   2:Lib/bsp/src/bsp_can.c **** 
   3:Lib/bsp/src/bsp_can.c **** __IO uint32_t flag;
   4:Lib/bsp/src/bsp_can.c **** 
   5:Lib/bsp/src/bsp_can.c **** CanTxMsg Can1_TxMessage; // å‘é€ç¼“å†²åŒº
   6:Lib/bsp/src/bsp_can.c **** CanRxMsg Can1_RxMessage; // æ¥æ”¶ç¼“å†²åŒº
   7:Lib/bsp/src/bsp_can.c **** 
   8:Lib/bsp/src/bsp_can.c **** uint8_t can1_rx_flag = 0;
   9:Lib/bsp/src/bsp_can.c **** 
  10:Lib/bsp/src/bsp_can.c **** static void CAN1_GPIO_Config(void)
  11:Lib/bsp/src/bsp_can.c **** {
  28              		.loc 1 11 1 view -0
  29              		.cfi_startproc
  30              		@ args = 0, pretend = 0, frame = 8
  31              		@ frame_needed = 0, uses_anonymous_args = 0
  32 0000 30B5     		push	{r4, r5, lr}
  33              		.cfi_def_cfa_offset 12
  34              		.cfi_offset 4, -12
  35              		.cfi_offset 5, -8
  36              		.cfi_offset 14, -4
  37 0002 83B0     		sub	sp, sp, #12
  38              		.cfi_def_cfa_offset 24
  12:Lib/bsp/src/bsp_can.c **** 
  13:Lib/bsp/src/bsp_can.c ****     GPIO_InitTypeDef GPIO_InitStructure;
  39              		.loc 1 13 5 view .LVU1
  14:Lib/bsp/src/bsp_can.c **** 
  15:Lib/bsp/src/bsp_can.c ****     /* ä½¿èƒ½GPIOæ—¶é’Ÿ*/
  16:Lib/bsp/src/bsp_can.c **** 
  17:Lib/bsp/src/bsp_can.c ****     RCC_APB1PeriphClockCmd(CAN1_CLK, ENABLE);
  40              		.loc 1 17 5 view .LVU2
  41 0004 0121     		movs	r1, #1
ARM GAS  /tmp/ccuyxlB8.s 			page 2


  42 0006 4FF00070 		mov	r0, #33554432
  43 000a FFF7FEFF 		bl	RCC_APB1PeriphClockCmd
  44              	.LVL0:
  18:Lib/bsp/src/bsp_can.c ****     RCC_AHB1PeriphClockCmd(CAN1_TX_GPIO_CLK | CAN1_RX_GPIO_CLK, ENABLE);
  45              		.loc 1 18 5 view .LVU3
  46 000e 0121     		movs	r1, #1
  47 0010 0846     		mov	r0, r1
  48 0012 FFF7FEFF 		bl	RCC_AHB1PeriphClockCmd
  49              	.LVL1:
  19:Lib/bsp/src/bsp_can.c **** 
  20:Lib/bsp/src/bsp_can.c ****     /* å¼•è„šæº*/
  21:Lib/bsp/src/bsp_can.c ****     GPIO_PinAFConfig(CAN1_TX_GPIO_PORT, CAN1_RX_SOURCE, CAN1_AF_PORT);
  50              		.loc 1 21 5 view .LVU4
  51 0016 144C     		ldr	r4, .L3
  52 0018 0922     		movs	r2, #9
  53 001a 0B21     		movs	r1, #11
  54 001c 2046     		mov	r0, r4
  55 001e FFF7FEFF 		bl	GPIO_PinAFConfig
  56              	.LVL2:
  22:Lib/bsp/src/bsp_can.c ****     GPIO_PinAFConfig(CAN1_RX_GPIO_PORT, CAN1_TX_SOURCE, CAN1_AF_PORT);
  57              		.loc 1 22 5 view .LVU5
  58 0022 0922     		movs	r2, #9
  59 0024 0C21     		movs	r1, #12
  60 0026 2046     		mov	r0, r4
  61 0028 FFF7FEFF 		bl	GPIO_PinAFConfig
  62              	.LVL3:
  23:Lib/bsp/src/bsp_can.c ****     /* é…ç½® CAN TX å¼•è„š */
  24:Lib/bsp/src/bsp_can.c ****     GPIO_InitStructure.GPIO_Pin = CAN1_TX_PIN;
  63              		.loc 1 24 5 view .LVU6
  64              		.loc 1 24 33 is_stmt 0 view .LVU7
  65 002c 4FF48053 		mov	r3, #4096
  66 0030 0093     		str	r3, [sp]
  25:Lib/bsp/src/bsp_can.c ****     GPIO_InitStructure.GPIO_Mode = GPIO_Mode_AF;
  67              		.loc 1 25 5 is_stmt 1 view .LVU8
  68              		.loc 1 25 34 is_stmt 0 view .LVU9
  69 0032 0225     		movs	r5, #2
  70 0034 8DF80450 		strb	r5, [sp, #4]
  26:Lib/bsp/src/bsp_can.c ****     GPIO_InitStructure.GPIO_Speed = GPIO_Speed_50MHz;
  71              		.loc 1 26 5 is_stmt 1 view .LVU10
  72              		.loc 1 26 35 is_stmt 0 view .LVU11
  73 0038 8DF80550 		strb	r5, [sp, #5]
  27:Lib/bsp/src/bsp_can.c ****     GPIO_InitStructure.GPIO_OType = GPIO_OType_PP;
  74              		.loc 1 27 5 is_stmt 1 view .LVU12
  75              		.loc 1 27 35 is_stmt 0 view .LVU13
  76 003c 0023     		movs	r3, #0
  77 003e 8DF80630 		strb	r3, [sp, #6]
  28:Lib/bsp/src/bsp_can.c ****     GPIO_InitStructure.GPIO_PuPd = GPIO_PuPd_UP;
  78              		.loc 1 28 5 is_stmt 1 view .LVU14
  79              		.loc 1 28 34 is_stmt 0 view .LVU15
  80 0042 0123     		movs	r3, #1
  81 0044 8DF80730 		strb	r3, [sp, #7]
  29:Lib/bsp/src/bsp_can.c ****     GPIO_Init(CAN1_TX_GPIO_PORT, &GPIO_InitStructure);
  82              		.loc 1 29 5 is_stmt 1 view .LVU16
  83 0048 6946     		mov	r1, sp
  84 004a 2046     		mov	r0, r4
  85 004c FFF7FEFF 		bl	GPIO_Init
  86              	.LVL4:
ARM GAS  /tmp/ccuyxlB8.s 			page 3


  30:Lib/bsp/src/bsp_can.c ****     /* é…ç½® CAN RX å¼•è„š */
  31:Lib/bsp/src/bsp_can.c ****     GPIO_InitStructure.GPIO_Pin = CAN1_RX_PIN;
  87              		.loc 1 31 5 view .LVU17
  88              		.loc 1 31 33 is_stmt 0 view .LVU18
  89 0050 4FF40063 		mov	r3, #2048
  90 0054 0093     		str	r3, [sp]
  32:Lib/bsp/src/bsp_can.c ****     GPIO_InitStructure.GPIO_Mode = GPIO_Mode_AF;
  91              		.loc 1 32 5 is_stmt 1 view .LVU19
  92              		.loc 1 32 34 is_stmt 0 view .LVU20
  93 0056 8DF80450 		strb	r5, [sp, #4]
  33:Lib/bsp/src/bsp_can.c ****     GPIO_Init(CAN1_RX_GPIO_PORT, &GPIO_InitStructure);
  94              		.loc 1 33 5 is_stmt 1 view .LVU21
  95 005a 6946     		mov	r1, sp
  96 005c 2046     		mov	r0, r4
  97 005e FFF7FEFF 		bl	GPIO_Init
  98              	.LVL5:
  34:Lib/bsp/src/bsp_can.c **** }
  99              		.loc 1 34 1 is_stmt 0 view .LVU22
 100 0062 03B0     		add	sp, sp, #12
 101              		.cfi_def_cfa_offset 12
 102              		@ sp needed
 103 0064 30BD     		pop	{r4, r5, pc}
 104              	.L4:
 105 0066 00BF     		.align	2
 106              	.L3:
 107 0068 00000240 		.word	1073872896
 108              		.cfi_endproc
 109              	.LFE123:
 111              		.section	.text.CAN2_GPIO_Config,"ax",%progbits
 112              		.align	1
 113              		.syntax unified
 114              		.thumb
 115              		.thumb_func
 117              	CAN2_GPIO_Config:
 118              	.LFB128:
  35:Lib/bsp/src/bsp_can.c **** 
  36:Lib/bsp/src/bsp_can.c **** static void CAN1_Mode_Config(void)
  37:Lib/bsp/src/bsp_can.c **** {
  38:Lib/bsp/src/bsp_can.c ****     CAN_InitTypeDef CAN_InitStructure;
  39:Lib/bsp/src/bsp_can.c ****     /************************CANé€šä¿¡å‚æ•°è®¾ç½®************************/
  40:Lib/bsp/src/bsp_can.c ****     /* Enable CAN clock */
  41:Lib/bsp/src/bsp_can.c ****     RCC_APB1PeriphClockCmd(CAN1_CLK, ENABLE);
  42:Lib/bsp/src/bsp_can.c **** 
  43:Lib/bsp/src/bsp_can.c ****     /*CANå¯„å­˜å™¨åˆå§‹åŒ–*/
  44:Lib/bsp/src/bsp_can.c ****     CAN_DeInit(CAN1);
  45:Lib/bsp/src/bsp_can.c ****     CAN_StructInit(&CAN_InitStructure);
  46:Lib/bsp/src/bsp_can.c **** 
  47:Lib/bsp/src/bsp_can.c ****     /*CANå•å…ƒåˆå§‹åŒ–*/
  48:Lib/bsp/src/bsp_can.c ****     CAN_InitStructure.CAN_TTCM = DISABLE;         // MCR-TTCM å…³é—­æ—¶é—´è§¦å‘é€šä¿¡æ¨¡å¼ä½¿èƒ½
  49:Lib/bsp/src/bsp_can.c ****     CAN_InitStructure.CAN_ABOM = DISABLE;         // MCR-ABOM ä½¿èƒ½è‡ªåŠ¨ç¦»çº¿ç®¡ç†
  50:Lib/bsp/src/bsp_can.c ****     CAN_InitStructure.CAN_AWUM = DISABLE;         // MCR-AWUM ä½¿ç”¨è‡ªåŠ¨å”¤é†’æ¨¡å¼
  51:Lib/bsp/src/bsp_can.c ****     CAN_InitStructure.CAN_NART = DISABLE;         // MCR-NART ç¦æ­¢æŠ¥æ–‡è‡ªåŠ¨é‡ä¼ 
  52:Lib/bsp/src/bsp_can.c ****     CAN_InitStructure.CAN_RFLM = DISABLE;         // MCR-RFLM æ¥æ”¶FIFO ä¸é”å®š
  53:Lib/bsp/src/bsp_can.c ****                                                   //  æº¢å‡ºæ—¶æ–°æŠ¥æ–‡ä¼šè¦†ç›–åŸæœ‰æŠ¥æ–‡
  54:Lib/bsp/src/bsp_can.c ****     CAN_InitStructure.CAN_TXFP = DISABLE;         // MCR-TXFP å‘é€FIFOä¼˜å…ˆçº§å–å†³äºæŠ¥æ–‡æ ‡
  55:Lib/bsp/src/bsp_can.c ****     CAN_InitStructure.CAN_Mode = CAN_Mode_Normal; // æ­£å¸¸å·¥ä½œæ¨¡å¼
  56:Lib/bsp/src/bsp_can.c ****     CAN_InitStructure.CAN_SJW = CAN_SJW_1tq;      // BTR-SJW é‡æ–°åŒæ­¥è·³è·ƒå®½åº¦ 2ä¸ªæ—¶é—´å•
ARM GAS  /tmp/ccuyxlB8.s 			page 4


  57:Lib/bsp/src/bsp_can.c **** 
  58:Lib/bsp/src/bsp_can.c ****     /* ss=1 bs1=5 bs2=3 ä½æ—¶é—´å®½åº¦ä¸º(1+5+3) æ³¢ç‰¹ç‡å³ä¸ºæ—¶é’Ÿå‘¨æœŸtq*(1+3+5) */
  59:Lib/bsp/src/bsp_can.c ****     CAN_InitStructure.CAN_BS1 = CAN_BS1_3tq; // BTR-TS1 æ—¶é—´æ®µ1 å ç”¨äº†5ä¸ªæ—¶é—´å•å…ƒ
  60:Lib/bsp/src/bsp_can.c ****     CAN_InitStructure.CAN_BS2 = CAN_BS2_3tq; // BTR-TS1 æ—¶é—´æ®µ2 å ç”¨äº†3ä¸ªæ—¶é—´å•å…ƒ
  61:Lib/bsp/src/bsp_can.c **** 
  62:Lib/bsp/src/bsp_can.c ****     /* CAN Baudrate = 1 MBps (1MBpså·²ä¸ºstm32çš„CANæœ€é«˜é€Ÿç‡) (CAN æ—¶é’Ÿé¢‘ç‡ä¸º APB 1 = 45 M
  63:Lib/bsp/src/bsp_can.c ****     ////BTR-BRP æ³¢ç‰¹ç‡åˆ†é¢‘å™¨å®šä¹‰äº†æ—¶é—´å•å…ƒçš„æ—¶é—´é•¿åº¦ 45/(1+5+3)/5=1 Mbps
  64:Lib/bsp/src/bsp_can.c ****     CAN_InitStructure.CAN_Prescaler = 6;
  65:Lib/bsp/src/bsp_can.c ****     CAN_Init(CAN1, &CAN_InitStructure);
  66:Lib/bsp/src/bsp_can.c **** }
  67:Lib/bsp/src/bsp_can.c **** 
  68:Lib/bsp/src/bsp_can.c **** static void CAN1_Filter_Config(void)
  69:Lib/bsp/src/bsp_can.c **** {
  70:Lib/bsp/src/bsp_can.c ****     CAN_FilterInitTypeDef CAN_FilterInitStructure;
  71:Lib/bsp/src/bsp_can.c **** 
  72:Lib/bsp/src/bsp_can.c ****     /*CANç­›é€‰å™¨åˆå§‹åŒ–*/
  73:Lib/bsp/src/bsp_can.c ****     CAN_FilterInitStructure.CAN_FilterNumber = 0; // ç­›é€‰å™¨ç»„0
  74:Lib/bsp/src/bsp_can.c ****     // å·¥ä½œåœ¨æ©ç æ¨¡å¼
  75:Lib/bsp/src/bsp_can.c ****     CAN_FilterInitStructure.CAN_FilterMode = CAN_FilterMode_IdMask;
  76:Lib/bsp/src/bsp_can.c ****     // ç­›é€‰å™¨ä½å®½ä¸ºå•ä¸ª32ä½ã€‚
  77:Lib/bsp/src/bsp_can.c ****     CAN_FilterInitStructure.CAN_FilterScale = CAN_FilterScale_32bit;
  78:Lib/bsp/src/bsp_can.c **** 
  79:Lib/bsp/src/bsp_can.c ****     /* ä½¿èƒ½ç­›é€‰å™¨ï¼ŒæŒ‰ç…§æ ‡å¿—ç¬¦çš„å†…å®¹è¿›è¡Œæ¯”å¯¹ç­›é€‰ï¼Œ
  80:Lib/bsp/src/bsp_can.c ****     æ‰©å±•IDä¸æ˜¯å¦‚ä¸‹çš„å°±æŠ›å¼ƒæ‰ï¼Œæ˜¯çš„è¯ï¼Œä¼šå­˜å…¥FIFO0ã€‚ */
  81:Lib/bsp/src/bsp_can.c ****     // è¦ç­›é€‰çš„IDé«˜ä½ï¼Œç¬¬0ä½ä¿ç•™ï¼Œç¬¬1ä½ä¸ºRTRæ ‡å¿—ï¼Œç¬¬2ä½ä¸ºIDEæ ‡å¿—ï¼Œä»ç¬¬3ä½
  82:Lib/bsp/src/bsp_can.c ****     CAN_FilterInitStructure.CAN_FilterIdHigh = 0;
  83:Lib/bsp/src/bsp_can.c **** 
  84:Lib/bsp/src/bsp_can.c ****     // è¦ç­›é€‰çš„IDä½ä½
  85:Lib/bsp/src/bsp_can.c ****     CAN_FilterInitStructure.CAN_FilterIdLow = 0;
  86:Lib/bsp/src/bsp_can.c ****     // ç­›é€‰å™¨é«˜16ä½æ¯ä½å¿…é¡»åŒ¹é…
  87:Lib/bsp/src/bsp_can.c ****     CAN_FilterInitStructure.CAN_FilterMaskIdHigh = 0;
  88:Lib/bsp/src/bsp_can.c ****     // ç­›é€‰å™¨ä½16ä½æ¯ä½å¿…é¡»åŒ¹é…
  89:Lib/bsp/src/bsp_can.c ****     CAN_FilterInitStructure.CAN_FilterMaskIdLow = 0;
  90:Lib/bsp/src/bsp_can.c ****     // ç­›é€‰å™¨è¢«å…³è”åˆ°FIFO0
  91:Lib/bsp/src/bsp_can.c ****     CAN_FilterInitStructure.CAN_FilterFIFOAssignment = CAN_Filter_FIFO0;
  92:Lib/bsp/src/bsp_can.c ****     // ä½¿èƒ½ç­›é€‰å™¨
  93:Lib/bsp/src/bsp_can.c ****     CAN_FilterInitStructure.CAN_FilterActivation = ENABLE;
  94:Lib/bsp/src/bsp_can.c ****     CAN_FilterInit(&CAN_FilterInitStructure);
  95:Lib/bsp/src/bsp_can.c ****     /*CANé€šä¿¡ä¸­æ–­ä½¿èƒ½*/
  96:Lib/bsp/src/bsp_can.c ****     CAN_ITConfig(CAN1, CAN_IT_FMP0, ENABLE);
  97:Lib/bsp/src/bsp_can.c **** }
  98:Lib/bsp/src/bsp_can.c **** 
  99:Lib/bsp/src/bsp_can.c **** static void CAN1_NVIC_Config(void)
 100:Lib/bsp/src/bsp_can.c **** {
 101:Lib/bsp/src/bsp_can.c ****     NVIC_InitTypeDef NVIC_InitStructure;
 102:Lib/bsp/src/bsp_can.c ****     /* Configure one bit for preemption priority */
 103:Lib/bsp/src/bsp_can.c ****     NVIC_PriorityGroupConfig(NVIC_PriorityGroup_1);
 104:Lib/bsp/src/bsp_can.c ****     /*ä¸­æ–­è®¾ç½®*/
 105:Lib/bsp/src/bsp_can.c **** 
 106:Lib/bsp/src/bsp_can.c ****     NVIC_InitStructure.NVIC_IRQChannel = CAN1_RX_IRQ; // CAN RXä¸­æ–­
 107:Lib/bsp/src/bsp_can.c ****     NVIC_InitStructure.NVIC_IRQChannelPreemptionPriority = 0;
 108:Lib/bsp/src/bsp_can.c ****     NVIC_InitStructure.NVIC_IRQChannelSubPriority = 1;
 109:Lib/bsp/src/bsp_can.c ****     NVIC_InitStructure.NVIC_IRQChannelCmd = ENABLE;
 110:Lib/bsp/src/bsp_can.c ****     NVIC_Init(&NVIC_InitStructure);
 111:Lib/bsp/src/bsp_can.c **** }
 112:Lib/bsp/src/bsp_can.c **** 
 113:Lib/bsp/src/bsp_can.c **** void CAN1_Config(void)
ARM GAS  /tmp/ccuyxlB8.s 			page 5


 114:Lib/bsp/src/bsp_can.c **** {
 115:Lib/bsp/src/bsp_can.c ****     CAN1_GPIO_Config();
 116:Lib/bsp/src/bsp_can.c ****     CAN1_Mode_Config();
 117:Lib/bsp/src/bsp_can.c **** 
 118:Lib/bsp/src/bsp_can.c ****     CAN1_NVIC_Config();
 119:Lib/bsp/src/bsp_can.c ****     CAN1_Filter_Config();
 120:Lib/bsp/src/bsp_can.c **** }
 121:Lib/bsp/src/bsp_can.c **** 
 122:Lib/bsp/src/bsp_can.c **** // CAN2 ============================================
 123:Lib/bsp/src/bsp_can.c **** 
 124:Lib/bsp/src/bsp_can.c **** CanTxMsg Can2_TxMessage; // å‘é€ç¼“å†²åŒº
 125:Lib/bsp/src/bsp_can.c **** CanRxMsg Can2_RxMessage; // æ¥æ”¶ç¼“å†²åŒº
 126:Lib/bsp/src/bsp_can.c **** 
 127:Lib/bsp/src/bsp_can.c **** // è´Ÿè½½å‡è¡¡
 128:Lib/bsp/src/bsp_can.c **** int can2_balance_flag_[20];
 129:Lib/bsp/src/bsp_can.c **** 
 130:Lib/bsp/src/bsp_can.c **** // è´Ÿè½½å‡è¡¡åˆ†ç±»ç¼“å†²åŒº
 131:Lib/bsp/src/bsp_can.c **** CanRxMsg Can2_RxBalance[20];
 132:Lib/bsp/src/bsp_can.c **** 
 133:Lib/bsp/src/bsp_can.c **** static void CAN2_GPIO_Config(void)
 134:Lib/bsp/src/bsp_can.c **** {
 119              		.loc 1 134 1 is_stmt 1 view -0
 120              		.cfi_startproc
 121              		@ args = 0, pretend = 0, frame = 8
 122              		@ frame_needed = 0, uses_anonymous_args = 0
 123 0000 30B5     		push	{r4, r5, lr}
 124              		.cfi_def_cfa_offset 12
 125              		.cfi_offset 4, -12
 126              		.cfi_offset 5, -8
 127              		.cfi_offset 14, -4
 128 0002 83B0     		sub	sp, sp, #12
 129              		.cfi_def_cfa_offset 24
 135:Lib/bsp/src/bsp_can.c **** 
 136:Lib/bsp/src/bsp_can.c ****     GPIO_InitTypeDef GPIO_InitStructure;
 130              		.loc 1 136 5 view .LVU24
 137:Lib/bsp/src/bsp_can.c **** 
 138:Lib/bsp/src/bsp_can.c ****     /* ä½¿èƒ½GPIOæ—¶é’Ÿ*/
 139:Lib/bsp/src/bsp_can.c **** 
 140:Lib/bsp/src/bsp_can.c ****     RCC_APB1PeriphClockCmd(CAN2_CLK, ENABLE);
 131              		.loc 1 140 5 view .LVU25
 132 0004 0121     		movs	r1, #1
 133 0006 4FF08060 		mov	r0, #67108864
 134 000a FFF7FEFF 		bl	RCC_APB1PeriphClockCmd
 135              	.LVL6:
 141:Lib/bsp/src/bsp_can.c ****     RCC_AHB1PeriphClockCmd(CAN2_TX_GPIO_CLK | CAN2_RX_GPIO_CLK, ENABLE);
 136              		.loc 1 141 5 view .LVU26
 137 000e 0121     		movs	r1, #1
 138 0010 0220     		movs	r0, #2
 139 0012 FFF7FEFF 		bl	RCC_AHB1PeriphClockCmd
 140              	.LVL7:
 142:Lib/bsp/src/bsp_can.c **** 
 143:Lib/bsp/src/bsp_can.c ****     /* å¼•è„šæº*/
 144:Lib/bsp/src/bsp_can.c ****     GPIO_PinAFConfig(CAN2_TX_GPIO_PORT, CAN2_RX_SOURCE, CAN2_AF_PORT);
 141              		.loc 1 144 5 view .LVU27
 142 0016 134C     		ldr	r4, .L7
 143 0018 0922     		movs	r2, #9
 144 001a 0521     		movs	r1, #5
ARM GAS  /tmp/ccuyxlB8.s 			page 6


 145 001c 2046     		mov	r0, r4
 146 001e FFF7FEFF 		bl	GPIO_PinAFConfig
 147              	.LVL8:
 145:Lib/bsp/src/bsp_can.c ****     GPIO_PinAFConfig(CAN2_RX_GPIO_PORT, CAN2_TX_SOURCE, CAN2_AF_PORT);
 148              		.loc 1 145 5 view .LVU28
 149 0022 0922     		movs	r2, #9
 150 0024 0621     		movs	r1, #6
 151 0026 2046     		mov	r0, r4
 152 0028 FFF7FEFF 		bl	GPIO_PinAFConfig
 153              	.LVL9:
 146:Lib/bsp/src/bsp_can.c ****     /* é…ç½® CAN TX å¼•è„š */
 147:Lib/bsp/src/bsp_can.c ****     GPIO_InitStructure.GPIO_Pin = CAN2_TX_PIN;
 154              		.loc 1 147 5 view .LVU29
 155              		.loc 1 147 33 is_stmt 0 view .LVU30
 156 002c 4023     		movs	r3, #64
 157 002e 0093     		str	r3, [sp]
 148:Lib/bsp/src/bsp_can.c ****     GPIO_InitStructure.GPIO_Mode = GPIO_Mode_AF;
 158              		.loc 1 148 5 is_stmt 1 view .LVU31
 159              		.loc 1 148 34 is_stmt 0 view .LVU32
 160 0030 0225     		movs	r5, #2
 161 0032 8DF80450 		strb	r5, [sp, #4]
 149:Lib/bsp/src/bsp_can.c ****     GPIO_InitStructure.GPIO_Speed = GPIO_Speed_50MHz;
 162              		.loc 1 149 5 is_stmt 1 view .LVU33
 163              		.loc 1 149 35 is_stmt 0 view .LVU34
 164 0036 8DF80550 		strb	r5, [sp, #5]
 150:Lib/bsp/src/bsp_can.c ****     GPIO_InitStructure.GPIO_OType = GPIO_OType_PP;
 165              		.loc 1 150 5 is_stmt 1 view .LVU35
 166              		.loc 1 150 35 is_stmt 0 view .LVU36
 167 003a 0023     		movs	r3, #0
 168 003c 8DF80630 		strb	r3, [sp, #6]
 151:Lib/bsp/src/bsp_can.c ****     GPIO_InitStructure.GPIO_PuPd = GPIO_PuPd_UP;
 169              		.loc 1 151 5 is_stmt 1 view .LVU37
 170              		.loc 1 151 34 is_stmt 0 view .LVU38
 171 0040 0123     		movs	r3, #1
 172 0042 8DF80730 		strb	r3, [sp, #7]
 152:Lib/bsp/src/bsp_can.c ****     GPIO_Init(CAN2_TX_GPIO_PORT, &GPIO_InitStructure);
 173              		.loc 1 152 5 is_stmt 1 view .LVU39
 174 0046 6946     		mov	r1, sp
 175 0048 2046     		mov	r0, r4
 176 004a FFF7FEFF 		bl	GPIO_Init
 177              	.LVL10:
 153:Lib/bsp/src/bsp_can.c ****     /* é…ç½® CAN RX å¼•è„š */
 154:Lib/bsp/src/bsp_can.c ****     GPIO_InitStructure.GPIO_Pin = CAN2_RX_PIN;
 178              		.loc 1 154 5 view .LVU40
 179              		.loc 1 154 33 is_stmt 0 view .LVU41
 180 004e 2023     		movs	r3, #32
 181 0050 0093     		str	r3, [sp]
 155:Lib/bsp/src/bsp_can.c ****     GPIO_InitStructure.GPIO_Mode = GPIO_Mode_AF;
 182              		.loc 1 155 5 is_stmt 1 view .LVU42
 183              		.loc 1 155 34 is_stmt 0 view .LVU43
 184 0052 8DF80450 		strb	r5, [sp, #4]
 156:Lib/bsp/src/bsp_can.c ****     GPIO_Init(CAN2_RX_GPIO_PORT, &GPIO_InitStructure);
 185              		.loc 1 156 5 is_stmt 1 view .LVU44
 186 0056 6946     		mov	r1, sp
 187 0058 2046     		mov	r0, r4
 188 005a FFF7FEFF 		bl	GPIO_Init
 189              	.LVL11:
ARM GAS  /tmp/ccuyxlB8.s 			page 7


 157:Lib/bsp/src/bsp_can.c **** }
 190              		.loc 1 157 1 is_stmt 0 view .LVU45
 191 005e 03B0     		add	sp, sp, #12
 192              		.cfi_def_cfa_offset 12
 193              		@ sp needed
 194 0060 30BD     		pop	{r4, r5, pc}
 195              	.L8:
 196 0062 00BF     		.align	2
 197              	.L7:
 198 0064 00040240 		.word	1073873920
 199              		.cfi_endproc
 200              	.LFE128:
 202              		.section	.text.CAN1_Mode_Config,"ax",%progbits
 203              		.align	1
 204              		.syntax unified
 205              		.thumb
 206              		.thumb_func
 208              	CAN1_Mode_Config:
 209              	.LFB124:
  37:Lib/bsp/src/bsp_can.c ****     CAN_InitTypeDef CAN_InitStructure;
 210              		.loc 1 37 1 is_stmt 1 view -0
 211              		.cfi_startproc
 212              		@ args = 0, pretend = 0, frame = 16
 213              		@ frame_needed = 0, uses_anonymous_args = 0
 214 0000 10B5     		push	{r4, lr}
 215              		.cfi_def_cfa_offset 8
 216              		.cfi_offset 4, -8
 217              		.cfi_offset 14, -4
 218 0002 84B0     		sub	sp, sp, #16
 219              		.cfi_def_cfa_offset 24
  38:Lib/bsp/src/bsp_can.c ****     /************************CANé€šä¿¡å‚æ•°è®¾ç½®************************/
 220              		.loc 1 38 5 view .LVU47
  41:Lib/bsp/src/bsp_can.c **** 
 221              		.loc 1 41 5 view .LVU48
 222 0004 0121     		movs	r1, #1
 223 0006 4FF00070 		mov	r0, #33554432
 224 000a FFF7FEFF 		bl	RCC_APB1PeriphClockCmd
 225              	.LVL12:
  44:Lib/bsp/src/bsp_can.c ****     CAN_StructInit(&CAN_InitStructure);
 226              		.loc 1 44 5 view .LVU49
 227 000e 134C     		ldr	r4, .L11
 228 0010 2046     		mov	r0, r4
 229 0012 FFF7FEFF 		bl	CAN_DeInit
 230              	.LVL13:
  45:Lib/bsp/src/bsp_can.c **** 
 231              		.loc 1 45 5 view .LVU50
 232 0016 01A8     		add	r0, sp, #4
 233 0018 FFF7FEFF 		bl	CAN_StructInit
 234              	.LVL14:
  48:Lib/bsp/src/bsp_can.c ****     CAN_InitStructure.CAN_ABOM = DISABLE;         // MCR-ABOM ä½¿èƒ½è‡ªåŠ¨ç¦»çº¿ç®¡ç†
 235              		.loc 1 48 5 view .LVU51
  48:Lib/bsp/src/bsp_can.c ****     CAN_InitStructure.CAN_ABOM = DISABLE;         // MCR-ABOM ä½¿èƒ½è‡ªåŠ¨ç¦»çº¿ç®¡ç†
 236              		.loc 1 48 32 is_stmt 0 view .LVU52
 237 001c 0023     		movs	r3, #0
 238 001e 8DF80A30 		strb	r3, [sp, #10]
  49:Lib/bsp/src/bsp_can.c ****     CAN_InitStructure.CAN_AWUM = DISABLE;         // MCR-AWUM ä½¿ç”¨è‡ªåŠ¨å”¤é†’æ¨¡å¼
 239              		.loc 1 49 5 is_stmt 1 view .LVU53
ARM GAS  /tmp/ccuyxlB8.s 			page 8


  49:Lib/bsp/src/bsp_can.c ****     CAN_InitStructure.CAN_AWUM = DISABLE;         // MCR-AWUM ä½¿ç”¨è‡ªåŠ¨å”¤é†’æ¨¡å¼
 240              		.loc 1 49 32 is_stmt 0 view .LVU54
 241 0022 8DF80B30 		strb	r3, [sp, #11]
  50:Lib/bsp/src/bsp_can.c ****     CAN_InitStructure.CAN_NART = DISABLE;         // MCR-NART ç¦æ­¢æŠ¥æ–‡è‡ªåŠ¨é‡ä¼ 
 242              		.loc 1 50 5 is_stmt 1 view .LVU55
  50:Lib/bsp/src/bsp_can.c ****     CAN_InitStructure.CAN_NART = DISABLE;         // MCR-NART ç¦æ­¢æŠ¥æ–‡è‡ªåŠ¨é‡ä¼ 
 243              		.loc 1 50 32 is_stmt 0 view .LVU56
 244 0026 8DF80C30 		strb	r3, [sp, #12]
  51:Lib/bsp/src/bsp_can.c ****     CAN_InitStructure.CAN_RFLM = DISABLE;         // MCR-RFLM æ¥æ”¶FIFO ä¸é”å®š
 245              		.loc 1 51 5 is_stmt 1 view .LVU57
  51:Lib/bsp/src/bsp_can.c ****     CAN_InitStructure.CAN_RFLM = DISABLE;         // MCR-RFLM æ¥æ”¶FIFO ä¸é”å®š
 246              		.loc 1 51 32 is_stmt 0 view .LVU58
 247 002a 8DF80D30 		strb	r3, [sp, #13]
  52:Lib/bsp/src/bsp_can.c ****                                                   //  æº¢å‡ºæ—¶æ–°æŠ¥æ–‡ä¼šè¦†ç›–åŸæœ‰æŠ¥æ–‡
 248              		.loc 1 52 5 is_stmt 1 view .LVU59
  52:Lib/bsp/src/bsp_can.c ****                                                   //  æº¢å‡ºæ—¶æ–°æŠ¥æ–‡ä¼šè¦†ç›–åŸæœ‰æŠ¥æ–‡
 249              		.loc 1 52 32 is_stmt 0 view .LVU60
 250 002e 8DF80E30 		strb	r3, [sp, #14]
  54:Lib/bsp/src/bsp_can.c ****     CAN_InitStructure.CAN_Mode = CAN_Mode_Normal; // æ­£å¸¸å·¥ä½œæ¨¡å¼
 251              		.loc 1 54 5 is_stmt 1 view .LVU61
  54:Lib/bsp/src/bsp_can.c ****     CAN_InitStructure.CAN_Mode = CAN_Mode_Normal; // æ­£å¸¸å·¥ä½œæ¨¡å¼
 252              		.loc 1 54 32 is_stmt 0 view .LVU62
 253 0032 8DF80F30 		strb	r3, [sp, #15]
  55:Lib/bsp/src/bsp_can.c ****     CAN_InitStructure.CAN_SJW = CAN_SJW_1tq;      // BTR-SJW é‡æ–°åŒæ­¥è·³è·ƒå®½åº¦ 2ä¸ªæ—¶é—´å•
 254              		.loc 1 55 5 is_stmt 1 view .LVU63
  55:Lib/bsp/src/bsp_can.c ****     CAN_InitStructure.CAN_SJW = CAN_SJW_1tq;      // BTR-SJW é‡æ–°åŒæ­¥è·³è·ƒå®½åº¦ 2ä¸ªæ—¶é—´å•
 255              		.loc 1 55 32 is_stmt 0 view .LVU64
 256 0036 8DF80630 		strb	r3, [sp, #6]
  56:Lib/bsp/src/bsp_can.c **** 
 257              		.loc 1 56 5 is_stmt 1 view .LVU65
  56:Lib/bsp/src/bsp_can.c **** 
 258              		.loc 1 56 31 is_stmt 0 view .LVU66
 259 003a 8DF80730 		strb	r3, [sp, #7]
  59:Lib/bsp/src/bsp_can.c ****     CAN_InitStructure.CAN_BS2 = CAN_BS2_3tq; // BTR-TS1 æ—¶é—´æ®µ2 å ç”¨äº†3ä¸ªæ—¶é—´å•å…ƒ
 260              		.loc 1 59 5 is_stmt 1 view .LVU67
  59:Lib/bsp/src/bsp_can.c ****     CAN_InitStructure.CAN_BS2 = CAN_BS2_3tq; // BTR-TS1 æ—¶é—´æ®µ2 å ç”¨äº†3ä¸ªæ—¶é—´å•å…ƒ
 261              		.loc 1 59 31 is_stmt 0 view .LVU68
 262 003e 0223     		movs	r3, #2
 263 0040 8DF80830 		strb	r3, [sp, #8]
  60:Lib/bsp/src/bsp_can.c **** 
 264              		.loc 1 60 5 is_stmt 1 view .LVU69
  60:Lib/bsp/src/bsp_can.c **** 
 265              		.loc 1 60 31 is_stmt 0 view .LVU70
 266 0044 8DF80930 		strb	r3, [sp, #9]
  64:Lib/bsp/src/bsp_can.c ****     CAN_Init(CAN1, &CAN_InitStructure);
 267              		.loc 1 64 5 is_stmt 1 view .LVU71
  64:Lib/bsp/src/bsp_can.c ****     CAN_Init(CAN1, &CAN_InitStructure);
 268              		.loc 1 64 37 is_stmt 0 view .LVU72
 269 0048 0623     		movs	r3, #6
 270 004a ADF80430 		strh	r3, [sp, #4]	@ movhi
  65:Lib/bsp/src/bsp_can.c **** }
 271              		.loc 1 65 5 is_stmt 1 view .LVU73
 272 004e 01A9     		add	r1, sp, #4
 273 0050 2046     		mov	r0, r4
 274 0052 FFF7FEFF 		bl	CAN_Init
 275              	.LVL15:
  66:Lib/bsp/src/bsp_can.c **** 
ARM GAS  /tmp/ccuyxlB8.s 			page 9


 276              		.loc 1 66 1 is_stmt 0 view .LVU74
 277 0056 04B0     		add	sp, sp, #16
 278              		.cfi_def_cfa_offset 8
 279              		@ sp needed
 280 0058 10BD     		pop	{r4, pc}
 281              	.L12:
 282 005a 00BF     		.align	2
 283              	.L11:
 284 005c 00640040 		.word	1073767424
 285              		.cfi_endproc
 286              	.LFE124:
 288              		.section	.text.CAN2_Mode_Config,"ax",%progbits
 289              		.align	1
 290              		.syntax unified
 291              		.thumb
 292              		.thumb_func
 294              	CAN2_Mode_Config:
 295              	.LFB129:
 158:Lib/bsp/src/bsp_can.c **** 
 159:Lib/bsp/src/bsp_can.c **** static void CAN2_Mode_Config(void)
 160:Lib/bsp/src/bsp_can.c **** {
 296              		.loc 1 160 1 is_stmt 1 view -0
 297              		.cfi_startproc
 298              		@ args = 0, pretend = 0, frame = 16
 299              		@ frame_needed = 0, uses_anonymous_args = 0
 300 0000 10B5     		push	{r4, lr}
 301              		.cfi_def_cfa_offset 8
 302              		.cfi_offset 4, -8
 303              		.cfi_offset 14, -4
 304 0002 84B0     		sub	sp, sp, #16
 305              		.cfi_def_cfa_offset 24
 161:Lib/bsp/src/bsp_can.c ****     CAN_InitTypeDef CAN_InitStructure;
 306              		.loc 1 161 5 view .LVU76
 162:Lib/bsp/src/bsp_can.c ****     /************************CANé€šä¿¡å‚æ•°è®¾ç½®************************/
 163:Lib/bsp/src/bsp_can.c ****     /* Enable CAN clock */
 164:Lib/bsp/src/bsp_can.c **** 
 165:Lib/bsp/src/bsp_can.c ****     RCC_APB1PeriphClockCmd(CAN1_CLK, ENABLE); // å†å¼€å¯CAN2æ—¶é’Ÿ
 307              		.loc 1 165 5 view .LVU77
 308 0004 0121     		movs	r1, #1
 309 0006 4FF00070 		mov	r0, #33554432
 310 000a FFF7FEFF 		bl	RCC_APB1PeriphClockCmd
 311              	.LVL16:
 166:Lib/bsp/src/bsp_can.c ****     RCC_APB1PeriphClockCmd(CAN2_CLK, ENABLE);
 312              		.loc 1 166 5 view .LVU78
 313 000e 0121     		movs	r1, #1
 314 0010 4FF08060 		mov	r0, #67108864
 315 0014 FFF7FEFF 		bl	RCC_APB1PeriphClockCmd
 316              	.LVL17:
 167:Lib/bsp/src/bsp_can.c **** 
 168:Lib/bsp/src/bsp_can.c ****     /*CANå¯„å­˜å™¨åˆå§‹åŒ–*/
 169:Lib/bsp/src/bsp_can.c ****     CAN_DeInit(CAN2);
 317              		.loc 1 169 5 view .LVU79
 318 0018 124C     		ldr	r4, .L15
 319 001a 2046     		mov	r0, r4
 320 001c FFF7FEFF 		bl	CAN_DeInit
 321              	.LVL18:
 170:Lib/bsp/src/bsp_can.c ****     CAN_StructInit(&CAN_InitStructure);
ARM GAS  /tmp/ccuyxlB8.s 			page 10


 322              		.loc 1 170 5 view .LVU80
 323 0020 01A8     		add	r0, sp, #4
 324 0022 FFF7FEFF 		bl	CAN_StructInit
 325              	.LVL19:
 171:Lib/bsp/src/bsp_can.c **** 
 172:Lib/bsp/src/bsp_can.c ****     /*CANå•å…ƒåˆå§‹åŒ–*/
 173:Lib/bsp/src/bsp_can.c ****     CAN_InitStructure.CAN_TTCM = DISABLE;         // MCR-TTCM å…³é—­æ—¶é—´è§¦å‘é€šä¿¡æ¨¡å¼ä½¿èƒ½
 326              		.loc 1 173 5 view .LVU81
 327              		.loc 1 173 32 is_stmt 0 view .LVU82
 328 0026 0023     		movs	r3, #0
 329 0028 8DF80A30 		strb	r3, [sp, #10]
 174:Lib/bsp/src/bsp_can.c ****     CAN_InitStructure.CAN_ABOM = DISABLE;         // MCR-ABOM ä½¿èƒ½è‡ªåŠ¨ç¦»çº¿ç®¡ç†
 330              		.loc 1 174 5 is_stmt 1 view .LVU83
 331              		.loc 1 174 32 is_stmt 0 view .LVU84
 332 002c 8DF80B30 		strb	r3, [sp, #11]
 175:Lib/bsp/src/bsp_can.c ****     CAN_InitStructure.CAN_AWUM = DISABLE;         // MCR-AWUM ä½¿ç”¨è‡ªåŠ¨å”¤é†’æ¨¡å¼
 333              		.loc 1 175 5 is_stmt 1 view .LVU85
 334              		.loc 1 175 32 is_stmt 0 view .LVU86
 335 0030 8DF80C30 		strb	r3, [sp, #12]
 176:Lib/bsp/src/bsp_can.c ****     CAN_InitStructure.CAN_NART = DISABLE;         // MCR-NART ç¦æ­¢æŠ¥æ–‡è‡ªåŠ¨é‡ä¼ 
 336              		.loc 1 176 5 is_stmt 1 view .LVU87
 337              		.loc 1 176 32 is_stmt 0 view .LVU88
 338 0034 8DF80D30 		strb	r3, [sp, #13]
 177:Lib/bsp/src/bsp_can.c ****     CAN_InitStructure.CAN_RFLM = DISABLE;         // MCR-RFLM æ¥æ”¶FIFO ä¸é”å®š
 339              		.loc 1 177 5 is_stmt 1 view .LVU89
 340              		.loc 1 177 32 is_stmt 0 view .LVU90
 341 0038 8DF80E30 		strb	r3, [sp, #14]
 178:Lib/bsp/src/bsp_can.c ****                                                   //  æº¢å‡ºæ—¶æ–°æŠ¥æ–‡ä¼šè¦†ç›–åŸæœ‰æŠ¥æ–‡
 179:Lib/bsp/src/bsp_can.c ****     CAN_InitStructure.CAN_TXFP = DISABLE;         // MCR-TXFP å‘é€FIFOä¼˜å…ˆçº§å–å†³äºæŠ¥æ–‡æ ‡
 342              		.loc 1 179 5 is_stmt 1 view .LVU91
 343              		.loc 1 179 32 is_stmt 0 view .LVU92
 344 003c 8DF80F30 		strb	r3, [sp, #15]
 180:Lib/bsp/src/bsp_can.c ****     CAN_InitStructure.CAN_Mode = CAN_Mode_Normal; // æ­£å¸¸å·¥ä½œæ¨¡å¼
 345              		.loc 1 180 5 is_stmt 1 view .LVU93
 346              		.loc 1 180 32 is_stmt 0 view .LVU94
 347 0040 8DF80630 		strb	r3, [sp, #6]
 181:Lib/bsp/src/bsp_can.c ****     CAN_InitStructure.CAN_SJW = CAN_SJW_1tq;      // BTR-SJW é‡æ–°åŒæ­¥è·³è·ƒå®½åº¦ 2ä¸ªæ—¶é—´å•
 348              		.loc 1 181 5 is_stmt 1 view .LVU95
 349              		.loc 1 181 31 is_stmt 0 view .LVU96
 350 0044 8DF80730 		strb	r3, [sp, #7]
 182:Lib/bsp/src/bsp_can.c **** 
 183:Lib/bsp/src/bsp_can.c ****     /* ss=1 bs1=5 bs2=3 ä½æ—¶é—´å®½åº¦ä¸º(1+5+3) æ³¢ç‰¹ç‡å³ä¸ºæ—¶é’Ÿå‘¨æœŸtq*(1+3+5) */
 184:Lib/bsp/src/bsp_can.c ****     CAN_InitStructure.CAN_BS1 = CAN_BS1_3tq; // BTR-TS1 æ—¶é—´æ®µ1 å ç”¨äº†5ä¸ªæ—¶é—´å•å…ƒ
 351              		.loc 1 184 5 is_stmt 1 view .LVU97
 352              		.loc 1 184 31 is_stmt 0 view .LVU98
 353 0048 0223     		movs	r3, #2
 354 004a 8DF80830 		strb	r3, [sp, #8]
 185:Lib/bsp/src/bsp_can.c ****     CAN_InitStructure.CAN_BS2 = CAN_BS2_3tq; // BTR-TS1 æ—¶é—´æ®µ2 å ç”¨äº†3ä¸ªæ—¶é—´å•å…ƒ
 355              		.loc 1 185 5 is_stmt 1 view .LVU99
 356              		.loc 1 185 31 is_stmt 0 view .LVU100
 357 004e 8DF80930 		strb	r3, [sp, #9]
 186:Lib/bsp/src/bsp_can.c **** 
 187:Lib/bsp/src/bsp_can.c ****     /* CAN Baudrate = 1 MBps (1MBpså·²ä¸ºstm32çš„CANæœ€é«˜é€Ÿç‡) (CAN æ—¶é’Ÿé¢‘ç‡ä¸º APB 1 = 45 M
 188:Lib/bsp/src/bsp_can.c ****     ////BTR-BRP æ³¢ç‰¹ç‡åˆ†é¢‘å™¨å®šä¹‰äº†æ—¶é—´å•å…ƒçš„æ—¶é—´é•¿åº¦ 45/(1+5+3)/5=1 Mbps
 189:Lib/bsp/src/bsp_can.c ****     CAN_InitStructure.CAN_Prescaler = 6;
 358              		.loc 1 189 5 is_stmt 1 view .LVU101
 359              		.loc 1 189 37 is_stmt 0 view .LVU102
ARM GAS  /tmp/ccuyxlB8.s 			page 11


 360 0052 0623     		movs	r3, #6
 361 0054 ADF80430 		strh	r3, [sp, #4]	@ movhi
 190:Lib/bsp/src/bsp_can.c ****     CAN_Init(CAN2, &CAN_InitStructure);
 362              		.loc 1 190 5 is_stmt 1 view .LVU103
 363 0058 01A9     		add	r1, sp, #4
 364 005a 2046     		mov	r0, r4
 365 005c FFF7FEFF 		bl	CAN_Init
 366              	.LVL20:
 191:Lib/bsp/src/bsp_can.c **** }
 367              		.loc 1 191 1 is_stmt 0 view .LVU104
 368 0060 04B0     		add	sp, sp, #16
 369              		.cfi_def_cfa_offset 8
 370              		@ sp needed
 371 0062 10BD     		pop	{r4, pc}
 372              	.L16:
 373              		.align	2
 374              	.L15:
 375 0064 00680040 		.word	1073768448
 376              		.cfi_endproc
 377              	.LFE129:
 379              		.section	.text.CAN1_NVIC_Config,"ax",%progbits
 380              		.align	1
 381              		.syntax unified
 382              		.thumb
 383              		.thumb_func
 385              	CAN1_NVIC_Config:
 386              	.LFB126:
 100:Lib/bsp/src/bsp_can.c ****     NVIC_InitTypeDef NVIC_InitStructure;
 387              		.loc 1 100 1 is_stmt 1 view -0
 388              		.cfi_startproc
 389              		@ args = 0, pretend = 0, frame = 8
 390              		@ frame_needed = 0, uses_anonymous_args = 0
 391 0000 00B5     		push	{lr}
 392              		.cfi_def_cfa_offset 4
 393              		.cfi_offset 14, -4
 394 0002 83B0     		sub	sp, sp, #12
 395              		.cfi_def_cfa_offset 16
 101:Lib/bsp/src/bsp_can.c ****     /* Configure one bit for preemption priority */
 396              		.loc 1 101 5 view .LVU106
 103:Lib/bsp/src/bsp_can.c ****     /*ä¸­æ–­è®¾ç½®*/
 397              		.loc 1 103 5 view .LVU107
 398 0004 4FF4C060 		mov	r0, #1536
 399 0008 FFF7FEFF 		bl	NVIC_PriorityGroupConfig
 400              	.LVL21:
 106:Lib/bsp/src/bsp_can.c ****     NVIC_InitStructure.NVIC_IRQChannelPreemptionPriority = 0;
 401              		.loc 1 106 5 view .LVU108
 106:Lib/bsp/src/bsp_can.c ****     NVIC_InitStructure.NVIC_IRQChannelPreemptionPriority = 0;
 402              		.loc 1 106 40 is_stmt 0 view .LVU109
 403 000c 1423     		movs	r3, #20
 404 000e 8DF80430 		strb	r3, [sp, #4]
 107:Lib/bsp/src/bsp_can.c ****     NVIC_InitStructure.NVIC_IRQChannelSubPriority = 1;
 405              		.loc 1 107 5 is_stmt 1 view .LVU110
 107:Lib/bsp/src/bsp_can.c ****     NVIC_InitStructure.NVIC_IRQChannelSubPriority = 1;
 406              		.loc 1 107 58 is_stmt 0 view .LVU111
 407 0012 0023     		movs	r3, #0
 408 0014 8DF80530 		strb	r3, [sp, #5]
 108:Lib/bsp/src/bsp_can.c ****     NVIC_InitStructure.NVIC_IRQChannelCmd = ENABLE;
ARM GAS  /tmp/ccuyxlB8.s 			page 12


 409              		.loc 1 108 5 is_stmt 1 view .LVU112
 108:Lib/bsp/src/bsp_can.c ****     NVIC_InitStructure.NVIC_IRQChannelCmd = ENABLE;
 410              		.loc 1 108 51 is_stmt 0 view .LVU113
 411 0018 0123     		movs	r3, #1
 412 001a 8DF80630 		strb	r3, [sp, #6]
 109:Lib/bsp/src/bsp_can.c ****     NVIC_Init(&NVIC_InitStructure);
 413              		.loc 1 109 5 is_stmt 1 view .LVU114
 109:Lib/bsp/src/bsp_can.c ****     NVIC_Init(&NVIC_InitStructure);
 414              		.loc 1 109 43 is_stmt 0 view .LVU115
 415 001e 8DF80730 		strb	r3, [sp, #7]
 110:Lib/bsp/src/bsp_can.c **** }
 416              		.loc 1 110 5 is_stmt 1 view .LVU116
 417 0022 01A8     		add	r0, sp, #4
 418 0024 FFF7FEFF 		bl	NVIC_Init
 419              	.LVL22:
 111:Lib/bsp/src/bsp_can.c **** 
 420              		.loc 1 111 1 is_stmt 0 view .LVU117
 421 0028 03B0     		add	sp, sp, #12
 422              		.cfi_def_cfa_offset 4
 423              		@ sp needed
 424 002a 5DF804FB 		ldr	pc, [sp], #4
 425              		.cfi_endproc
 426              	.LFE126:
 428              		.section	.text.CAN2_NVIC_Config,"ax",%progbits
 429              		.align	1
 430              		.syntax unified
 431              		.thumb
 432              		.thumb_func
 434              	CAN2_NVIC_Config:
 435              	.LFB131:
 192:Lib/bsp/src/bsp_can.c **** 
 193:Lib/bsp/src/bsp_can.c **** static void CAN2_Filter_Config(void)
 194:Lib/bsp/src/bsp_can.c **** {
 195:Lib/bsp/src/bsp_can.c ****     CAN_FilterInitTypeDef CAN_FilterInitStructure;
 196:Lib/bsp/src/bsp_can.c **** 
 197:Lib/bsp/src/bsp_can.c ****     /*CANç­›é€‰å™¨åˆå§‹åŒ–*/
 198:Lib/bsp/src/bsp_can.c ****     CAN_FilterInitStructure.CAN_FilterNumber = 14; // ç­›é€‰å™¨ç»„0
 199:Lib/bsp/src/bsp_can.c ****     // å·¥ä½œåœ¨æ©ç æ¨¡å¼
 200:Lib/bsp/src/bsp_can.c ****     CAN_FilterInitStructure.CAN_FilterMode = CAN_FilterMode_IdMask;
 201:Lib/bsp/src/bsp_can.c ****     // ç­›é€‰å™¨ä½å®½ä¸ºå•ä¸ª32ä½ã€‚
 202:Lib/bsp/src/bsp_can.c ****     CAN_FilterInitStructure.CAN_FilterScale = CAN_FilterScale_32bit;
 203:Lib/bsp/src/bsp_can.c **** 
 204:Lib/bsp/src/bsp_can.c ****     /* ä½¿èƒ½ç­›é€‰å™¨ï¼ŒæŒ‰ç…§æ ‡å¿—ç¬¦çš„å†…å®¹è¿›è¡Œæ¯”å¯¹ç­›é€‰ï¼Œ
 205:Lib/bsp/src/bsp_can.c ****     æ‰©å±•IDä¸æ˜¯å¦‚ä¸‹çš„å°±æŠ›å¼ƒæ‰ï¼Œæ˜¯çš„è¯ï¼Œä¼šå­˜å…¥FIFO0ã€‚ */
 206:Lib/bsp/src/bsp_can.c ****     // è¦ç­›é€‰çš„IDé«˜ä½ï¼Œç¬¬0ä½ä¿ç•™ï¼Œç¬¬1ä½ä¸ºRTRæ ‡å¿—ï¼Œç¬¬2ä½ä¸ºIDEæ ‡å¿—ï¼Œä»ç¬¬3ä½
 207:Lib/bsp/src/bsp_can.c ****     CAN_FilterInitStructure.CAN_FilterIdHigh = 0;
 208:Lib/bsp/src/bsp_can.c **** 
 209:Lib/bsp/src/bsp_can.c ****     // è¦ç­›é€‰çš„IDä½ä½
 210:Lib/bsp/src/bsp_can.c ****     CAN_FilterInitStructure.CAN_FilterIdLow = 0;
 211:Lib/bsp/src/bsp_can.c ****     // ç­›é€‰å™¨é«˜16ä½æ¯ä½å¿…é¡»åŒ¹é…
 212:Lib/bsp/src/bsp_can.c ****     CAN_FilterInitStructure.CAN_FilterMaskIdHigh = 0;
 213:Lib/bsp/src/bsp_can.c ****     // ç­›é€‰å™¨ä½16ä½æ¯ä½å¿…é¡»åŒ¹é…
 214:Lib/bsp/src/bsp_can.c ****     CAN_FilterInitStructure.CAN_FilterMaskIdLow = 0;
 215:Lib/bsp/src/bsp_can.c ****     // ç­›é€‰å™¨è¢«å…³è”åˆ°FIFO0
 216:Lib/bsp/src/bsp_can.c ****     CAN_FilterInitStructure.CAN_FilterFIFOAssignment = CAN_Filter_FIFO0;
 217:Lib/bsp/src/bsp_can.c ****     // ä½¿èƒ½ç­›é€‰å™¨
 218:Lib/bsp/src/bsp_can.c ****     CAN_FilterInitStructure.CAN_FilterActivation = ENABLE;
ARM GAS  /tmp/ccuyxlB8.s 			page 13


 219:Lib/bsp/src/bsp_can.c ****     CAN_FilterInit(&CAN_FilterInitStructure);
 220:Lib/bsp/src/bsp_can.c ****     /*CANé€šä¿¡ä¸­æ–­ä½¿èƒ½*/
 221:Lib/bsp/src/bsp_can.c ****     CAN_ITConfig(CAN2, CAN_IT_FMP0, ENABLE);
 222:Lib/bsp/src/bsp_can.c **** }
 223:Lib/bsp/src/bsp_can.c **** 
 224:Lib/bsp/src/bsp_can.c **** static void CAN2_NVIC_Config(void)
 225:Lib/bsp/src/bsp_can.c **** {
 436              		.loc 1 225 1 is_stmt 1 view -0
 437              		.cfi_startproc
 438              		@ args = 0, pretend = 0, frame = 8
 439              		@ frame_needed = 0, uses_anonymous_args = 0
 440 0000 00B5     		push	{lr}
 441              		.cfi_def_cfa_offset 4
 442              		.cfi_offset 14, -4
 443 0002 83B0     		sub	sp, sp, #12
 444              		.cfi_def_cfa_offset 16
 226:Lib/bsp/src/bsp_can.c ****     NVIC_InitTypeDef NVIC_InitStructure;
 445              		.loc 1 226 5 view .LVU119
 227:Lib/bsp/src/bsp_can.c ****     /* Configure one bit for preemption priority */
 228:Lib/bsp/src/bsp_can.c ****     NVIC_PriorityGroupConfig(NVIC_PriorityGroup_1);
 446              		.loc 1 228 5 view .LVU120
 447 0004 4FF4C060 		mov	r0, #1536
 448 0008 FFF7FEFF 		bl	NVIC_PriorityGroupConfig
 449              	.LVL23:
 229:Lib/bsp/src/bsp_can.c ****     /*ä¸­æ–­è®¾ç½®*/
 230:Lib/bsp/src/bsp_can.c **** 
 231:Lib/bsp/src/bsp_can.c ****     NVIC_InitStructure.NVIC_IRQChannel = CAN2_RX_IRQ; // CAN RXä¸­æ–­
 450              		.loc 1 231 5 view .LVU121
 451              		.loc 1 231 40 is_stmt 0 view .LVU122
 452 000c 4023     		movs	r3, #64
 453 000e 8DF80430 		strb	r3, [sp, #4]
 232:Lib/bsp/src/bsp_can.c ****     NVIC_InitStructure.NVIC_IRQChannelPreemptionPriority = 0;
 454              		.loc 1 232 5 is_stmt 1 view .LVU123
 455              		.loc 1 232 58 is_stmt 0 view .LVU124
 456 0012 0023     		movs	r3, #0
 457 0014 8DF80530 		strb	r3, [sp, #5]
 233:Lib/bsp/src/bsp_can.c ****     NVIC_InitStructure.NVIC_IRQChannelSubPriority = 1;
 458              		.loc 1 233 5 is_stmt 1 view .LVU125
 459              		.loc 1 233 51 is_stmt 0 view .LVU126
 460 0018 0123     		movs	r3, #1
 461 001a 8DF80630 		strb	r3, [sp, #6]
 234:Lib/bsp/src/bsp_can.c ****     NVIC_InitStructure.NVIC_IRQChannelCmd = ENABLE;
 462              		.loc 1 234 5 is_stmt 1 view .LVU127
 463              		.loc 1 234 43 is_stmt 0 view .LVU128
 464 001e 8DF80730 		strb	r3, [sp, #7]
 235:Lib/bsp/src/bsp_can.c ****     NVIC_Init(&NVIC_InitStructure);
 465              		.loc 1 235 5 is_stmt 1 view .LVU129
 466 0022 01A8     		add	r0, sp, #4
 467 0024 FFF7FEFF 		bl	NVIC_Init
 468              	.LVL24:
 236:Lib/bsp/src/bsp_can.c **** }
 469              		.loc 1 236 1 is_stmt 0 view .LVU130
 470 0028 03B0     		add	sp, sp, #12
 471              		.cfi_def_cfa_offset 4
 472              		@ sp needed
 473 002a 5DF804FB 		ldr	pc, [sp], #4
 474              		.cfi_endproc
ARM GAS  /tmp/ccuyxlB8.s 			page 14


 475              	.LFE131:
 477              		.section	.text.CAN1_Filter_Config,"ax",%progbits
 478              		.align	1
 479              		.syntax unified
 480              		.thumb
 481              		.thumb_func
 483              	CAN1_Filter_Config:
 484              	.LFB125:
  69:Lib/bsp/src/bsp_can.c ****     CAN_FilterInitTypeDef CAN_FilterInitStructure;
 485              		.loc 1 69 1 is_stmt 1 view -0
 486              		.cfi_startproc
 487              		@ args = 0, pretend = 0, frame = 16
 488              		@ frame_needed = 0, uses_anonymous_args = 0
 489 0000 10B5     		push	{r4, lr}
 490              		.cfi_def_cfa_offset 8
 491              		.cfi_offset 4, -8
 492              		.cfi_offset 14, -4
 493 0002 84B0     		sub	sp, sp, #16
 494              		.cfi_def_cfa_offset 24
  70:Lib/bsp/src/bsp_can.c **** 
 495              		.loc 1 70 5 view .LVU132
  73:Lib/bsp/src/bsp_can.c ****     // å·¥ä½œåœ¨æ©ç æ¨¡å¼
 496              		.loc 1 73 5 view .LVU133
  73:Lib/bsp/src/bsp_can.c ****     // å·¥ä½œåœ¨æ©ç æ¨¡å¼
 497              		.loc 1 73 46 is_stmt 0 view .LVU134
 498 0004 0023     		movs	r3, #0
 499 0006 8DF80A30 		strb	r3, [sp, #10]
  75:Lib/bsp/src/bsp_can.c ****     // ç­›é€‰å™¨ä½å®½ä¸ºå•ä¸ª32ä½ã€‚
 500              		.loc 1 75 5 is_stmt 1 view .LVU135
  75:Lib/bsp/src/bsp_can.c ****     // ç­›é€‰å™¨ä½å®½ä¸ºå•ä¸ª32ä½ã€‚
 501              		.loc 1 75 44 is_stmt 0 view .LVU136
 502 000a 8DF80B30 		strb	r3, [sp, #11]
  77:Lib/bsp/src/bsp_can.c **** 
 503              		.loc 1 77 5 is_stmt 1 view .LVU137
  77:Lib/bsp/src/bsp_can.c **** 
 504              		.loc 1 77 45 is_stmt 0 view .LVU138
 505 000e 0124     		movs	r4, #1
 506 0010 8DF80C40 		strb	r4, [sp, #12]
  82:Lib/bsp/src/bsp_can.c **** 
 507              		.loc 1 82 5 is_stmt 1 view .LVU139
  82:Lib/bsp/src/bsp_can.c **** 
 508              		.loc 1 82 46 is_stmt 0 view .LVU140
 509 0014 ADF80030 		strh	r3, [sp]	@ movhi
  85:Lib/bsp/src/bsp_can.c ****     // ç­›é€‰å™¨é«˜16ä½æ¯ä½å¿…é¡»åŒ¹é…
 510              		.loc 1 85 5 is_stmt 1 view .LVU141
  85:Lib/bsp/src/bsp_can.c ****     // ç­›é€‰å™¨é«˜16ä½æ¯ä½å¿…é¡»åŒ¹é…
 511              		.loc 1 85 45 is_stmt 0 view .LVU142
 512 0018 ADF80230 		strh	r3, [sp, #2]	@ movhi
  87:Lib/bsp/src/bsp_can.c ****     // ç­›é€‰å™¨ä½16ä½æ¯ä½å¿…é¡»åŒ¹é…
 513              		.loc 1 87 5 is_stmt 1 view .LVU143
  87:Lib/bsp/src/bsp_can.c ****     // ç­›é€‰å™¨ä½16ä½æ¯ä½å¿…é¡»åŒ¹é…
 514              		.loc 1 87 50 is_stmt 0 view .LVU144
 515 001c ADF80430 		strh	r3, [sp, #4]	@ movhi
  89:Lib/bsp/src/bsp_can.c ****     // ç­›é€‰å™¨è¢«å…³è”åˆ°FIFO0
 516              		.loc 1 89 5 is_stmt 1 view .LVU145
  89:Lib/bsp/src/bsp_can.c ****     // ç­›é€‰å™¨è¢«å…³è”åˆ°FIFO0
 517              		.loc 1 89 49 is_stmt 0 view .LVU146
ARM GAS  /tmp/ccuyxlB8.s 			page 15


 518 0020 ADF80630 		strh	r3, [sp, #6]	@ movhi
  91:Lib/bsp/src/bsp_can.c ****     // ä½¿èƒ½ç­›é€‰å™¨
 519              		.loc 1 91 5 is_stmt 1 view .LVU147
  91:Lib/bsp/src/bsp_can.c ****     // ä½¿èƒ½ç­›é€‰å™¨
 520              		.loc 1 91 54 is_stmt 0 view .LVU148
 521 0024 ADF80830 		strh	r3, [sp, #8]	@ movhi
  93:Lib/bsp/src/bsp_can.c ****     CAN_FilterInit(&CAN_FilterInitStructure);
 522              		.loc 1 93 5 is_stmt 1 view .LVU149
  93:Lib/bsp/src/bsp_can.c ****     CAN_FilterInit(&CAN_FilterInitStructure);
 523              		.loc 1 93 50 is_stmt 0 view .LVU150
 524 0028 8DF80D40 		strb	r4, [sp, #13]
  94:Lib/bsp/src/bsp_can.c ****     /*CANé€šä¿¡ä¸­æ–­ä½¿èƒ½*/
 525              		.loc 1 94 5 is_stmt 1 view .LVU151
 526 002c 6846     		mov	r0, sp
 527 002e FFF7FEFF 		bl	CAN_FilterInit
 528              	.LVL25:
  96:Lib/bsp/src/bsp_can.c **** }
 529              		.loc 1 96 5 view .LVU152
 530 0032 2246     		mov	r2, r4
 531 0034 0221     		movs	r1, #2
 532 0036 0248     		ldr	r0, .L23
 533 0038 FFF7FEFF 		bl	CAN_ITConfig
 534              	.LVL26:
  97:Lib/bsp/src/bsp_can.c **** 
 535              		.loc 1 97 1 is_stmt 0 view .LVU153
 536 003c 04B0     		add	sp, sp, #16
 537              		.cfi_def_cfa_offset 8
 538              		@ sp needed
 539 003e 10BD     		pop	{r4, pc}
 540              	.L24:
 541              		.align	2
 542              	.L23:
 543 0040 00640040 		.word	1073767424
 544              		.cfi_endproc
 545              	.LFE125:
 547              		.section	.text.CAN2_Filter_Config,"ax",%progbits
 548              		.align	1
 549              		.syntax unified
 550              		.thumb
 551              		.thumb_func
 553              	CAN2_Filter_Config:
 554              	.LFB130:
 194:Lib/bsp/src/bsp_can.c ****     CAN_FilterInitTypeDef CAN_FilterInitStructure;
 555              		.loc 1 194 1 is_stmt 1 view -0
 556              		.cfi_startproc
 557              		@ args = 0, pretend = 0, frame = 16
 558              		@ frame_needed = 0, uses_anonymous_args = 0
 559 0000 10B5     		push	{r4, lr}
 560              		.cfi_def_cfa_offset 8
 561              		.cfi_offset 4, -8
 562              		.cfi_offset 14, -4
 563 0002 84B0     		sub	sp, sp, #16
 564              		.cfi_def_cfa_offset 24
 195:Lib/bsp/src/bsp_can.c **** 
 565              		.loc 1 195 5 view .LVU155
 198:Lib/bsp/src/bsp_can.c ****     // å·¥ä½œåœ¨æ©ç æ¨¡å¼
 566              		.loc 1 198 5 view .LVU156
ARM GAS  /tmp/ccuyxlB8.s 			page 16


 198:Lib/bsp/src/bsp_can.c ****     // å·¥ä½œåœ¨æ©ç æ¨¡å¼
 567              		.loc 1 198 46 is_stmt 0 view .LVU157
 568 0004 0E23     		movs	r3, #14
 569 0006 8DF80A30 		strb	r3, [sp, #10]
 200:Lib/bsp/src/bsp_can.c ****     // ç­›é€‰å™¨ä½å®½ä¸ºå•ä¸ª32ä½ã€‚
 570              		.loc 1 200 5 is_stmt 1 view .LVU158
 200:Lib/bsp/src/bsp_can.c ****     // ç­›é€‰å™¨ä½å®½ä¸ºå•ä¸ª32ä½ã€‚
 571              		.loc 1 200 44 is_stmt 0 view .LVU159
 572 000a 0023     		movs	r3, #0
 573 000c 8DF80B30 		strb	r3, [sp, #11]
 202:Lib/bsp/src/bsp_can.c **** 
 574              		.loc 1 202 5 is_stmt 1 view .LVU160
 202:Lib/bsp/src/bsp_can.c **** 
 575              		.loc 1 202 45 is_stmt 0 view .LVU161
 576 0010 0124     		movs	r4, #1
 577 0012 8DF80C40 		strb	r4, [sp, #12]
 207:Lib/bsp/src/bsp_can.c **** 
 578              		.loc 1 207 5 is_stmt 1 view .LVU162
 207:Lib/bsp/src/bsp_can.c **** 
 579              		.loc 1 207 46 is_stmt 0 view .LVU163
 580 0016 ADF80030 		strh	r3, [sp]	@ movhi
 210:Lib/bsp/src/bsp_can.c ****     // ç­›é€‰å™¨é«˜16ä½æ¯ä½å¿…é¡»åŒ¹é…
 581              		.loc 1 210 5 is_stmt 1 view .LVU164
 210:Lib/bsp/src/bsp_can.c ****     // ç­›é€‰å™¨é«˜16ä½æ¯ä½å¿…é¡»åŒ¹é…
 582              		.loc 1 210 45 is_stmt 0 view .LVU165
 583 001a ADF80230 		strh	r3, [sp, #2]	@ movhi
 212:Lib/bsp/src/bsp_can.c ****     // ç­›é€‰å™¨ä½16ä½æ¯ä½å¿…é¡»åŒ¹é…
 584              		.loc 1 212 5 is_stmt 1 view .LVU166
 212:Lib/bsp/src/bsp_can.c ****     // ç­›é€‰å™¨ä½16ä½æ¯ä½å¿…é¡»åŒ¹é…
 585              		.loc 1 212 50 is_stmt 0 view .LVU167
 586 001e ADF80430 		strh	r3, [sp, #4]	@ movhi
 214:Lib/bsp/src/bsp_can.c ****     // ç­›é€‰å™¨è¢«å…³è”åˆ°FIFO0
 587              		.loc 1 214 5 is_stmt 1 view .LVU168
 214:Lib/bsp/src/bsp_can.c ****     // ç­›é€‰å™¨è¢«å…³è”åˆ°FIFO0
 588              		.loc 1 214 49 is_stmt 0 view .LVU169
 589 0022 ADF80630 		strh	r3, [sp, #6]	@ movhi
 216:Lib/bsp/src/bsp_can.c ****     // ä½¿èƒ½ç­›é€‰å™¨
 590              		.loc 1 216 5 is_stmt 1 view .LVU170
 216:Lib/bsp/src/bsp_can.c ****     // ä½¿èƒ½ç­›é€‰å™¨
 591              		.loc 1 216 54 is_stmt 0 view .LVU171
 592 0026 ADF80830 		strh	r3, [sp, #8]	@ movhi
 218:Lib/bsp/src/bsp_can.c ****     CAN_FilterInit(&CAN_FilterInitStructure);
 593              		.loc 1 218 5 is_stmt 1 view .LVU172
 218:Lib/bsp/src/bsp_can.c ****     CAN_FilterInit(&CAN_FilterInitStructure);
 594              		.loc 1 218 50 is_stmt 0 view .LVU173
 595 002a 8DF80D40 		strb	r4, [sp, #13]
 219:Lib/bsp/src/bsp_can.c ****     /*CANé€šä¿¡ä¸­æ–­ä½¿èƒ½*/
 596              		.loc 1 219 5 is_stmt 1 view .LVU174
 597 002e 6846     		mov	r0, sp
 598 0030 FFF7FEFF 		bl	CAN_FilterInit
 599              	.LVL27:
 221:Lib/bsp/src/bsp_can.c **** }
 600              		.loc 1 221 5 view .LVU175
 601 0034 2246     		mov	r2, r4
 602 0036 0221     		movs	r1, #2
 603 0038 0248     		ldr	r0, .L27
 604 003a FFF7FEFF 		bl	CAN_ITConfig
ARM GAS  /tmp/ccuyxlB8.s 			page 17


 605              	.LVL28:
 222:Lib/bsp/src/bsp_can.c **** 
 606              		.loc 1 222 1 is_stmt 0 view .LVU176
 607 003e 04B0     		add	sp, sp, #16
 608              		.cfi_def_cfa_offset 8
 609              		@ sp needed
 610 0040 10BD     		pop	{r4, pc}
 611              	.L28:
 612 0042 00BF     		.align	2
 613              	.L27:
 614 0044 00680040 		.word	1073768448
 615              		.cfi_endproc
 616              	.LFE130:
 618              		.section	.text.CAN1_Config,"ax",%progbits
 619              		.align	1
 620              		.global	CAN1_Config
 621              		.syntax unified
 622              		.thumb
 623              		.thumb_func
 625              	CAN1_Config:
 626              	.LFB127:
 114:Lib/bsp/src/bsp_can.c ****     CAN1_GPIO_Config();
 627              		.loc 1 114 1 is_stmt 1 view -0
 628              		.cfi_startproc
 629              		@ args = 0, pretend = 0, frame = 0
 630              		@ frame_needed = 0, uses_anonymous_args = 0
 631 0000 08B5     		push	{r3, lr}
 632              		.cfi_def_cfa_offset 8
 633              		.cfi_offset 3, -8
 634              		.cfi_offset 14, -4
 115:Lib/bsp/src/bsp_can.c ****     CAN1_Mode_Config();
 635              		.loc 1 115 5 view .LVU178
 636 0002 FFF7FEFF 		bl	CAN1_GPIO_Config
 637              	.LVL29:
 116:Lib/bsp/src/bsp_can.c **** 
 638              		.loc 1 116 5 view .LVU179
 639 0006 FFF7FEFF 		bl	CAN1_Mode_Config
 640              	.LVL30:
 118:Lib/bsp/src/bsp_can.c ****     CAN1_Filter_Config();
 641              		.loc 1 118 5 view .LVU180
 642 000a FFF7FEFF 		bl	CAN1_NVIC_Config
 643              	.LVL31:
 119:Lib/bsp/src/bsp_can.c **** }
 644              		.loc 1 119 5 view .LVU181
 645 000e FFF7FEFF 		bl	CAN1_Filter_Config
 646              	.LVL32:
 120:Lib/bsp/src/bsp_can.c **** 
 647              		.loc 1 120 1 is_stmt 0 view .LVU182
 648 0012 08BD     		pop	{r3, pc}
 649              		.cfi_endproc
 650              	.LFE127:
 652              		.section	.text.CAN2_Config,"ax",%progbits
 653              		.align	1
 654              		.global	CAN2_Config
 655              		.syntax unified
 656              		.thumb
 657              		.thumb_func
ARM GAS  /tmp/ccuyxlB8.s 			page 18


 659              	CAN2_Config:
 660              	.LFB132:
 237:Lib/bsp/src/bsp_can.c **** 
 238:Lib/bsp/src/bsp_can.c **** void CAN2_Config(void)
 239:Lib/bsp/src/bsp_can.c **** {
 661              		.loc 1 239 1 is_stmt 1 view -0
 662              		.cfi_startproc
 663              		@ args = 0, pretend = 0, frame = 0
 664              		@ frame_needed = 0, uses_anonymous_args = 0
 665 0000 08B5     		push	{r3, lr}
 666              		.cfi_def_cfa_offset 8
 667              		.cfi_offset 3, -8
 668              		.cfi_offset 14, -4
 240:Lib/bsp/src/bsp_can.c ****     CAN2_GPIO_Config();
 669              		.loc 1 240 5 view .LVU184
 670 0002 FFF7FEFF 		bl	CAN2_GPIO_Config
 671              	.LVL33:
 241:Lib/bsp/src/bsp_can.c ****     CAN2_Mode_Config();
 672              		.loc 1 241 5 view .LVU185
 673 0006 FFF7FEFF 		bl	CAN2_Mode_Config
 674              	.LVL34:
 242:Lib/bsp/src/bsp_can.c **** 
 243:Lib/bsp/src/bsp_can.c ****     CAN2_NVIC_Config();
 675              		.loc 1 243 5 view .LVU186
 676 000a FFF7FEFF 		bl	CAN2_NVIC_Config
 677              	.LVL35:
 244:Lib/bsp/src/bsp_can.c ****     CAN2_Filter_Config();
 678              		.loc 1 244 5 view .LVU187
 679 000e FFF7FEFF 		bl	CAN2_Filter_Config
 680              	.LVL36:
 245:Lib/bsp/src/bsp_can.c **** 
 246:Lib/bsp/src/bsp_can.c ****     for (int i = 0; i < 20; ++i)
 681              		.loc 1 246 5 view .LVU188
 682              	.LBB2:
 683              		.loc 1 246 10 view .LVU189
 684              		.loc 1 246 14 is_stmt 0 view .LVU190
 685 0012 0023     		movs	r3, #0
 686              		.loc 1 246 5 view .LVU191
 687 0014 04E0     		b	.L32
 688              	.LVL37:
 689              	.L33:
 247:Lib/bsp/src/bsp_can.c ****     {
 248:Lib/bsp/src/bsp_can.c ****         can2_balance_flag_[i] = 0;
 690              		.loc 1 248 9 is_stmt 1 discriminator 3 view .LVU192
 691              		.loc 1 248 31 is_stmt 0 discriminator 3 view .LVU193
 692 0016 044A     		ldr	r2, .L35
 693 0018 0021     		movs	r1, #0
 694 001a 42F82310 		str	r1, [r2, r3, lsl #2]
 246:Lib/bsp/src/bsp_can.c ****     {
 695              		.loc 1 246 29 is_stmt 1 discriminator 3 view .LVU194
 696 001e 0133     		adds	r3, r3, #1
 697              	.LVL38:
 698              	.L32:
 246:Lib/bsp/src/bsp_can.c ****     {
 699              		.loc 1 246 21 discriminator 1 view .LVU195
 246:Lib/bsp/src/bsp_can.c ****     {
 700              		.loc 1 246 5 is_stmt 0 discriminator 1 view .LVU196
ARM GAS  /tmp/ccuyxlB8.s 			page 19


 701 0020 132B     		cmp	r3, #19
 702 0022 F8DD     		ble	.L33
 703              	.LBE2:
 249:Lib/bsp/src/bsp_can.c ****     }
 250:Lib/bsp/src/bsp_can.c **** }
 704              		.loc 1 250 1 view .LVU197
 705 0024 08BD     		pop	{r3, pc}
 706              	.LVL39:
 707              	.L36:
 708              		.loc 1 250 1 view .LVU198
 709 0026 00BF     		.align	2
 710              	.L35:
 711 0028 00000000 		.word	.LANCHOR0
 712              		.cfi_endproc
 713              	.LFE132:
 715              		.section	.text.CAN1_RX0_IRQHandler,"ax",%progbits
 716              		.align	1
 717              		.global	CAN1_RX0_IRQHandler
 718              		.syntax unified
 719              		.thumb
 720              		.thumb_func
 722              	CAN1_RX0_IRQHandler:
 723              	.LFB133:
 251:Lib/bsp/src/bsp_can.c **** 
 252:Lib/bsp/src/bsp_can.c **** /********************************************************************/
 253:Lib/bsp/src/bsp_can.c **** void CAN1_RX0_IRQHandler(void)
 254:Lib/bsp/src/bsp_can.c **** {
 724              		.loc 1 254 1 is_stmt 1 view -0
 725              		.cfi_startproc
 726              		@ args = 0, pretend = 0, frame = 0
 727              		@ frame_needed = 0, uses_anonymous_args = 0
 728 0000 08B5     		push	{r3, lr}
 729              		.cfi_def_cfa_offset 8
 730              		.cfi_offset 3, -8
 731              		.cfi_offset 14, -4
 255:Lib/bsp/src/bsp_can.c ****     CAN_Receive(CAN1, CAN_FIFO0, &Can1_RxMessage);
 732              		.loc 1 255 5 view .LVU200
 733 0002 034A     		ldr	r2, .L39
 734 0004 0021     		movs	r1, #0
 735 0006 0348     		ldr	r0, .L39+4
 736 0008 FFF7FEFF 		bl	CAN_Receive
 737              	.LVL40:
 256:Lib/bsp/src/bsp_can.c **** }
 738              		.loc 1 256 1 is_stmt 0 view .LVU201
 739 000c 08BD     		pop	{r3, pc}
 740              	.L40:
 741 000e 00BF     		.align	2
 742              	.L39:
 743 0010 00000000 		.word	.LANCHOR1
 744 0014 00640040 		.word	1073767424
 745              		.cfi_endproc
 746              	.LFE133:
 748              		.section	.text.CAN2_RX0_IRQHandler,"ax",%progbits
 749              		.align	1
 750              		.global	CAN2_RX0_IRQHandler
 751              		.syntax unified
 752              		.thumb
ARM GAS  /tmp/ccuyxlB8.s 			page 20


 753              		.thumb_func
 755              	CAN2_RX0_IRQHandler:
 756              	.LFB134:
 257:Lib/bsp/src/bsp_can.c **** 
 258:Lib/bsp/src/bsp_can.c **** void CAN2_RX0_IRQHandler(void)
 259:Lib/bsp/src/bsp_can.c **** {
 757              		.loc 1 259 1 is_stmt 1 view -0
 758              		.cfi_startproc
 759              		@ args = 0, pretend = 0, frame = 0
 760              		@ frame_needed = 0, uses_anonymous_args = 0
 761 0000 10B5     		push	{r4, lr}
 762              		.cfi_def_cfa_offset 8
 763              		.cfi_offset 4, -8
 764              		.cfi_offset 14, -4
 260:Lib/bsp/src/bsp_can.c ****     CAN_Receive(CAN2, CAN_FIFO0, &Can2_RxMessage);
 765              		.loc 1 260 5 view .LVU203
 766 0002 184C     		ldr	r4, .L44
 767 0004 2246     		mov	r2, r4
 768 0006 0021     		movs	r1, #0
 769 0008 1748     		ldr	r0, .L44+4
 770 000a FFF7FEFF 		bl	CAN_Receive
 771              	.LVL41:
 261:Lib/bsp/src/bsp_can.c ****     if ((int)Can2_RxMessage.StdId < 20)
 772              		.loc 1 261 5 view .LVU204
 773              		.loc 1 261 28 is_stmt 0 view .LVU205
 774 000e 2368     		ldr	r3, [r4]
 775              		.loc 1 261 8 view .LVU206
 776 0010 132B     		cmp	r3, #19
 777 0012 26DC     		bgt	.L41
 262:Lib/bsp/src/bsp_can.c ****     {
 263:Lib/bsp/src/bsp_can.c ****         can2_balance_flag_[(int)Can2_RxMessage.StdId] = 1;
 778              		.loc 1 263 9 is_stmt 1 view .LVU207
 779              		.loc 1 263 55 is_stmt 0 view .LVU208
 780 0014 154A     		ldr	r2, .L44+8
 781 0016 0121     		movs	r1, #1
 782 0018 42F82310 		str	r1, [r2, r3, lsl #2]
 264:Lib/bsp/src/bsp_can.c **** 
 265:Lib/bsp/src/bsp_can.c ****         Can2_RxBalance[(int)Can2_RxMessage.StdId].StdId = Can2_RxMessage.StdId;
 783              		.loc 1 265 9 is_stmt 1 view .LVU209
 784              		.loc 1 265 57 is_stmt 0 view .LVU210
 785 001c 1448     		ldr	r0, .L44+12
 786 001e 03EB8301 		add	r1, r3, r3, lsl #2
 787 0022 8A00     		lsls	r2, r1, #2
 788 0024 8118     		adds	r1, r0, r2
 789 0026 8350     		str	r3, [r0, r2]
 266:Lib/bsp/src/bsp_can.c ****         Can2_RxBalance[(int)Can2_RxMessage.StdId].ExtId = Can2_RxMessage.ExtId;
 790              		.loc 1 266 9 is_stmt 1 view .LVU211
 791              		.loc 1 266 73 is_stmt 0 view .LVU212
 792 0028 2246     		mov	r2, r4
 793 002a 6468     		ldr	r4, [r4, #4]
 794              		.loc 1 266 57 view .LVU213
 795 002c 4C60     		str	r4, [r1, #4]
 267:Lib/bsp/src/bsp_can.c ****         Can2_RxBalance[(int)Can2_RxMessage.StdId].IDE = Can2_RxMessage.IDE;
 796              		.loc 1 267 9 is_stmt 1 view .LVU214
 797              		.loc 1 267 71 is_stmt 0 view .LVU215
 798 002e 147A     		ldrb	r4, [r2, #8]	@ zero_extendqisi2
 799              		.loc 1 267 55 view .LVU216
ARM GAS  /tmp/ccuyxlB8.s 			page 21


 800 0030 0C72     		strb	r4, [r1, #8]
 268:Lib/bsp/src/bsp_can.c ****         Can2_RxBalance[(int)Can2_RxMessage.StdId].RTR = Can2_RxMessage.RTR;
 801              		.loc 1 268 9 is_stmt 1 view .LVU217
 802              		.loc 1 268 71 is_stmt 0 view .LVU218
 803 0032 547A     		ldrb	r4, [r2, #9]	@ zero_extendqisi2
 804              		.loc 1 268 55 view .LVU219
 805 0034 4C72     		strb	r4, [r1, #9]
 269:Lib/bsp/src/bsp_can.c ****         Can2_RxBalance[(int)Can2_RxMessage.StdId].DLC = Can2_RxMessage.DLC;
 806              		.loc 1 269 9 is_stmt 1 view .LVU220
 807              		.loc 1 269 71 is_stmt 0 view .LVU221
 808 0036 947A     		ldrb	r4, [r2, #10]	@ zero_extendqisi2
 809              		.loc 1 269 55 view .LVU222
 810 0038 8C72     		strb	r4, [r1, #10]
 270:Lib/bsp/src/bsp_can.c ****         Can2_RxBalance[(int)Can2_RxMessage.StdId].Data[0] = Can2_RxMessage.Data[0];
 811              		.loc 1 270 9 is_stmt 1 view .LVU223
 812              		.loc 1 270 80 is_stmt 0 view .LVU224
 813 003a D47A     		ldrb	r4, [r2, #11]	@ zero_extendqisi2
 814              		.loc 1 270 59 view .LVU225
 815 003c CC72     		strb	r4, [r1, #11]
 271:Lib/bsp/src/bsp_can.c ****         Can2_RxBalance[(int)Can2_RxMessage.StdId].Data[1] = Can2_RxMessage.Data[1];
 816              		.loc 1 271 9 is_stmt 1 view .LVU226
 817              		.loc 1 271 80 is_stmt 0 view .LVU227
 818 003e 147B     		ldrb	r4, [r2, #12]	@ zero_extendqisi2
 819              		.loc 1 271 59 view .LVU228
 820 0040 0C73     		strb	r4, [r1, #12]
 272:Lib/bsp/src/bsp_can.c ****         Can2_RxBalance[(int)Can2_RxMessage.StdId].Data[2] = Can2_RxMessage.Data[2];
 821              		.loc 1 272 9 is_stmt 1 view .LVU229
 822              		.loc 1 272 80 is_stmt 0 view .LVU230
 823 0042 547B     		ldrb	r4, [r2, #13]	@ zero_extendqisi2
 824              		.loc 1 272 59 view .LVU231
 825 0044 4C73     		strb	r4, [r1, #13]
 273:Lib/bsp/src/bsp_can.c ****         Can2_RxBalance[(int)Can2_RxMessage.StdId].Data[3] = Can2_RxMessage.Data[3];
 826              		.loc 1 273 9 is_stmt 1 view .LVU232
 827              		.loc 1 273 80 is_stmt 0 view .LVU233
 828 0046 947B     		ldrb	r4, [r2, #14]	@ zero_extendqisi2
 829              		.loc 1 273 59 view .LVU234
 830 0048 8C73     		strb	r4, [r1, #14]
 274:Lib/bsp/src/bsp_can.c ****         Can2_RxBalance[(int)Can2_RxMessage.StdId].Data[4] = Can2_RxMessage.Data[4];
 831              		.loc 1 274 9 is_stmt 1 view .LVU235
 832              		.loc 1 274 80 is_stmt 0 view .LVU236
 833 004a D47B     		ldrb	r4, [r2, #15]	@ zero_extendqisi2
 834              		.loc 1 274 59 view .LVU237
 835 004c CC73     		strb	r4, [r1, #15]
 275:Lib/bsp/src/bsp_can.c ****         Can2_RxBalance[(int)Can2_RxMessage.StdId].Data[5] = Can2_RxMessage.Data[5];
 836              		.loc 1 275 9 is_stmt 1 view .LVU238
 837              		.loc 1 275 80 is_stmt 0 view .LVU239
 838 004e 147C     		ldrb	r4, [r2, #16]	@ zero_extendqisi2
 839              		.loc 1 275 59 view .LVU240
 840 0050 0C74     		strb	r4, [r1, #16]
 276:Lib/bsp/src/bsp_can.c ****         Can2_RxBalance[(int)Can2_RxMessage.StdId].Data[6] = Can2_RxMessage.Data[6];
 841              		.loc 1 276 9 is_stmt 1 view .LVU241
 842              		.loc 1 276 80 is_stmt 0 view .LVU242
 843 0052 547C     		ldrb	r4, [r2, #17]	@ zero_extendqisi2
 844              		.loc 1 276 59 view .LVU243
 845 0054 4C74     		strb	r4, [r1, #17]
 277:Lib/bsp/src/bsp_can.c ****         Can2_RxBalance[(int)Can2_RxMessage.StdId].Data[7] = Can2_RxMessage.Data[7];
 846              		.loc 1 277 9 is_stmt 1 view .LVU244
ARM GAS  /tmp/ccuyxlB8.s 			page 22


 847              		.loc 1 277 80 is_stmt 0 view .LVU245
 848 0056 917C     		ldrb	r1, [r2, #18]	@ zero_extendqisi2
 849              		.loc 1 277 59 view .LVU246
 850 0058 03EB8303 		add	r3, r3, r3, lsl #2
 851 005c 9A00     		lsls	r2, r3, #2
 852 005e 1044     		add	r0, r0, r2
 853 0060 8174     		strb	r1, [r0, #18]
 854              	.L41:
 278:Lib/bsp/src/bsp_can.c ****     }
 279:Lib/bsp/src/bsp_can.c **** }...
 855              		.loc 1 279 1 view .LVU247
 856 0062 10BD     		pop	{r4, pc}
 857              	.L45:
 858              		.align	2
 859              	.L44:
 860 0064 00000000 		.word	.LANCHOR2
 861 0068 00680040 		.word	1073768448
 862 006c 00000000 		.word	.LANCHOR0
 863 0070 00000000 		.word	.LANCHOR3
 864              		.cfi_endproc
 865              	.LFE134:
 867              		.global	Can2_RxBalance
 868              		.global	can2_balance_flag_
 869              		.global	Can2_RxMessage
 870              		.global	Can2_TxMessage
 871              		.global	can1_rx_flag
 872              		.global	Can1_RxMessage
 873              		.global	Can1_TxMessage
 874              		.global	flag
 875              		.section	.bss.Can1_RxMessage,"aw",%nobits
 876              		.align	2
 877              		.set	.LANCHOR1,. + 0
 880              	Can1_RxMessage:
 881 0000 00000000 		.space	20
 881      00000000 
 881      00000000 
 881      00000000 
 881      00000000 
 882              		.section	.bss.Can1_TxMessage,"aw",%nobits
 883              		.align	2
 886              	Can1_TxMessage:
 887 0000 00000000 		.space	20
 887      00000000 
 887      00000000 
 887      00000000 
 887      00000000 
 888              		.section	.bss.Can2_RxBalance,"aw",%nobits
 889              		.align	2
 890              		.set	.LANCHOR3,. + 0
 893              	Can2_RxBalance:
 894 0000 00000000 		.space	400
 894      00000000 
 894      00000000 
 894      00000000 
 894      00000000 
 895              		.section	.bss.Can2_RxMessage,"aw",%nobits
 896              		.align	2
ARM GAS  /tmp/ccuyxlB8.s 			page 23


 897              		.set	.LANCHOR2,. + 0
 900              	Can2_RxMessage:
 901 0000 00000000 		.space	20
 901      00000000 
 901      00000000 
 901      00000000 
 901      00000000 
 902              		.section	.bss.Can2_TxMessage,"aw",%nobits
 903              		.align	2
 906              	Can2_TxMessage:
 907 0000 00000000 		.space	20
 907      00000000 
 907      00000000 
 907      00000000 
 907      00000000 
 908              		.section	.bss.can1_rx_flag,"aw",%nobits
 911              	can1_rx_flag:
 912 0000 00       		.space	1
 913              		.section	.bss.can2_balance_flag_,"aw",%nobits
 914              		.align	2
 915              		.set	.LANCHOR0,. + 0
 918              	can2_balance_flag_:
 919 0000 00000000 		.space	80
 919      00000000 
 919      00000000 
 919      00000000 
 919      00000000 
 920              		.section	.bss.flag,"aw",%nobits
 921              		.align	2
 924              	flag:
 925 0000 00000000 		.space	4
 926              		.text
 927              	.Letext0:
 928              		.file 2 "/usr/share/gcc-arm-none-eabi-10.3-2021.10/arm-none-eabi/include/machine/_default_types.h"
 929              		.file 3 "/usr/share/gcc-arm-none-eabi-10.3-2021.10/arm-none-eabi/include/sys/_stdint.h"
 930              		.file 4 "Drivers/CMSIS/Device/ST/STM32F4xx/Include/stm32f4xx.h"
 931              		.file 5 "Drivers/STM32F4xx_StdPeriph_Driver/inc/stm32f4xx_gpio.h"
 932              		.file 6 "Drivers/STM32F4xx_StdPeriph_Driver/inc/misc.h"
 933              		.file 7 "Drivers/STM32F4xx_StdPeriph_Driver/inc/stm32f4xx_can.h"
 934              		.file 8 "Drivers/STM32F4xx_StdPeriph_Driver/inc/stm32f4xx_rcc.h"
ARM GAS  /tmp/ccuyxlB8.s 			page 24


DEFINED SYMBOLS
                            *ABS*:0000000000000000 bsp_can.c
     /tmp/ccuyxlB8.s:20     .text.CAN1_GPIO_Config:0000000000000000 $t
     /tmp/ccuyxlB8.s:25     .text.CAN1_GPIO_Config:0000000000000000 CAN1_GPIO_Config
     /tmp/ccuyxlB8.s:107    .text.CAN1_GPIO_Config:0000000000000068 $d
     /tmp/ccuyxlB8.s:112    .text.CAN2_GPIO_Config:0000000000000000 $t
     /tmp/ccuyxlB8.s:117    .text.CAN2_GPIO_Config:0000000000000000 CAN2_GPIO_Config
     /tmp/ccuyxlB8.s:198    .text.CAN2_GPIO_Config:0000000000000064 $d
     /tmp/ccuyxlB8.s:203    .text.CAN1_Mode_Config:0000000000000000 $t
     /tmp/ccuyxlB8.s:208    .text.CAN1_Mode_Config:0000000000000000 CAN1_Mode_Config
     /tmp/ccuyxlB8.s:284    .text.CAN1_Mode_Config:000000000000005c $d
     /tmp/ccuyxlB8.s:289    .text.CAN2_Mode_Config:0000000000000000 $t
     /tmp/ccuyxlB8.s:294    .text.CAN2_Mode_Config:0000000000000000 CAN2_Mode_Config
     /tmp/ccuyxlB8.s:375    .text.CAN2_Mode_Config:0000000000000064 $d
     /tmp/ccuyxlB8.s:380    .text.CAN1_NVIC_Config:0000000000000000 $t
     /tmp/ccuyxlB8.s:385    .text.CAN1_NVIC_Config:0000000000000000 CAN1_NVIC_Config
     /tmp/ccuyxlB8.s:429    .text.CAN2_NVIC_Config:0000000000000000 $t
     /tmp/ccuyxlB8.s:434    .text.CAN2_NVIC_Config:0000000000000000 CAN2_NVIC_Config
     /tmp/ccuyxlB8.s:478    .text.CAN1_Filter_Config:0000000000000000 $t
     /tmp/ccuyxlB8.s:483    .text.CAN1_Filter_Config:0000000000000000 CAN1_Filter_Config
     /tmp/ccuyxlB8.s:543    .text.CAN1_Filter_Config:0000000000000040 $d
     /tmp/ccuyxlB8.s:548    .text.CAN2_Filter_Config:0000000000000000 $t
     /tmp/ccuyxlB8.s:553    .text.CAN2_Filter_Config:0000000000000000 CAN2_Filter_Config
     /tmp/ccuyxlB8.s:614    .text.CAN2_Filter_Config:0000000000000044 $d
     /tmp/ccuyxlB8.s:619    .text.CAN1_Config:0000000000000000 $t
     /tmp/ccuyxlB8.s:625    .text.CAN1_Config:0000000000000000 CAN1_Config
     /tmp/ccuyxlB8.s:653    .text.CAN2_Config:0000000000000000 $t
     /tmp/ccuyxlB8.s:659    .text.CAN2_Config:0000000000000000 CAN2_Config
     /tmp/ccuyxlB8.s:711    .text.CAN2_Config:0000000000000028 $d
     /tmp/ccuyxlB8.s:716    .text.CAN1_RX0_IRQHandler:0000000000000000 $t
     /tmp/ccuyxlB8.s:722    .text.CAN1_RX0_IRQHandler:0000000000000000 CAN1_RX0_IRQHandler
     /tmp/ccuyxlB8.s:743    .text.CAN1_RX0_IRQHandler:0000000000000010 $d
     /tmp/ccuyxlB8.s:749    .text.CAN2_RX0_IRQHandler:0000000000000000 $t
     /tmp/ccuyxlB8.s:755    .text.CAN2_RX0_IRQHandler:0000000000000000 CAN2_RX0_IRQHandler
     /tmp/ccuyxlB8.s:860    .text.CAN2_RX0_IRQHandler:0000000000000064 $d
     /tmp/ccuyxlB8.s:893    .bss.Can2_RxBalance:0000000000000000 Can2_RxBalance
     /tmp/ccuyxlB8.s:918    .bss.can2_balance_flag_:0000000000000000 can2_balance_flag_
     /tmp/ccuyxlB8.s:900    .bss.Can2_RxMessage:0000000000000000 Can2_RxMessage
     /tmp/ccuyxlB8.s:906    .bss.Can2_TxMessage:0000000000000000 Can2_TxMessage
     /tmp/ccuyxlB8.s:911    .bss.can1_rx_flag:0000000000000000 can1_rx_flag
     /tmp/ccuyxlB8.s:880    .bss.Can1_RxMessage:0000000000000000 Can1_RxMessage
     /tmp/ccuyxlB8.s:886    .bss.Can1_TxMessage:0000000000000000 Can1_TxMessage
     /tmp/ccuyxlB8.s:924    .bss.flag:0000000000000000 flag
     /tmp/ccuyxlB8.s:876    .bss.Can1_RxMessage:0000000000000000 $d
     /tmp/ccuyxlB8.s:883    .bss.Can1_TxMessage:0000000000000000 $d
     /tmp/ccuyxlB8.s:889    .bss.Can2_RxBalance:0000000000000000 $d
     /tmp/ccuyxlB8.s:896    .bss.Can2_RxMessage:0000000000000000 $d
     /tmp/ccuyxlB8.s:903    .bss.Can2_TxMessage:0000000000000000 $d
     /tmp/ccuyxlB8.s:912    .bss.can1_rx_flag:0000000000000000 $d
     /tmp/ccuyxlB8.s:914    .bss.can2_balance_flag_:0000000000000000 $d
     /tmp/ccuyxlB8.s:921    .bss.flag:0000000000000000 $d

UNDEFINED SYMBOLS
RCC_APB1PeriphClockCmd
RCC_AHB1PeriphClockCmd
GPIO_PinAFConfig
GPIO_Init
ARM GAS  /tmp/ccuyxlB8.s 			page 25


CAN_DeInit
CAN_StructInit
CAN_Init
NVIC_PriorityGroupConfig
NVIC_Init
CAN_FilterInit
CAN_ITConfig
CAN_Receive
