ARM GAS  /tmp/ccYsNjvW.s 			page 1


   1              		.cpu cortex-m4
   2              		.arch armv7e-m
   3              		.fpu fpv4-sp-d16
   4              		.eabi_attribute 27, 1
   5              		.eabi_attribute 28, 1
   6              		.eabi_attribute 20, 1
   7              		.eabi_attribute 21, 1
   8              		.eabi_attribute 23, 3
   9              		.eabi_attribute 24, 1
  10              		.eabi_attribute 25, 1
  11              		.eabi_attribute 26, 1
  12              		.eabi_attribute 30, 1
  13              		.eabi_attribute 34, 1
  14              		.eabi_attribute 18, 4
  15              		.file	"ecat_spi.c"
  16              		.text
  17              	.Ltext0:
  18              		.cfi_sections	.debug_frame
  19              		.section	.text.WR_CMD,"ax",%progbits
  20              		.align	1
  21              		.global	WR_CMD
  22              		.syntax unified
  23              		.thumb
  24              		.thumb_func
  26              	WR_CMD:
  27              	.LVL0:
  28              	.LFB134:
  29              		.file 1 "Lib/ecat_bsp/src/ecat_spi.c"
   1:Lib/ecat_bsp/src/ecat_spi.c **** #include "ecat_spi.h"
   2:Lib/ecat_bsp/src/ecat_spi.c **** 
   3:Lib/ecat_bsp/src/ecat_spi.c **** extern SPI_HandleTypeDef hspi2;
   4:Lib/ecat_bsp/src/ecat_spi.c **** 
   5:Lib/ecat_bsp/src/ecat_spi.c **** uint8_t WR_CMD(uint8_t cmd)
   6:Lib/ecat_bsp/src/ecat_spi.c **** {
  30              		.loc 1 6 1 view -0
  31              		.cfi_startproc
  32              		@ args = 0, pretend = 0, frame = 16
  33              		@ frame_needed = 0, uses_anonymous_args = 0
  34              		.loc 1 6 1 is_stmt 0 view .LVU1
  35 0000 00B5     		push	{lr}
  36              		.cfi_def_cfa_offset 4
  37              		.cfi_offset 14, -4
  38 0002 87B0     		sub	sp, sp, #28
  39              		.cfi_def_cfa_offset 32
  40 0004 8DF80F00 		strb	r0, [sp, #15]
   7:Lib/ecat_bsp/src/ecat_spi.c ****     uint8_t temp;
  41              		.loc 1 7 5 is_stmt 1 view .LVU2
   8:Lib/ecat_bsp/src/ecat_spi.c **** 
   9:Lib/ecat_bsp/src/ecat_spi.c ****     HAL_SPI_TransmitReceive(&hspi2, &cmd, &temp, 1, 100);
  42              		.loc 1 9 5 view .LVU3
  43 0008 6423     		movs	r3, #100
  44 000a 0093     		str	r3, [sp]
  45 000c 0123     		movs	r3, #1
  46 000e 0DF11702 		add	r2, sp, #23
  47 0012 0DF10F01 		add	r1, sp, #15
  48 0016 0448     		ldr	r0, .L3
  49              	.LVL1:
ARM GAS  /tmp/ccYsNjvW.s 			page 2


  50              		.loc 1 9 5 is_stmt 0 view .LVU4
  51 0018 FFF7FEFF 		bl	HAL_SPI_TransmitReceive
  52              	.LVL2:
  10:Lib/ecat_bsp/src/ecat_spi.c **** 
  11:Lib/ecat_bsp/src/ecat_spi.c ****     return temp;
  53              		.loc 1 11 5 is_stmt 1 view .LVU5
  12:Lib/ecat_bsp/src/ecat_spi.c **** }...
  54              		.loc 1 12 1 is_stmt 0 view .LVU6
  55 001c 9DF81700 		ldrb	r0, [sp, #23]	@ zero_extendqisi2
  56 0020 07B0     		add	sp, sp, #28
  57              		.cfi_def_cfa_offset 4
  58              		@ sp needed
  59 0022 5DF804FB 		ldr	pc, [sp], #4
  60              	.L4:
  61 0026 00BF     		.align	2
  62              	.L3:
  63 0028 00000000 		.word	hspi2
  64              		.cfi_endproc
  65              	.LFE134:
  67              		.text
  68              	.Letext0:
  69              		.file 2 "/usr/share/gcc-arm-none-eabi-10.3-2021.10/arm-none-eabi/include/machine/_default_types.h"
  70              		.file 3 "/usr/share/gcc-arm-none-eabi-10.3-2021.10/arm-none-eabi/include/sys/_stdint.h"
  71              		.file 4 "Drivers/CMSIS/Device/ST/STM32F4xx/Include/stm32f427xx.h"
  72              		.file 5 "Drivers/STM32F4xx_HAL_Driver/Inc/stm32f4xx_hal_def.h"
  73              		.file 6 "Drivers/STM32F4xx_HAL_Driver/Inc/stm32f4xx_hal_dma.h"
  74              		.file 7 "Drivers/STM32F4xx_HAL_Driver/Inc/stm32f4xx_hal_spi.h"
ARM GAS  /tmp/ccYsNjvW.s 			page 3


DEFINED SYMBOLS
                            *ABS*:0000000000000000 ecat_spi.c
     /tmp/ccYsNjvW.s:20     .text.WR_CMD:0000000000000000 $t
     /tmp/ccYsNjvW.s:26     .text.WR_CMD:0000000000000000 WR_CMD
     /tmp/ccYsNjvW.s:63     .text.WR_CMD:0000000000000028 $d

UNDEFINED SYMBOLS
HAL_SPI_TransmitReceive
hspi2
