ARM GAS  /tmp/ccE2WUdJ.s 			page 1


   1              		.cpu cortex-m4
   2              		.arch armv7e-m
   3              		.fpu fpv4-sp-d16
   4              		.eabi_attribute 27, 1
   5              		.eabi_attribute 28, 1
   6              		.eabi_attribute 20, 1
   7              		.eabi_attribute 21, 1
   8              		.eabi_attribute 23, 3
   9              		.eabi_attribute 24, 1
  10              		.eabi_attribute 25, 1
  11              		.eabi_attribute 26, 1
  12              		.eabi_attribute 30, 1
  13              		.eabi_attribute 34, 1
  14              		.eabi_attribute 18, 4
  15              		.file	"spi.c"
  16              		.text
  17              	.Ltext0:
  18              		.cfi_sections	.debug_frame
  19              		.section	.text.MX_SPI2_Init,"ax",%progbits
  20              		.align	1
  21              		.global	MX_SPI2_Init
  22              		.syntax unified
  23              		.thumb
  24              		.thumb_func
  26              	MX_SPI2_Init:
  27              	.LFB134:
  28              		.file 1 "Core/Src/spi.c"
   1:Core/Src/spi.c **** /* USER CODE BEGIN Header */
   2:Core/Src/spi.c **** /**
   3:Core/Src/spi.c ****   ******************************************************************************
   4:Core/Src/spi.c ****   * @file    spi.c
   5:Core/Src/spi.c ****   * @brief   This file provides code for the configuration
   6:Core/Src/spi.c ****   *          of the SPI instances.
   7:Core/Src/spi.c ****   ******************************************************************************
   8:Core/Src/spi.c ****   * @attention
   9:Core/Src/spi.c ****   *
  10:Core/Src/spi.c ****   * Copyright (c) 2024 STMicroelectronics.
  11:Core/Src/spi.c ****   * All rights reserved.
  12:Core/Src/spi.c ****   *
  13:Core/Src/spi.c ****   * This software is licensed under terms that can be found in the LICENSE file
  14:Core/Src/spi.c ****   * in the root directory of this software component.
  15:Core/Src/spi.c ****   * If no LICENSE file comes with this software, it is provided AS-IS.
  16:Core/Src/spi.c ****   *
  17:Core/Src/spi.c ****   ******************************************************************************
  18:Core/Src/spi.c ****   */
  19:Core/Src/spi.c **** /* USER CODE END Header */
  20:Core/Src/spi.c **** /* Includes ------------------------------------------------------------------*/
  21:Core/Src/spi.c **** #include "spi.h"
  22:Core/Src/spi.c **** 
  23:Core/Src/spi.c **** /* USER CODE BEGIN 0 */
  24:Core/Src/spi.c **** 
  25:Core/Src/spi.c **** /* USER CODE END 0 */
  26:Core/Src/spi.c **** 
  27:Core/Src/spi.c **** SPI_HandleTypeDef hspi2;
  28:Core/Src/spi.c **** 
  29:Core/Src/spi.c **** /* SPI2 init function */
  30:Core/Src/spi.c **** void MX_SPI2_Init(void)
ARM GAS  /tmp/ccE2WUdJ.s 			page 2


  31:Core/Src/spi.c **** {
  29              		.loc 1 31 1 view -0
  30              		.cfi_startproc
  31              		@ args = 0, pretend = 0, frame = 0
  32              		@ frame_needed = 0, uses_anonymous_args = 0
  33 0000 08B5     		push	{r3, lr}
  34              		.cfi_def_cfa_offset 8
  35              		.cfi_offset 3, -8
  36              		.cfi_offset 14, -4
  32:Core/Src/spi.c **** 
  33:Core/Src/spi.c ****   /* USER CODE BEGIN SPI2_Init 0 */
  34:Core/Src/spi.c **** 
  35:Core/Src/spi.c ****   /* USER CODE END SPI2_Init 0 */
  36:Core/Src/spi.c **** 
  37:Core/Src/spi.c ****   /* USER CODE BEGIN SPI2_Init 1 */
  38:Core/Src/spi.c **** 
  39:Core/Src/spi.c ****   /* USER CODE END SPI2_Init 1 */
  40:Core/Src/spi.c ****   hspi2.Instance = SPI2;
  37              		.loc 1 40 3 view .LVU1
  38              		.loc 1 40 18 is_stmt 0 view .LVU2
  39 0002 0E48     		ldr	r0, .L5
  40 0004 0E4B     		ldr	r3, .L5+4
  41 0006 0360     		str	r3, [r0]
  41:Core/Src/spi.c ****   hspi2.Init.Mode = SPI_MODE_MASTER;
  42              		.loc 1 41 3 is_stmt 1 view .LVU3
  43              		.loc 1 41 19 is_stmt 0 view .LVU4
  44 0008 4FF48273 		mov	r3, #260
  45 000c 4360     		str	r3, [r0, #4]
  42:Core/Src/spi.c ****   hspi2.Init.Direction = SPI_DIRECTION_2LINES;
  46              		.loc 1 42 3 is_stmt 1 view .LVU5
  47              		.loc 1 42 24 is_stmt 0 view .LVU6
  48 000e 0023     		movs	r3, #0
  49 0010 8360     		str	r3, [r0, #8]
  43:Core/Src/spi.c ****   hspi2.Init.DataSize = SPI_DATASIZE_8BIT;
  50              		.loc 1 43 3 is_stmt 1 view .LVU7
  51              		.loc 1 43 23 is_stmt 0 view .LVU8
  52 0012 C360     		str	r3, [r0, #12]
  44:Core/Src/spi.c ****   hspi2.Init.CLKPolarity = SPI_POLARITY_HIGH;
  53              		.loc 1 44 3 is_stmt 1 view .LVU9
  54              		.loc 1 44 26 is_stmt 0 view .LVU10
  55 0014 0222     		movs	r2, #2
  56 0016 0261     		str	r2, [r0, #16]
  45:Core/Src/spi.c ****   hspi2.Init.CLKPhase = SPI_PHASE_2EDGE;
  57              		.loc 1 45 3 is_stmt 1 view .LVU11
  58              		.loc 1 45 23 is_stmt 0 view .LVU12
  59 0018 0122     		movs	r2, #1
  60 001a 4261     		str	r2, [r0, #20]
  46:Core/Src/spi.c ****   hspi2.Init.NSS = SPI_NSS_SOFT;
  61              		.loc 1 46 3 is_stmt 1 view .LVU13
  62              		.loc 1 46 18 is_stmt 0 view .LVU14
  63 001c 4FF40072 		mov	r2, #512
  64 0020 8261     		str	r2, [r0, #24]
  47:Core/Src/spi.c ****   hspi2.Init.BaudRatePrescaler = SPI_BAUDRATEPRESCALER_2;
  65              		.loc 1 47 3 is_stmt 1 view .LVU15
  66              		.loc 1 47 32 is_stmt 0 view .LVU16
  67 0022 C361     		str	r3, [r0, #28]
  48:Core/Src/spi.c ****   hspi2.Init.FirstBit = SPI_FIRSTBIT_MSB;
ARM GAS  /tmp/ccE2WUdJ.s 			page 3


  68              		.loc 1 48 3 is_stmt 1 view .LVU17
  69              		.loc 1 48 23 is_stmt 0 view .LVU18
  70 0024 0362     		str	r3, [r0, #32]
  49:Core/Src/spi.c ****   hspi2.Init.TIMode = SPI_TIMODE_DISABLE;
  71              		.loc 1 49 3 is_stmt 1 view .LVU19
  72              		.loc 1 49 21 is_stmt 0 view .LVU20
  73 0026 4362     		str	r3, [r0, #36]
  50:Core/Src/spi.c ****   hspi2.Init.CRCCalculation = SPI_CRCCALCULATION_DISABLE;
  74              		.loc 1 50 3 is_stmt 1 view .LVU21
  75              		.loc 1 50 29 is_stmt 0 view .LVU22
  76 0028 8362     		str	r3, [r0, #40]
  51:Core/Src/spi.c ****   hspi2.Init.CRCPolynomial = 10;
  77              		.loc 1 51 3 is_stmt 1 view .LVU23
  78              		.loc 1 51 28 is_stmt 0 view .LVU24
  79 002a 0A23     		movs	r3, #10
  80 002c C362     		str	r3, [r0, #44]
  52:Core/Src/spi.c ****   if (HAL_SPI_Init(&hspi2) != HAL_OK)
  81              		.loc 1 52 3 is_stmt 1 view .LVU25
  82              		.loc 1 52 7 is_stmt 0 view .LVU26
  83 002e FFF7FEFF 		bl	HAL_SPI_Init
  84              	.LVL0:
  85              		.loc 1 52 6 view .LVU27
  86 0032 00B9     		cbnz	r0, .L4
  87              	.L1:
  53:Core/Src/spi.c ****   {
  54:Core/Src/spi.c ****     Error_Handler();
  55:Core/Src/spi.c ****   }
  56:Core/Src/spi.c ****   /* USER CODE BEGIN SPI2_Init 2 */
  57:Core/Src/spi.c **** 
  58:Core/Src/spi.c ****   /* USER CODE END SPI2_Init 2 */
  59:Core/Src/spi.c **** 
  60:Core/Src/spi.c **** }
  88              		.loc 1 60 1 view .LVU28
  89 0034 08BD     		pop	{r3, pc}
  90              	.L4:
  54:Core/Src/spi.c ****   }
  91              		.loc 1 54 5 is_stmt 1 view .LVU29
  92 0036 FFF7FEFF 		bl	Error_Handler
  93              	.LVL1:
  94              		.loc 1 60 1 is_stmt 0 view .LVU30
  95 003a FBE7     		b	.L1
  96              	.L6:
  97              		.align	2
  98              	.L5:
  99 003c 00000000 		.word	.LANCHOR0
 100 0040 00380040 		.word	1073756160
 101              		.cfi_endproc
 102              	.LFE134:
 104              		.section	.text.HAL_SPI_MspInit,"ax",%progbits
 105              		.align	1
 106              		.global	HAL_SPI_MspInit
 107              		.syntax unified
 108              		.thumb
 109              		.thumb_func
 111              	HAL_SPI_MspInit:
 112              	.LVL2:
 113              	.LFB135:
ARM GAS  /tmp/ccE2WUdJ.s 			page 4


  61:Core/Src/spi.c **** 
  62:Core/Src/spi.c **** void HAL_SPI_MspInit(SPI_HandleTypeDef* spiHandle)
  63:Core/Src/spi.c **** {
 114              		.loc 1 63 1 is_stmt 1 view -0
 115              		.cfi_startproc
 116              		@ args = 0, pretend = 0, frame = 32
 117              		@ frame_needed = 0, uses_anonymous_args = 0
 118              		.loc 1 63 1 is_stmt 0 view .LVU32
 119 0000 70B5     		push	{r4, r5, r6, lr}
 120              		.cfi_def_cfa_offset 16
 121              		.cfi_offset 4, -16
 122              		.cfi_offset 5, -12
 123              		.cfi_offset 6, -8
 124              		.cfi_offset 14, -4
 125 0002 88B0     		sub	sp, sp, #32
 126              		.cfi_def_cfa_offset 48
  64:Core/Src/spi.c **** 
  65:Core/Src/spi.c ****   GPIO_InitTypeDef GPIO_InitStruct = {0};
 127              		.loc 1 65 3 is_stmt 1 view .LVU33
 128              		.loc 1 65 20 is_stmt 0 view .LVU34
 129 0004 0023     		movs	r3, #0
 130 0006 0393     		str	r3, [sp, #12]
 131 0008 0493     		str	r3, [sp, #16]
 132 000a 0593     		str	r3, [sp, #20]
 133 000c 0693     		str	r3, [sp, #24]
 134 000e 0793     		str	r3, [sp, #28]
  66:Core/Src/spi.c ****   if(spiHandle->Instance==SPI2)
 135              		.loc 1 66 3 is_stmt 1 view .LVU35
 136              		.loc 1 66 15 is_stmt 0 view .LVU36
 137 0010 0268     		ldr	r2, [r0]
 138              		.loc 1 66 5 view .LVU37
 139 0012 204B     		ldr	r3, .L11
 140 0014 9A42     		cmp	r2, r3
 141 0016 01D0     		beq	.L10
 142              	.LVL3:
 143              	.L7:
  67:Core/Src/spi.c ****   {
  68:Core/Src/spi.c ****   /* USER CODE BEGIN SPI2_MspInit 0 */
  69:Core/Src/spi.c **** 
  70:Core/Src/spi.c ****   /* USER CODE END SPI2_MspInit 0 */
  71:Core/Src/spi.c ****     /* SPI2 clock enable */
  72:Core/Src/spi.c ****     __HAL_RCC_SPI2_CLK_ENABLE();
  73:Core/Src/spi.c **** 
  74:Core/Src/spi.c ****     __HAL_RCC_GPIOC_CLK_ENABLE();
  75:Core/Src/spi.c ****     __HAL_RCC_GPIOB_CLK_ENABLE();
  76:Core/Src/spi.c ****     /**SPI2 GPIO Configuration
  77:Core/Src/spi.c ****     PC2     ------> SPI2_MISO
  78:Core/Src/spi.c ****     PC3     ------> SPI2_MOSI
  79:Core/Src/spi.c ****     PB10     ------> SPI2_SCK
  80:Core/Src/spi.c ****     */
  81:Core/Src/spi.c ****     GPIO_InitStruct.Pin = GPIO_PIN_2|GPIO_PIN_3;
  82:Core/Src/spi.c ****     GPIO_InitStruct.Mode = GPIO_MODE_AF_PP;
  83:Core/Src/spi.c ****     GPIO_InitStruct.Pull = GPIO_PULLDOWN;
  84:Core/Src/spi.c ****     GPIO_InitStruct.Speed = GPIO_SPEED_FREQ_VERY_HIGH;
  85:Core/Src/spi.c ****     GPIO_InitStruct.Alternate = GPIO_AF5_SPI2;
  86:Core/Src/spi.c ****     HAL_GPIO_Init(GPIOC, &GPIO_InitStruct);
  87:Core/Src/spi.c **** 
ARM GAS  /tmp/ccE2WUdJ.s 			page 5


  88:Core/Src/spi.c ****     GPIO_InitStruct.Pin = GPIO_PIN_10;
  89:Core/Src/spi.c ****     GPIO_InitStruct.Mode = GPIO_MODE_AF_PP;
  90:Core/Src/spi.c ****     GPIO_InitStruct.Pull = GPIO_PULLDOWN;
  91:Core/Src/spi.c ****     GPIO_InitStruct.Speed = GPIO_SPEED_FREQ_VERY_HIGH;
  92:Core/Src/spi.c ****     GPIO_InitStruct.Alternate = GPIO_AF5_SPI2;
  93:Core/Src/spi.c ****     HAL_GPIO_Init(GPIOB, &GPIO_InitStruct);
  94:Core/Src/spi.c **** 
  95:Core/Src/spi.c ****   /* USER CODE BEGIN SPI2_MspInit 1 */
  96:Core/Src/spi.c **** 
  97:Core/Src/spi.c ****   /* USER CODE END SPI2_MspInit 1 */
  98:Core/Src/spi.c ****   }
  99:Core/Src/spi.c **** }
 144              		.loc 1 99 1 view .LVU38
 145 0018 08B0     		add	sp, sp, #32
 146              		.cfi_remember_state
 147              		.cfi_def_cfa_offset 16
 148              		@ sp needed
 149 001a 70BD     		pop	{r4, r5, r6, pc}
 150              	.LVL4:
 151              	.L10:
 152              		.cfi_restore_state
  72:Core/Src/spi.c **** 
 153              		.loc 1 72 5 is_stmt 1 view .LVU39
 154              	.LBB2:
  72:Core/Src/spi.c **** 
 155              		.loc 1 72 5 view .LVU40
 156 001c 0022     		movs	r2, #0
 157 001e 0092     		str	r2, [sp]
  72:Core/Src/spi.c **** 
 158              		.loc 1 72 5 view .LVU41
 159 0020 03F50033 		add	r3, r3, #131072
 160 0024 196C     		ldr	r1, [r3, #64]
 161 0026 41F48041 		orr	r1, r1, #16384
 162 002a 1964     		str	r1, [r3, #64]
  72:Core/Src/spi.c **** 
 163              		.loc 1 72 5 view .LVU42
 164 002c 196C     		ldr	r1, [r3, #64]
 165 002e 01F48041 		and	r1, r1, #16384
 166 0032 0091     		str	r1, [sp]
  72:Core/Src/spi.c **** 
 167              		.loc 1 72 5 view .LVU43
 168 0034 0099     		ldr	r1, [sp]
 169              	.LBE2:
  72:Core/Src/spi.c **** 
 170              		.loc 1 72 5 view .LVU44
  74:Core/Src/spi.c ****     __HAL_RCC_GPIOB_CLK_ENABLE();
 171              		.loc 1 74 5 view .LVU45
 172              	.LBB3:
  74:Core/Src/spi.c ****     __HAL_RCC_GPIOB_CLK_ENABLE();
 173              		.loc 1 74 5 view .LVU46
 174 0036 0192     		str	r2, [sp, #4]
  74:Core/Src/spi.c ****     __HAL_RCC_GPIOB_CLK_ENABLE();
 175              		.loc 1 74 5 view .LVU47
 176 0038 196B     		ldr	r1, [r3, #48]
 177 003a 41F00401 		orr	r1, r1, #4
 178 003e 1963     		str	r1, [r3, #48]
  74:Core/Src/spi.c ****     __HAL_RCC_GPIOB_CLK_ENABLE();
ARM GAS  /tmp/ccE2WUdJ.s 			page 6


 179              		.loc 1 74 5 view .LVU48
 180 0040 196B     		ldr	r1, [r3, #48]
 181 0042 01F00401 		and	r1, r1, #4
 182 0046 0191     		str	r1, [sp, #4]
  74:Core/Src/spi.c ****     __HAL_RCC_GPIOB_CLK_ENABLE();
 183              		.loc 1 74 5 view .LVU49
 184 0048 0199     		ldr	r1, [sp, #4]
 185              	.LBE3:
  74:Core/Src/spi.c ****     __HAL_RCC_GPIOB_CLK_ENABLE();
 186              		.loc 1 74 5 view .LVU50
  75:Core/Src/spi.c ****     /**SPI2 GPIO Configuration
 187              		.loc 1 75 5 view .LVU51
 188              	.LBB4:
  75:Core/Src/spi.c ****     /**SPI2 GPIO Configuration
 189              		.loc 1 75 5 view .LVU52
 190 004a 0292     		str	r2, [sp, #8]
  75:Core/Src/spi.c ****     /**SPI2 GPIO Configuration
 191              		.loc 1 75 5 view .LVU53
 192 004c 1A6B     		ldr	r2, [r3, #48]
 193 004e 42F00202 		orr	r2, r2, #2
 194 0052 1A63     		str	r2, [r3, #48]
  75:Core/Src/spi.c ****     /**SPI2 GPIO Configuration
 195              		.loc 1 75 5 view .LVU54
 196 0054 1B6B     		ldr	r3, [r3, #48]
 197 0056 03F00203 		and	r3, r3, #2
 198 005a 0293     		str	r3, [sp, #8]
  75:Core/Src/spi.c ****     /**SPI2 GPIO Configuration
 199              		.loc 1 75 5 view .LVU55
 200 005c 029B     		ldr	r3, [sp, #8]
 201              	.LBE4:
  75:Core/Src/spi.c ****     /**SPI2 GPIO Configuration
 202              		.loc 1 75 5 view .LVU56
  81:Core/Src/spi.c ****     GPIO_InitStruct.Mode = GPIO_MODE_AF_PP;
 203              		.loc 1 81 5 view .LVU57
  81:Core/Src/spi.c ****     GPIO_InitStruct.Mode = GPIO_MODE_AF_PP;
 204              		.loc 1 81 25 is_stmt 0 view .LVU58
 205 005e 0C23     		movs	r3, #12
 206 0060 0393     		str	r3, [sp, #12]
  82:Core/Src/spi.c ****     GPIO_InitStruct.Pull = GPIO_PULLDOWN;
 207              		.loc 1 82 5 is_stmt 1 view .LVU59
  82:Core/Src/spi.c ****     GPIO_InitStruct.Pull = GPIO_PULLDOWN;
 208              		.loc 1 82 26 is_stmt 0 view .LVU60
 209 0062 0224     		movs	r4, #2
 210 0064 0494     		str	r4, [sp, #16]
  83:Core/Src/spi.c ****     GPIO_InitStruct.Speed = GPIO_SPEED_FREQ_VERY_HIGH;
 211              		.loc 1 83 5 is_stmt 1 view .LVU61
  83:Core/Src/spi.c ****     GPIO_InitStruct.Speed = GPIO_SPEED_FREQ_VERY_HIGH;
 212              		.loc 1 83 26 is_stmt 0 view .LVU62
 213 0066 0594     		str	r4, [sp, #20]
  84:Core/Src/spi.c ****     GPIO_InitStruct.Alternate = GPIO_AF5_SPI2;
 214              		.loc 1 84 5 is_stmt 1 view .LVU63
  84:Core/Src/spi.c ****     GPIO_InitStruct.Alternate = GPIO_AF5_SPI2;
 215              		.loc 1 84 27 is_stmt 0 view .LVU64
 216 0068 0326     		movs	r6, #3
 217 006a 0696     		str	r6, [sp, #24]
  85:Core/Src/spi.c ****     HAL_GPIO_Init(GPIOC, &GPIO_InitStruct);
 218              		.loc 1 85 5 is_stmt 1 view .LVU65
ARM GAS  /tmp/ccE2WUdJ.s 			page 7


  85:Core/Src/spi.c ****     HAL_GPIO_Init(GPIOC, &GPIO_InitStruct);
 219              		.loc 1 85 31 is_stmt 0 view .LVU66
 220 006c 0525     		movs	r5, #5
 221 006e 0795     		str	r5, [sp, #28]
  86:Core/Src/spi.c **** 
 222              		.loc 1 86 5 is_stmt 1 view .LVU67
 223 0070 0DEB0301 		add	r1, sp, r3
 224 0074 0848     		ldr	r0, .L11+4
 225              	.LVL5:
  86:Core/Src/spi.c **** 
 226              		.loc 1 86 5 is_stmt 0 view .LVU68
 227 0076 FFF7FEFF 		bl	HAL_GPIO_Init
 228              	.LVL6:
  88:Core/Src/spi.c ****     GPIO_InitStruct.Mode = GPIO_MODE_AF_PP;
 229              		.loc 1 88 5 is_stmt 1 view .LVU69
  88:Core/Src/spi.c ****     GPIO_InitStruct.Mode = GPIO_MODE_AF_PP;
 230              		.loc 1 88 25 is_stmt 0 view .LVU70
 231 007a 4FF48063 		mov	r3, #1024
 232 007e 0393     		str	r3, [sp, #12]
  89:Core/Src/spi.c ****     GPIO_InitStruct.Pull = GPIO_PULLDOWN;
 233              		.loc 1 89 5 is_stmt 1 view .LVU71
  89:Core/Src/spi.c ****     GPIO_InitStruct.Pull = GPIO_PULLDOWN;
 234              		.loc 1 89 26 is_stmt 0 view .LVU72
 235 0080 0494     		str	r4, [sp, #16]
  90:Core/Src/spi.c ****     GPIO_InitStruct.Speed = GPIO_SPEED_FREQ_VERY_HIGH;
 236              		.loc 1 90 5 is_stmt 1 view .LVU73
  90:Core/Src/spi.c ****     GPIO_InitStruct.Speed = GPIO_SPEED_FREQ_VERY_HIGH;
 237              		.loc 1 90 26 is_stmt 0 view .LVU74
 238 0082 0594     		str	r4, [sp, #20]
  91:Core/Src/spi.c ****     GPIO_InitStruct.Alternate = GPIO_AF5_SPI2;
 239              		.loc 1 91 5 is_stmt 1 view .LVU75
  91:Core/Src/spi.c ****     GPIO_InitStruct.Alternate = GPIO_AF5_SPI2;
 240              		.loc 1 91 27 is_stmt 0 view .LVU76
 241 0084 0696     		str	r6, [sp, #24]
  92:Core/Src/spi.c ****     HAL_GPIO_Init(GPIOB, &GPIO_InitStruct);
 242              		.loc 1 92 5 is_stmt 1 view .LVU77
  92:Core/Src/spi.c ****     HAL_GPIO_Init(GPIOB, &GPIO_InitStruct);
 243              		.loc 1 92 31 is_stmt 0 view .LVU78
 244 0086 0795     		str	r5, [sp, #28]
  93:Core/Src/spi.c **** 
 245              		.loc 1 93 5 is_stmt 1 view .LVU79
 246 0088 03A9     		add	r1, sp, #12
 247 008a 0448     		ldr	r0, .L11+8
 248 008c FFF7FEFF 		bl	HAL_GPIO_Init
 249              	.LVL7:
 250              		.loc 1 99 1 is_stmt 0 view .LVU80
 251 0090 C2E7     		b	.L7
 252              	.L12:
 253 0092 00BF     		.align	2
 254              	.L11:
 255 0094 00380040 		.word	1073756160
 256 0098 00080240 		.word	1073874944
 257 009c 00040240 		.word	1073873920
 258              		.cfi_endproc
 259              	.LFE135:
 261              		.section	.text.HAL_SPI_MspDeInit,"ax",%progbits
 262              		.align	1
ARM GAS  /tmp/ccE2WUdJ.s 			page 8


 263              		.global	HAL_SPI_MspDeInit
 264              		.syntax unified
 265              		.thumb
 266              		.thumb_func
 268              	HAL_SPI_MspDeInit:
 269              	.LVL8:
 270              	.LFB136:
 100:Core/Src/spi.c **** 
 101:Core/Src/spi.c **** void HAL_SPI_MspDeInit(SPI_HandleTypeDef* spiHandle)
 102:Core/Src/spi.c **** {
 271              		.loc 1 102 1 is_stmt 1 view -0
 272              		.cfi_startproc
 273              		@ args = 0, pretend = 0, frame = 0
 274              		@ frame_needed = 0, uses_anonymous_args = 0
 275              		.loc 1 102 1 is_stmt 0 view .LVU82
 276 0000 08B5     		push	{r3, lr}
 277              		.cfi_def_cfa_offset 8
 278              		.cfi_offset 3, -8
 279              		.cfi_offset 14, -4
 103:Core/Src/spi.c **** 
 104:Core/Src/spi.c ****   if(spiHandle->Instance==SPI2)
 280              		.loc 1 104 3 is_stmt 1 view .LVU83
 281              		.loc 1 104 15 is_stmt 0 view .LVU84
 282 0002 0268     		ldr	r2, [r0]
 283              		.loc 1 104 5 view .LVU85
 284 0004 094B     		ldr	r3, .L17
 285 0006 9A42     		cmp	r2, r3
 286 0008 00D0     		beq	.L16
 287              	.LVL9:
 288              	.L13:
 105:Core/Src/spi.c ****   {
 106:Core/Src/spi.c ****   /* USER CODE BEGIN SPI2_MspDeInit 0 */
 107:Core/Src/spi.c **** 
 108:Core/Src/spi.c ****   /* USER CODE END SPI2_MspDeInit 0 */
 109:Core/Src/spi.c ****     /* Peripheral clock disable */
 110:Core/Src/spi.c ****     __HAL_RCC_SPI2_CLK_DISABLE();
 111:Core/Src/spi.c **** 
 112:Core/Src/spi.c ****     /**SPI2 GPIO Configuration
 113:Core/Src/spi.c ****     PC2     ------> SPI2_MISO
 114:Core/Src/spi.c ****     PC3     ------> SPI2_MOSI
 115:Core/Src/spi.c ****     PB10     ------> SPI2_SCK
 116:Core/Src/spi.c ****     */
 117:Core/Src/spi.c ****     HAL_GPIO_DeInit(GPIOC, GPIO_PIN_2|GPIO_PIN_3);
 118:Core/Src/spi.c **** 
 119:Core/Src/spi.c ****     HAL_GPIO_DeInit(GPIOB, GPIO_PIN_10);
 120:Core/Src/spi.c **** 
 121:Core/Src/spi.c ****   /* USER CODE BEGIN SPI2_MspDeInit 1 */
 122:Core/Src/spi.c **** 
 123:Core/Src/spi.c ****   /* USER CODE END SPI2_MspDeInit 1 */
 124:Core/Src/spi.c ****   }
 125:Core/Src/spi.c **** }
 289              		.loc 1 125 1 view .LVU86
 290 000a 08BD     		pop	{r3, pc}
 291              	.LVL10:
 292              	.L16:
 110:Core/Src/spi.c **** 
 293              		.loc 1 110 5 is_stmt 1 view .LVU87
ARM GAS  /tmp/ccE2WUdJ.s 			page 9


 294 000c 084A     		ldr	r2, .L17+4
 295 000e 136C     		ldr	r3, [r2, #64]
 296 0010 23F48043 		bic	r3, r3, #16384
 297 0014 1364     		str	r3, [r2, #64]
 117:Core/Src/spi.c **** 
 298              		.loc 1 117 5 view .LVU88
 299 0016 0C21     		movs	r1, #12
 300 0018 0648     		ldr	r0, .L17+8
 301              	.LVL11:
 117:Core/Src/spi.c **** 
 302              		.loc 1 117 5 is_stmt 0 view .LVU89
 303 001a FFF7FEFF 		bl	HAL_GPIO_DeInit
 304              	.LVL12:
 119:Core/Src/spi.c **** 
 305              		.loc 1 119 5 is_stmt 1 view .LVU90
 306 001e 4FF48061 		mov	r1, #1024
 307 0022 0548     		ldr	r0, .L17+12
 308 0024 FFF7FEFF 		bl	HAL_GPIO_DeInit
 309              	.LVL13:
 310              		.loc 1 125 1 is_stmt 0 view .LVU91
 311 0028 EFE7     		b	.L13
 312              	.L18:
 313 002a 00BF     		.align	2
 314              	.L17:
 315 002c 00380040 		.word	1073756160
 316 0030 00380240 		.word	1073887232
 317 0034 00080240 		.word	1073874944
 318 0038 00040240 		.word	1073873920
 319              		.cfi_endproc
 320              	.LFE136:
 322              		.global	hspi2
 323              		.section	.bss.hspi2,"aw",%nobits
 324              		.align	2
 325              		.set	.LANCHOR0,. + 0
 328              	hspi2:
 329 0000 00000000 		.space	88
 329      00000000 
 329      00000000 
 329      00000000 
 329      00000000 
 330              		.text
 331              	.Letext0:
 332              		.file 2 "/usr/share/gcc-arm-none-eabi-10.3-2021.10/arm-none-eabi/include/machine/_default_types.h"
 333              		.file 3 "/usr/share/gcc-arm-none-eabi-10.3-2021.10/arm-none-eabi/include/sys/_stdint.h"
 334              		.file 4 "Drivers/CMSIS/Device/ST/STM32F4xx/Include/stm32f427xx.h"
 335              		.file 5 "Drivers/STM32F4xx_HAL_Driver/Inc/stm32f4xx_hal_def.h"
 336              		.file 6 "Drivers/STM32F4xx_HAL_Driver/Inc/stm32f4xx_hal_gpio.h"
 337              		.file 7 "Drivers/STM32F4xx_HAL_Driver/Inc/stm32f4xx_hal_dma.h"
 338              		.file 8 "Drivers/STM32F4xx_HAL_Driver/Inc/stm32f4xx_hal_spi.h"
 339              		.file 9 "Core/Inc/main.h"
 340              		.file 10 "Core/Inc/spi.h"
ARM GAS  /tmp/ccE2WUdJ.s 			page 10


DEFINED SYMBOLS
                            *ABS*:0000000000000000 spi.c
     /tmp/ccE2WUdJ.s:20     .text.MX_SPI2_Init:0000000000000000 $t
     /tmp/ccE2WUdJ.s:26     .text.MX_SPI2_Init:0000000000000000 MX_SPI2_Init
     /tmp/ccE2WUdJ.s:99     .text.MX_SPI2_Init:000000000000003c $d
     /tmp/ccE2WUdJ.s:105    .text.HAL_SPI_MspInit:0000000000000000 $t
     /tmp/ccE2WUdJ.s:111    .text.HAL_SPI_MspInit:0000000000000000 HAL_SPI_MspInit
     /tmp/ccE2WUdJ.s:255    .text.HAL_SPI_MspInit:0000000000000094 $d
     /tmp/ccE2WUdJ.s:262    .text.HAL_SPI_MspDeInit:0000000000000000 $t
     /tmp/ccE2WUdJ.s:268    .text.HAL_SPI_MspDeInit:0000000000000000 HAL_SPI_MspDeInit
     /tmp/ccE2WUdJ.s:315    .text.HAL_SPI_MspDeInit:000000000000002c $d
     /tmp/ccE2WUdJ.s:328    .bss.hspi2:0000000000000000 hspi2
     /tmp/ccE2WUdJ.s:324    .bss.hspi2:0000000000000000 $d

UNDEFINED SYMBOLS
HAL_SPI_Init
Error_Handler
HAL_GPIO_Init
HAL_GPIO_DeInit
