ARM GAS  /tmp/ccGfSm73.s 			page 1


   1              		.cpu cortex-m4
   2              		.arch armv7e-m
   3              		.fpu fpv4-sp-d16
   4              		.eabi_attribute 27, 1
   5              		.eabi_attribute 28, 1
   6              		.eabi_attribute 20, 1
   7              		.eabi_attribute 21, 1
   8              		.eabi_attribute 23, 3
   9              		.eabi_attribute 24, 1
  10              		.eabi_attribute 25, 1
  11              		.eabi_attribute 26, 1
  12              		.eabi_attribute 30, 1
  13              		.eabi_attribute 34, 1
  14              		.eabi_attribute 18, 4
  15              		.file	"stm32f4xx_it.c"
  16              		.text
  17              	.Ltext0:
  18              		.cfi_sections	.debug_frame
  19              		.section	.text.NMI_Handler,"ax",%progbits
  20              		.align	1
  21              		.global	NMI_Handler
  22              		.syntax unified
  23              		.thumb
  24              		.thumb_func
  26              	NMI_Handler:
  27              	.LFB134:
  28              		.file 1 "Core/Src/stm32f4xx_it.c"
   1:Core/Src/stm32f4xx_it.c **** /* USER CODE BEGIN Header */
   2:Core/Src/stm32f4xx_it.c **** /**
   3:Core/Src/stm32f4xx_it.c ****  ******************************************************************************
   4:Core/Src/stm32f4xx_it.c ****  * @file    stm32f4xx_it.c
   5:Core/Src/stm32f4xx_it.c ****  * @brief   Interrupt Service Routines.
   6:Core/Src/stm32f4xx_it.c ****  ******************************************************************************
   7:Core/Src/stm32f4xx_it.c ****  * @attention
   8:Core/Src/stm32f4xx_it.c ****  *
   9:Core/Src/stm32f4xx_it.c ****  * Copyright (c) 2024 STMicroelectronics.
  10:Core/Src/stm32f4xx_it.c ****  * All rights reserved.
  11:Core/Src/stm32f4xx_it.c ****  *
  12:Core/Src/stm32f4xx_it.c ****  * This software is licensed under terms that can be found in the LICENSE file
  13:Core/Src/stm32f4xx_it.c ****  * in the root directory of this software component.
  14:Core/Src/stm32f4xx_it.c ****  * If no LICENSE file comes with this software, it is provided AS-IS.
  15:Core/Src/stm32f4xx_it.c ****  *
  16:Core/Src/stm32f4xx_it.c ****  ******************************************************************************
  17:Core/Src/stm32f4xx_it.c ****  */
  18:Core/Src/stm32f4xx_it.c **** /* USER CODE END Header */
  19:Core/Src/stm32f4xx_it.c **** 
  20:Core/Src/stm32f4xx_it.c **** /* Includes ------------------------------------------------------------------*/
  21:Core/Src/stm32f4xx_it.c **** #include "main.h"
  22:Core/Src/stm32f4xx_it.c **** #include "stm32f4xx_it.h"
  23:Core/Src/stm32f4xx_it.c **** /* Private includes ----------------------------------------------------------*/
  24:Core/Src/stm32f4xx_it.c **** /* USER CODE BEGIN Includes */
  25:Core/Src/stm32f4xx_it.c **** #include "ecatappl.h"
  26:Core/Src/stm32f4xx_it.c **** /* USER CODE END Includes */
  27:Core/Src/stm32f4xx_it.c **** 
  28:Core/Src/stm32f4xx_it.c **** /* Private typedef -----------------------------------------------------------*/
  29:Core/Src/stm32f4xx_it.c **** /* USER CODE BEGIN TD */
  30:Core/Src/stm32f4xx_it.c **** 
ARM GAS  /tmp/ccGfSm73.s 			page 2


  31:Core/Src/stm32f4xx_it.c **** /* USER CODE END TD */
  32:Core/Src/stm32f4xx_it.c **** 
  33:Core/Src/stm32f4xx_it.c **** /* Private define ------------------------------------------------------------*/
  34:Core/Src/stm32f4xx_it.c **** /* USER CODE BEGIN PD */
  35:Core/Src/stm32f4xx_it.c **** 
  36:Core/Src/stm32f4xx_it.c **** /* USER CODE END PD */
  37:Core/Src/stm32f4xx_it.c **** 
  38:Core/Src/stm32f4xx_it.c **** /* Private macro -------------------------------------------------------------*/
  39:Core/Src/stm32f4xx_it.c **** /* USER CODE BEGIN PM */
  40:Core/Src/stm32f4xx_it.c **** 
  41:Core/Src/stm32f4xx_it.c **** /* USER CODE END PM */
  42:Core/Src/stm32f4xx_it.c **** 
  43:Core/Src/stm32f4xx_it.c **** /* Private variables ---------------------------------------------------------*/
  44:Core/Src/stm32f4xx_it.c **** /* USER CODE BEGIN PV */
  45:Core/Src/stm32f4xx_it.c **** 
  46:Core/Src/stm32f4xx_it.c **** /* USER CODE END PV */
  47:Core/Src/stm32f4xx_it.c **** 
  48:Core/Src/stm32f4xx_it.c **** /* Private function prototypes -----------------------------------------------*/
  49:Core/Src/stm32f4xx_it.c **** /* USER CODE BEGIN PFP */
  50:Core/Src/stm32f4xx_it.c **** 
  51:Core/Src/stm32f4xx_it.c **** /* USER CODE END PFP */
  52:Core/Src/stm32f4xx_it.c **** 
  53:Core/Src/stm32f4xx_it.c **** /* Private user code ---------------------------------------------------------*/
  54:Core/Src/stm32f4xx_it.c **** /* USER CODE BEGIN 0 */
  55:Core/Src/stm32f4xx_it.c **** 
  56:Core/Src/stm32f4xx_it.c **** /* USER CODE END 0 */
  57:Core/Src/stm32f4xx_it.c **** 
  58:Core/Src/stm32f4xx_it.c **** /* External variables --------------------------------------------------------*/
  59:Core/Src/stm32f4xx_it.c **** extern TIM_HandleTypeDef htim2;
  60:Core/Src/stm32f4xx_it.c **** /* USER CODE BEGIN EV */
  61:Core/Src/stm32f4xx_it.c **** 
  62:Core/Src/stm32f4xx_it.c **** /* USER CODE END EV */
  63:Core/Src/stm32f4xx_it.c **** 
  64:Core/Src/stm32f4xx_it.c **** /******************************************************************************/
  65:Core/Src/stm32f4xx_it.c **** /*           Cortex-M4 Processor Interruption and Exception Handlers          */
  66:Core/Src/stm32f4xx_it.c **** /******************************************************************************/
  67:Core/Src/stm32f4xx_it.c **** /**
  68:Core/Src/stm32f4xx_it.c ****  * @brief This function handles Non maskable interrupt.
  69:Core/Src/stm32f4xx_it.c ****  */
  70:Core/Src/stm32f4xx_it.c **** void NMI_Handler(void)
  71:Core/Src/stm32f4xx_it.c **** {
  29              		.loc 1 71 1 view -0
  30              		.cfi_startproc
  31              		@ Volatile: function does not return.
  32              		@ args = 0, pretend = 0, frame = 0
  33              		@ frame_needed = 0, uses_anonymous_args = 0
  34              		@ link register save eliminated.
  35              	.L2:
  72:Core/Src/stm32f4xx_it.c ****   /* USER CODE BEGIN NonMaskableInt_IRQn 0 */
  73:Core/Src/stm32f4xx_it.c **** 
  74:Core/Src/stm32f4xx_it.c ****   /* USER CODE END NonMaskableInt_IRQn 0 */
  75:Core/Src/stm32f4xx_it.c ****   /* USER CODE BEGIN NonMaskableInt_IRQn 1 */
  76:Core/Src/stm32f4xx_it.c ****   while (1)
  36              		.loc 1 76 3 discriminator 1 view .LVU1
  77:Core/Src/stm32f4xx_it.c ****   {
  78:Core/Src/stm32f4xx_it.c ****   }
  37              		.loc 1 78 3 discriminator 1 view .LVU2
ARM GAS  /tmp/ccGfSm73.s 			page 3


  76:Core/Src/stm32f4xx_it.c ****   {
  38              		.loc 1 76 9 discriminator 1 view .LVU3
  39 0000 FEE7     		b	.L2
  40              		.cfi_endproc
  41              	.LFE134:
  43              		.section	.text.HardFault_Handler,"ax",%progbits
  44              		.align	1
  45              		.global	HardFault_Handler
  46              		.syntax unified
  47              		.thumb
  48              		.thumb_func
  50              	HardFault_Handler:
  51              	.LFB135:
  79:Core/Src/stm32f4xx_it.c ****   /* USER CODE END NonMaskableInt_IRQn 1 */
  80:Core/Src/stm32f4xx_it.c **** }
  81:Core/Src/stm32f4xx_it.c **** 
  82:Core/Src/stm32f4xx_it.c **** /**
  83:Core/Src/stm32f4xx_it.c ****  * @brief This function handles Hard fault interrupt.
  84:Core/Src/stm32f4xx_it.c ****  */
  85:Core/Src/stm32f4xx_it.c **** void HardFault_Handler(void)
  86:Core/Src/stm32f4xx_it.c **** {
  52              		.loc 1 86 1 view -0
  53              		.cfi_startproc
  54              		@ Volatile: function does not return.
  55              		@ args = 0, pretend = 0, frame = 0
  56              		@ frame_needed = 0, uses_anonymous_args = 0
  57              		@ link register save eliminated.
  58              	.L4:
  87:Core/Src/stm32f4xx_it.c ****   /* USER CODE BEGIN HardFault_IRQn 0 */
  88:Core/Src/stm32f4xx_it.c **** 
  89:Core/Src/stm32f4xx_it.c ****   /* USER CODE END HardFault_IRQn 0 */
  90:Core/Src/stm32f4xx_it.c ****   while (1)
  59              		.loc 1 90 3 discriminator 1 view .LVU5
  91:Core/Src/stm32f4xx_it.c ****   {
  92:Core/Src/stm32f4xx_it.c ****     /* USER CODE BEGIN W1_HardFault_IRQn 0 */
  93:Core/Src/stm32f4xx_it.c ****     /* USER CODE END W1_HardFault_IRQn 0 */
  94:Core/Src/stm32f4xx_it.c ****   }
  60              		.loc 1 94 3 discriminator 1 view .LVU6
  90:Core/Src/stm32f4xx_it.c ****   {
  61              		.loc 1 90 9 discriminator 1 view .LVU7
  62 0000 FEE7     		b	.L4
  63              		.cfi_endproc
  64              	.LFE135:
  66              		.section	.text.MemManage_Handler,"ax",%progbits
  67              		.align	1
  68              		.global	MemManage_Handler
  69              		.syntax unified
  70              		.thumb
  71              		.thumb_func
  73              	MemManage_Handler:
  74              	.LFB136:
  95:Core/Src/stm32f4xx_it.c **** }
  96:Core/Src/stm32f4xx_it.c **** 
  97:Core/Src/stm32f4xx_it.c **** /**
  98:Core/Src/stm32f4xx_it.c ****  * @brief This function handles Memory management fault.
  99:Core/Src/stm32f4xx_it.c ****  */
 100:Core/Src/stm32f4xx_it.c **** void MemManage_Handler(void)
ARM GAS  /tmp/ccGfSm73.s 			page 4


 101:Core/Src/stm32f4xx_it.c **** {
  75              		.loc 1 101 1 view -0
  76              		.cfi_startproc
  77              		@ Volatile: function does not return.
  78              		@ args = 0, pretend = 0, frame = 0
  79              		@ frame_needed = 0, uses_anonymous_args = 0
  80              		@ link register save eliminated.
  81              	.L6:
 102:Core/Src/stm32f4xx_it.c ****   /* USER CODE BEGIN MemoryManagement_IRQn 0 */
 103:Core/Src/stm32f4xx_it.c **** 
 104:Core/Src/stm32f4xx_it.c ****   /* USER CODE END MemoryManagement_IRQn 0 */
 105:Core/Src/stm32f4xx_it.c ****   while (1)
  82              		.loc 1 105 3 discriminator 1 view .LVU9
 106:Core/Src/stm32f4xx_it.c ****   {
 107:Core/Src/stm32f4xx_it.c ****     /* USER CODE BEGIN W1_MemoryManagement_IRQn 0 */
 108:Core/Src/stm32f4xx_it.c ****     /* USER CODE END W1_MemoryManagement_IRQn 0 */
 109:Core/Src/stm32f4xx_it.c ****   }
  83              		.loc 1 109 3 discriminator 1 view .LVU10
 105:Core/Src/stm32f4xx_it.c ****   {
  84              		.loc 1 105 9 discriminator 1 view .LVU11
  85 0000 FEE7     		b	.L6
  86              		.cfi_endproc
  87              	.LFE136:
  89              		.section	.text.BusFault_Handler,"ax",%progbits
  90              		.align	1
  91              		.global	BusFault_Handler
  92              		.syntax unified
  93              		.thumb
  94              		.thumb_func
  96              	BusFault_Handler:
  97              	.LFB137:
 110:Core/Src/stm32f4xx_it.c **** }
 111:Core/Src/stm32f4xx_it.c **** 
 112:Core/Src/stm32f4xx_it.c **** /**
 113:Core/Src/stm32f4xx_it.c ****  * @brief This function handles Pre-fetch fault, memory access fault.
 114:Core/Src/stm32f4xx_it.c ****  */
 115:Core/Src/stm32f4xx_it.c **** void BusFault_Handler(void)
 116:Core/Src/stm32f4xx_it.c **** {
  98              		.loc 1 116 1 view -0
  99              		.cfi_startproc
 100              		@ Volatile: function does not return.
 101              		@ args = 0, pretend = 0, frame = 0
 102              		@ frame_needed = 0, uses_anonymous_args = 0
 103              		@ link register save eliminated.
 104              	.L8:
 117:Core/Src/stm32f4xx_it.c ****   /* USER CODE BEGIN BusFault_IRQn 0 */
 118:Core/Src/stm32f4xx_it.c **** 
 119:Core/Src/stm32f4xx_it.c ****   /* USER CODE END BusFault_IRQn 0 */
 120:Core/Src/stm32f4xx_it.c ****   while (1)
 105              		.loc 1 120 3 discriminator 1 view .LVU13
 121:Core/Src/stm32f4xx_it.c ****   {
 122:Core/Src/stm32f4xx_it.c ****     /* USER CODE BEGIN W1_BusFault_IRQn 0 */
 123:Core/Src/stm32f4xx_it.c ****     /* USER CODE END W1_BusFault_IRQn 0 */
 124:Core/Src/stm32f4xx_it.c ****   }
 106              		.loc 1 124 3 discriminator 1 view .LVU14
 120:Core/Src/stm32f4xx_it.c ****   {
 107              		.loc 1 120 9 discriminator 1 view .LVU15
ARM GAS  /tmp/ccGfSm73.s 			page 5


 108 0000 FEE7     		b	.L8
 109              		.cfi_endproc
 110              	.LFE137:
 112              		.section	.text.UsageFault_Handler,"ax",%progbits
 113              		.align	1
 114              		.global	UsageFault_Handler
 115              		.syntax unified
 116              		.thumb
 117              		.thumb_func
 119              	UsageFault_Handler:
 120              	.LFB138:
 125:Core/Src/stm32f4xx_it.c **** }
 126:Core/Src/stm32f4xx_it.c **** 
 127:Core/Src/stm32f4xx_it.c **** /**
 128:Core/Src/stm32f4xx_it.c ****  * @brief This function handles Undefined instruction or illegal state.
 129:Core/Src/stm32f4xx_it.c ****  */
 130:Core/Src/stm32f4xx_it.c **** void UsageFault_Handler(void)
 131:Core/Src/stm32f4xx_it.c **** {
 121              		.loc 1 131 1 view -0
 122              		.cfi_startproc
 123              		@ Volatile: function does not return.
 124              		@ args = 0, pretend = 0, frame = 0
 125              		@ frame_needed = 0, uses_anonymous_args = 0
 126              		@ link register save eliminated.
 127              	.L10:
 132:Core/Src/stm32f4xx_it.c ****   /* USER CODE BEGIN UsageFault_IRQn 0 */
 133:Core/Src/stm32f4xx_it.c **** 
 134:Core/Src/stm32f4xx_it.c ****   /* USER CODE END UsageFault_IRQn 0 */
 135:Core/Src/stm32f4xx_it.c ****   while (1)
 128              		.loc 1 135 3 discriminator 1 view .LVU17
 136:Core/Src/stm32f4xx_it.c ****   {
 137:Core/Src/stm32f4xx_it.c ****     /* USER CODE BEGIN W1_UsageFault_IRQn 0 */
 138:Core/Src/stm32f4xx_it.c ****     /* USER CODE END W1_UsageFault_IRQn 0 */
 139:Core/Src/stm32f4xx_it.c ****   }
 129              		.loc 1 139 3 discriminator 1 view .LVU18
 135:Core/Src/stm32f4xx_it.c ****   {
 130              		.loc 1 135 9 discriminator 1 view .LVU19
 131 0000 FEE7     		b	.L10
 132              		.cfi_endproc
 133              	.LFE138:
 135              		.section	.text.SVC_Handler,"ax",%progbits
 136              		.align	1
 137              		.global	SVC_Handler
 138              		.syntax unified
 139              		.thumb
 140              		.thumb_func
 142              	SVC_Handler:
 143              	.LFB139:
 140:Core/Src/stm32f4xx_it.c **** }
 141:Core/Src/stm32f4xx_it.c **** 
 142:Core/Src/stm32f4xx_it.c **** /**
 143:Core/Src/stm32f4xx_it.c ****  * @brief This function handles System service call via SWI instruction.
 144:Core/Src/stm32f4xx_it.c ****  */
 145:Core/Src/stm32f4xx_it.c **** void SVC_Handler(void)
 146:Core/Src/stm32f4xx_it.c **** {
 144              		.loc 1 146 1 view -0
 145              		.cfi_startproc
ARM GAS  /tmp/ccGfSm73.s 			page 6


 146              		@ args = 0, pretend = 0, frame = 0
 147              		@ frame_needed = 0, uses_anonymous_args = 0
 148              		@ link register save eliminated.
 147:Core/Src/stm32f4xx_it.c ****   /* USER CODE BEGIN SVCall_IRQn 0 */
 148:Core/Src/stm32f4xx_it.c **** 
 149:Core/Src/stm32f4xx_it.c ****   /* USER CODE END SVCall_IRQn 0 */
 150:Core/Src/stm32f4xx_it.c ****   /* USER CODE BEGIN SVCall_IRQn 1 */
 151:Core/Src/stm32f4xx_it.c **** 
 152:Core/Src/stm32f4xx_it.c ****   /* USER CODE END SVCall_IRQn 1 */
 153:Core/Src/stm32f4xx_it.c **** }
 149              		.loc 1 153 1 view .LVU21
 150 0000 7047     		bx	lr
 151              		.cfi_endproc
 152              	.LFE139:
 154              		.section	.text.DebugMon_Handler,"ax",%progbits
 155              		.align	1
 156              		.global	DebugMon_Handler
 157              		.syntax unified
 158              		.thumb
 159              		.thumb_func
 161              	DebugMon_Handler:
 162              	.LFB140:
 154:Core/Src/stm32f4xx_it.c **** 
 155:Core/Src/stm32f4xx_it.c **** /**
 156:Core/Src/stm32f4xx_it.c ****  * @brief This function handles Debug monitor.
 157:Core/Src/stm32f4xx_it.c ****  */
 158:Core/Src/stm32f4xx_it.c **** void DebugMon_Handler(void)
 159:Core/Src/stm32f4xx_it.c **** {
 163              		.loc 1 159 1 view -0
 164              		.cfi_startproc
 165              		@ args = 0, pretend = 0, frame = 0
 166              		@ frame_needed = 0, uses_anonymous_args = 0
 167              		@ link register save eliminated.
 160:Core/Src/stm32f4xx_it.c ****   /* USER CODE BEGIN DebugMonitor_IRQn 0 */
 161:Core/Src/stm32f4xx_it.c **** 
 162:Core/Src/stm32f4xx_it.c ****   /* USER CODE END DebugMonitor_IRQn 0 */
 163:Core/Src/stm32f4xx_it.c ****   /* USER CODE BEGIN DebugMonitor_IRQn 1 */
 164:Core/Src/stm32f4xx_it.c **** 
 165:Core/Src/stm32f4xx_it.c ****   /* USER CODE END DebugMonitor_IRQn 1 */
 166:Core/Src/stm32f4xx_it.c **** }
 168              		.loc 1 166 1 view .LVU23
 169 0000 7047     		bx	lr
 170              		.cfi_endproc
 171              	.LFE140:
 173              		.section	.text.PendSV_Handler,"ax",%progbits
 174              		.align	1
 175              		.global	PendSV_Handler
 176              		.syntax unified
 177              		.thumb
 178              		.thumb_func
 180              	PendSV_Handler:
 181              	.LFB141:
 167:Core/Src/stm32f4xx_it.c **** 
 168:Core/Src/stm32f4xx_it.c **** /**
 169:Core/Src/stm32f4xx_it.c ****  * @brief This function handles Pendable request for system service.
 170:Core/Src/stm32f4xx_it.c ****  */
 171:Core/Src/stm32f4xx_it.c **** void PendSV_Handler(void)
ARM GAS  /tmp/ccGfSm73.s 			page 7


 172:Core/Src/stm32f4xx_it.c **** {
 182              		.loc 1 172 1 view -0
 183              		.cfi_startproc
 184              		@ args = 0, pretend = 0, frame = 0
 185              		@ frame_needed = 0, uses_anonymous_args = 0
 186              		@ link register save eliminated.
 173:Core/Src/stm32f4xx_it.c ****   /* USER CODE BEGIN PendSV_IRQn 0 */
 174:Core/Src/stm32f4xx_it.c **** 
 175:Core/Src/stm32f4xx_it.c ****   /* USER CODE END PendSV_IRQn 0 */
 176:Core/Src/stm32f4xx_it.c ****   /* USER CODE BEGIN PendSV_IRQn 1 */
 177:Core/Src/stm32f4xx_it.c **** 
 178:Core/Src/stm32f4xx_it.c ****   /* USER CODE END PendSV_IRQn 1 */
 179:Core/Src/stm32f4xx_it.c **** }
 187              		.loc 1 179 1 view .LVU25
 188 0000 7047     		bx	lr
 189              		.cfi_endproc
 190              	.LFE141:
 192              		.section	.text.SysTick_Handler,"ax",%progbits
 193              		.align	1
 194              		.global	SysTick_Handler
 195              		.syntax unified
 196              		.thumb
 197              		.thumb_func
 199              	SysTick_Handler:
 200              	.LFB142:
 180:Core/Src/stm32f4xx_it.c **** 
 181:Core/Src/stm32f4xx_it.c **** /**
 182:Core/Src/stm32f4xx_it.c ****  * @brief This function handles System tick timer.
 183:Core/Src/stm32f4xx_it.c ****  */
 184:Core/Src/stm32f4xx_it.c **** void SysTick_Handler(void)
 185:Core/Src/stm32f4xx_it.c **** {
 201              		.loc 1 185 1 view -0
 202              		.cfi_startproc
 203              		@ args = 0, pretend = 0, frame = 0
 204              		@ frame_needed = 0, uses_anonymous_args = 0
 205 0000 08B5     		push	{r3, lr}
 206              		.cfi_def_cfa_offset 8
 207              		.cfi_offset 3, -8
 208              		.cfi_offset 14, -4
 186:Core/Src/stm32f4xx_it.c ****   /* USER CODE BEGIN SysTick_IRQn 0 */
 187:Core/Src/stm32f4xx_it.c **** 
 188:Core/Src/stm32f4xx_it.c ****   /* USER CODE END SysTick_IRQn 0 */
 189:Core/Src/stm32f4xx_it.c ****   HAL_IncTick();
 209              		.loc 1 189 3 view .LVU27
 210 0002 FFF7FEFF 		bl	HAL_IncTick
 211              	.LVL0:
 190:Core/Src/stm32f4xx_it.c ****   /* USER CODE BEGIN SysTick_IRQn 1 */
 191:Core/Src/stm32f4xx_it.c **** 
 192:Core/Src/stm32f4xx_it.c ****   /* USER CODE END SysTick_IRQn 1 */
 193:Core/Src/stm32f4xx_it.c **** }
 212              		.loc 1 193 1 is_stmt 0 view .LVU28
 213 0006 08BD     		pop	{r3, pc}
 214              		.cfi_endproc
 215              	.LFE142:
 217              		.section	.text.EXTI0_IRQHandler,"ax",%progbits
 218              		.align	1
 219              		.global	EXTI0_IRQHandler
ARM GAS  /tmp/ccGfSm73.s 			page 8


 220              		.syntax unified
 221              		.thumb
 222              		.thumb_func
 224              	EXTI0_IRQHandler:
 225              	.LFB143:
 194:Core/Src/stm32f4xx_it.c **** 
 195:Core/Src/stm32f4xx_it.c **** /******************************************************************************/
 196:Core/Src/stm32f4xx_it.c **** /* STM32F4xx Peripheral Interrupt Handlers                                    */
 197:Core/Src/stm32f4xx_it.c **** /* Add here the Interrupt Handlers for the used peripherals.                  */
 198:Core/Src/stm32f4xx_it.c **** /* For the available peripheral interrupt handler names,                      */
 199:Core/Src/stm32f4xx_it.c **** /* please refer to the startup file (startup_stm32f4xx.s).                    */
 200:Core/Src/stm32f4xx_it.c **** /******************************************************************************/
 201:Core/Src/stm32f4xx_it.c **** 
 202:Core/Src/stm32f4xx_it.c **** /**
 203:Core/Src/stm32f4xx_it.c ****  * @brief This function handles EXTI line0 interrupt.
 204:Core/Src/stm32f4xx_it.c ****  */
 205:Core/Src/stm32f4xx_it.c **** void EXTI0_IRQHandler(void)
 206:Core/Src/stm32f4xx_it.c **** {
 226              		.loc 1 206 1 is_stmt 1 view -0
 227              		.cfi_startproc
 228              		@ args = 0, pretend = 0, frame = 0
 229              		@ frame_needed = 0, uses_anonymous_args = 0
 230 0000 08B5     		push	{r3, lr}
 231              		.cfi_def_cfa_offset 8
 232              		.cfi_offset 3, -8
 233              		.cfi_offset 14, -4
 207:Core/Src/stm32f4xx_it.c ****   /* USER CODE BEGIN EXTI0_IRQn 0 */
 208:Core/Src/stm32f4xx_it.c ****   Sync0_Isr();
 234              		.loc 1 208 3 view .LVU30
 235 0002 FFF7FEFF 		bl	Sync0_Isr
 236              	.LVL1:
 209:Core/Src/stm32f4xx_it.c ****   /* USER CODE END EXTI0_IRQn 0 */
 210:Core/Src/stm32f4xx_it.c ****   HAL_GPIO_EXTI_IRQHandler(ECAT_SYNC0_Pin);
 237              		.loc 1 210 3 view .LVU31
 238 0006 0120     		movs	r0, #1
 239 0008 FFF7FEFF 		bl	HAL_GPIO_EXTI_IRQHandler
 240              	.LVL2:
 211:Core/Src/stm32f4xx_it.c ****   /* USER CODE BEGIN EXTI0_IRQn 1 */
 212:Core/Src/stm32f4xx_it.c ****   //
 213:Core/Src/stm32f4xx_it.c ****   /* USER CODE END EXTI0_IRQn 1 */
 214:Core/Src/stm32f4xx_it.c **** }
 241              		.loc 1 214 1 is_stmt 0 view .LVU32
 242 000c 08BD     		pop	{r3, pc}
 243              		.cfi_endproc
 244              	.LFE143:
 246              		.section	.text.EXTI1_IRQHandler,"ax",%progbits
 247              		.align	1
 248              		.global	EXTI1_IRQHandler
 249              		.syntax unified
 250              		.thumb
 251              		.thumb_func
 253              	EXTI1_IRQHandler:
 254              	.LFB144:
 215:Core/Src/stm32f4xx_it.c **** 
 216:Core/Src/stm32f4xx_it.c **** /**
 217:Core/Src/stm32f4xx_it.c ****  * @brief This function handles EXTI line1 interrupt.
 218:Core/Src/stm32f4xx_it.c ****  */
ARM GAS  /tmp/ccGfSm73.s 			page 9


 219:Core/Src/stm32f4xx_it.c **** void EXTI1_IRQHandler(void)
 220:Core/Src/stm32f4xx_it.c **** {
 255              		.loc 1 220 1 is_stmt 1 view -0
 256              		.cfi_startproc
 257              		@ args = 0, pretend = 0, frame = 0
 258              		@ frame_needed = 0, uses_anonymous_args = 0
 259 0000 08B5     		push	{r3, lr}
 260              		.cfi_def_cfa_offset 8
 261              		.cfi_offset 3, -8
 262              		.cfi_offset 14, -4
 221:Core/Src/stm32f4xx_it.c ****   /* USER CODE BEGIN EXTI1_IRQn 0 */
 222:Core/Src/stm32f4xx_it.c ****   Sync1_Isr();
 263              		.loc 1 222 3 view .LVU34
 264 0002 FFF7FEFF 		bl	Sync1_Isr
 265              	.LVL3:
 223:Core/Src/stm32f4xx_it.c ****   /* USER CODE END EXTI1_IRQn 0 */
 224:Core/Src/stm32f4xx_it.c ****   HAL_GPIO_EXTI_IRQHandler(ECAT_SYNC1_Pin);
 266              		.loc 1 224 3 view .LVU35
 267 0006 0220     		movs	r0, #2
 268 0008 FFF7FEFF 		bl	HAL_GPIO_EXTI_IRQHandler
 269              	.LVL4:
 225:Core/Src/stm32f4xx_it.c ****   /* USER CODE BEGIN EXTI1_IRQn 1 */
 226:Core/Src/stm32f4xx_it.c **** 
 227:Core/Src/stm32f4xx_it.c ****   /* USER CODE END EXTI1_IRQn 1 */
 228:Core/Src/stm32f4xx_it.c **** }
 270              		.loc 1 228 1 is_stmt 0 view .LVU36
 271 000c 08BD     		pop	{r3, pc}
 272              		.cfi_endproc
 273              	.LFE144:
 275              		.section	.text.EXTI9_5_IRQHandler,"ax",%progbits
 276              		.align	1
 277              		.global	EXTI9_5_IRQHandler
 278              		.syntax unified
 279              		.thumb
 280              		.thumb_func
 282              	EXTI9_5_IRQHandler:
 283              	.LFB145:
 229:Core/Src/stm32f4xx_it.c **** 
 230:Core/Src/stm32f4xx_it.c **** /**
 231:Core/Src/stm32f4xx_it.c ****  * @brief This function handles EXTI line[9:5] interrupts.
 232:Core/Src/stm32f4xx_it.c ****  */
 233:Core/Src/stm32f4xx_it.c **** void EXTI9_5_IRQHandler(void)
 234:Core/Src/stm32f4xx_it.c **** {
 284              		.loc 1 234 1 is_stmt 1 view -0
 285              		.cfi_startproc
 286              		@ args = 0, pretend = 0, frame = 0
 287              		@ frame_needed = 0, uses_anonymous_args = 0
 288 0000 08B5     		push	{r3, lr}
 289              		.cfi_def_cfa_offset 8
 290              		.cfi_offset 3, -8
 291              		.cfi_offset 14, -4
 235:Core/Src/stm32f4xx_it.c ****   /* USER CODE BEGIN EXTI9_5_IRQn 0 */
 236:Core/Src/stm32f4xx_it.c ****   PDI_Isr();
 292              		.loc 1 236 3 view .LVU38
 293 0002 FFF7FEFF 		bl	PDI_Isr
 294              	.LVL5:
 237:Core/Src/stm32f4xx_it.c ****   /* USER CODE END EXTI9_5_IRQn 0 */
ARM GAS  /tmp/ccGfSm73.s 			page 10


 238:Core/Src/stm32f4xx_it.c ****   HAL_GPIO_EXTI_IRQHandler(ECAT_SPI_IRQ_Pin);
 295              		.loc 1 238 3 view .LVU39
 296 0006 4FF48070 		mov	r0, #256
 297 000a FFF7FEFF 		bl	HAL_GPIO_EXTI_IRQHandler
 298              	.LVL6:
 239:Core/Src/stm32f4xx_it.c ****   /* USER CODE BEGIN EXTI9_5_IRQn 1 */
 240:Core/Src/stm32f4xx_it.c ****   //
 241:Core/Src/stm32f4xx_it.c ****   /* USER CODE END EXTI9_5_IRQn 1 */
 242:Core/Src/stm32f4xx_it.c **** }
 299              		.loc 1 242 1 is_stmt 0 view .LVU40
 300 000e 08BD     		pop	{r3, pc}
 301              		.cfi_endproc
 302              	.LFE145:
 304              		.section	.text.TIM2_IRQHandler,"ax",%progbits
 305              		.align	1
 306              		.global	TIM2_IRQHandler
 307              		.syntax unified
 308              		.thumb
 309              		.thumb_func
 311              	TIM2_IRQHandler:
 312              	.LFB146:
 243:Core/Src/stm32f4xx_it.c **** 
 244:Core/Src/stm32f4xx_it.c **** /**
 245:Core/Src/stm32f4xx_it.c ****  * @brief This function handles TIM2 global interrupt.
 246:Core/Src/stm32f4xx_it.c ****  */
 247:Core/Src/stm32f4xx_it.c **** void TIM2_IRQHandler(void)
 248:Core/Src/stm32f4xx_it.c **** {
 313              		.loc 1 248 1 is_stmt 1 view -0
 314              		.cfi_startproc
 315              		@ args = 0, pretend = 0, frame = 0
 316              		@ frame_needed = 0, uses_anonymous_args = 0
 317 0000 08B5     		push	{r3, lr}
 318              		.cfi_def_cfa_offset 8
 319              		.cfi_offset 3, -8
 320              		.cfi_offset 14, -4
 249:Core/Src/stm32f4xx_it.c ****   /* USER CODE BEGIN TIM2_IRQn 0 */
 250:Core/Src/stm32f4xx_it.c ****   //HAL_NVIC_DisableIRQ(EXTI9_5_IRQn);
 251:Core/Src/stm32f4xx_it.c **** 
 252:Core/Src/stm32f4xx_it.c ****   ECAT_CheckTimer();
 321              		.loc 1 252 3 view .LVU42
 322 0002 FFF7FEFF 		bl	ECAT_CheckTimer
 323              	.LVL7:
 253:Core/Src/stm32f4xx_it.c **** 
 254:Core/Src/stm32f4xx_it.c ****   /* USER CODE END TIM2_IRQn 0 */
 255:Core/Src/stm32f4xx_it.c ****   HAL_TIM_IRQHandler(&htim2);
 324              		.loc 1 255 3 view .LVU43
 325 0006 0248     		ldr	r0, .L24
 326 0008 FFF7FEFF 		bl	HAL_TIM_IRQHandler
 327              	.LVL8:
 256:Core/Src/stm32f4xx_it.c ****   /* USER CODE BEGIN TIM2_IRQn 1 */
 257:Core/Src/stm32f4xx_it.c ****   //HAL_NVIC_EnableIRQ(EXTI9_5_IRQn);
 258:Core/Src/stm32f4xx_it.c ****   /* USER CODE END TIM2_IRQn 1 */
 259:Core/Src/stm32f4xx_it.c **** }
 328              		.loc 1 259 1 is_stmt 0 view .LVU44
 329 000c 08BD     		pop	{r3, pc}
 330              	.L25:
 331 000e 00BF     		.align	2
ARM GAS  /tmp/ccGfSm73.s 			page 11


 332              	.L24:
 333 0010 00000000 		.word	htim2
 334              		.cfi_endproc
 335              	.LFE146:
 337              		.text
 338              	.Letext0:
 339              		.file 2 "/usr/share/gcc-arm-none-eabi-10.3-2021.10/arm-none-eabi/include/machine/_default_types.h"
 340              		.file 3 "/usr/share/gcc-arm-none-eabi-10.3-2021.10/arm-none-eabi/include/sys/_stdint.h"
 341              		.file 4 "Drivers/CMSIS/Device/ST/STM32F4xx/Include/stm32f427xx.h"
 342              		.file 5 "Drivers/STM32F4xx_HAL_Driver/Inc/stm32f4xx_hal_def.h"
 343              		.file 6 "Drivers/STM32F4xx_HAL_Driver/Inc/stm32f4xx_hal_dma.h"
 344              		.file 7 "Drivers/STM32F4xx_HAL_Driver/Inc/stm32f4xx_hal_tim.h"
 345              		.file 8 "Lib/ssc_app/include/ecatappl.h"
 346              		.file 9 "Drivers/STM32F4xx_HAL_Driver/Inc/stm32f4xx_hal_gpio.h"
 347              		.file 10 "Drivers/STM32F4xx_HAL_Driver/Inc/stm32f4xx_hal.h"
ARM GAS  /tmp/ccGfSm73.s 			page 12


DEFINED SYMBOLS
                            *ABS*:0000000000000000 stm32f4xx_it.c
     /tmp/ccGfSm73.s:20     .text.NMI_Handler:0000000000000000 $t
     /tmp/ccGfSm73.s:26     .text.NMI_Handler:0000000000000000 NMI_Handler
     /tmp/ccGfSm73.s:44     .text.HardFault_Handler:0000000000000000 $t
     /tmp/ccGfSm73.s:50     .text.HardFault_Handler:0000000000000000 HardFault_Handler
     /tmp/ccGfSm73.s:67     .text.MemManage_Handler:0000000000000000 $t
     /tmp/ccGfSm73.s:73     .text.MemManage_Handler:0000000000000000 MemManage_Handler
     /tmp/ccGfSm73.s:90     .text.BusFault_Handler:0000000000000000 $t
     /tmp/ccGfSm73.s:96     .text.BusFault_Handler:0000000000000000 BusFault_Handler
     /tmp/ccGfSm73.s:113    .text.UsageFault_Handler:0000000000000000 $t
     /tmp/ccGfSm73.s:119    .text.UsageFault_Handler:0000000000000000 UsageFault_Handler
     /tmp/ccGfSm73.s:136    .text.SVC_Handler:0000000000000000 $t
     /tmp/ccGfSm73.s:142    .text.SVC_Handler:0000000000000000 SVC_Handler
     /tmp/ccGfSm73.s:155    .text.DebugMon_Handler:0000000000000000 $t
     /tmp/ccGfSm73.s:161    .text.DebugMon_Handler:0000000000000000 DebugMon_Handler
     /tmp/ccGfSm73.s:174    .text.PendSV_Handler:0000000000000000 $t
     /tmp/ccGfSm73.s:180    .text.PendSV_Handler:0000000000000000 PendSV_Handler
     /tmp/ccGfSm73.s:193    .text.SysTick_Handler:0000000000000000 $t
     /tmp/ccGfSm73.s:199    .text.SysTick_Handler:0000000000000000 SysTick_Handler
     /tmp/ccGfSm73.s:218    .text.EXTI0_IRQHandler:0000000000000000 $t
     /tmp/ccGfSm73.s:224    .text.EXTI0_IRQHandler:0000000000000000 EXTI0_IRQHandler
     /tmp/ccGfSm73.s:247    .text.EXTI1_IRQHandler:0000000000000000 $t
     /tmp/ccGfSm73.s:253    .text.EXTI1_IRQHandler:0000000000000000 EXTI1_IRQHandler
     /tmp/ccGfSm73.s:276    .text.EXTI9_5_IRQHandler:0000000000000000 $t
     /tmp/ccGfSm73.s:282    .text.EXTI9_5_IRQHandler:0000000000000000 EXTI9_5_IRQHandler
     /tmp/ccGfSm73.s:305    .text.TIM2_IRQHandler:0000000000000000 $t
     /tmp/ccGfSm73.s:311    .text.TIM2_IRQHandler:0000000000000000 TIM2_IRQHandler
     /tmp/ccGfSm73.s:333    .text.TIM2_IRQHandler:0000000000000010 $d

UNDEFINED SYMBOLS
HAL_IncTick
Sync0_Isr
HAL_GPIO_EXTI_IRQHandler
Sync1_Isr
PDI_Isr
ECAT_CheckTimer
HAL_TIM_IRQHandler
htim2
