ARM GAS  /tmp/cc3XWjis.s 			page 1


   1              		.cpu cortex-m4
   2              		.arch armv7e-m
   3              		.fpu fpv4-sp-d16
   4              		.eabi_attribute 27, 1
   5              		.eabi_attribute 28, 1
   6              		.eabi_attribute 20, 1
   7              		.eabi_attribute 21, 1
   8              		.eabi_attribute 23, 3
   9              		.eabi_attribute 24, 1
  10              		.eabi_attribute 25, 1
  11              		.eabi_attribute 26, 1
  12              		.eabi_attribute 30, 1
  13              		.eabi_attribute 34, 1
  14              		.eabi_attribute 18, 4
  15              		.file	"tim.c"
  16              		.text
  17              	.Ltext0:
  18              		.cfi_sections	.debug_frame
  19              		.section	.text.MX_TIM2_Init,"ax",%progbits
  20              		.align	1
  21              		.global	MX_TIM2_Init
  22              		.syntax unified
  23              		.thumb
  24              		.thumb_func
  26              	MX_TIM2_Init:
  27              	.LFB134:
  28              		.file 1 "Core/Src/tim.c"
   1:Core/Src/tim.c **** /* USER CODE BEGIN Header */
   2:Core/Src/tim.c **** /**
   3:Core/Src/tim.c ****   ******************************************************************************
   4:Core/Src/tim.c ****   * @file    tim.c
   5:Core/Src/tim.c ****   * @brief   This file provides code for the configuration
   6:Core/Src/tim.c ****   *          of the TIM instances.
   7:Core/Src/tim.c ****   ******************************************************************************
   8:Core/Src/tim.c ****   * @attention
   9:Core/Src/tim.c ****   *
  10:Core/Src/tim.c ****   * Copyright (c) 2024 STMicroelectronics.
  11:Core/Src/tim.c ****   * All rights reserved.
  12:Core/Src/tim.c ****   *
  13:Core/Src/tim.c ****   * This software is licensed under terms that can be found in the LICENSE file
  14:Core/Src/tim.c ****   * in the root directory of this software component.
  15:Core/Src/tim.c ****   * If no LICENSE file comes with this software, it is provided AS-IS.
  16:Core/Src/tim.c ****   *
  17:Core/Src/tim.c ****   ******************************************************************************
  18:Core/Src/tim.c ****   */
  19:Core/Src/tim.c **** /* USER CODE END Header */
  20:Core/Src/tim.c **** /* Includes ------------------------------------------------------------------*/
  21:Core/Src/tim.c **** #include "tim.h"
  22:Core/Src/tim.c **** 
  23:Core/Src/tim.c **** /* USER CODE BEGIN 0 */
  24:Core/Src/tim.c **** 
  25:Core/Src/tim.c **** /* USER CODE END 0 */
  26:Core/Src/tim.c **** 
  27:Core/Src/tim.c **** TIM_HandleTypeDef htim2;
  28:Core/Src/tim.c **** 
  29:Core/Src/tim.c **** /* TIM2 init function */
  30:Core/Src/tim.c **** void MX_TIM2_Init(void)
ARM GAS  /tmp/cc3XWjis.s 			page 2


  31:Core/Src/tim.c **** {
  29              		.loc 1 31 1 view -0
  30              		.cfi_startproc
  31              		@ args = 0, pretend = 0, frame = 24
  32              		@ frame_needed = 0, uses_anonymous_args = 0
  33 0000 00B5     		push	{lr}
  34              		.cfi_def_cfa_offset 4
  35              		.cfi_offset 14, -4
  36 0002 87B0     		sub	sp, sp, #28
  37              		.cfi_def_cfa_offset 32
  32:Core/Src/tim.c **** 
  33:Core/Src/tim.c ****   /* USER CODE BEGIN TIM2_Init 0 */
  34:Core/Src/tim.c **** 
  35:Core/Src/tim.c ****   /* USER CODE END TIM2_Init 0 */
  36:Core/Src/tim.c **** 
  37:Core/Src/tim.c ****   TIM_ClockConfigTypeDef sClockSourceConfig = {0};
  38              		.loc 1 37 3 view .LVU1
  39              		.loc 1 37 26 is_stmt 0 view .LVU2
  40 0004 0023     		movs	r3, #0
  41 0006 0293     		str	r3, [sp, #8]
  42 0008 0393     		str	r3, [sp, #12]
  43 000a 0493     		str	r3, [sp, #16]
  44 000c 0593     		str	r3, [sp, #20]
  38:Core/Src/tim.c ****   TIM_MasterConfigTypeDef sMasterConfig = {0};
  45              		.loc 1 38 3 is_stmt 1 view .LVU3
  46              		.loc 1 38 27 is_stmt 0 view .LVU4
  47 000e 0093     		str	r3, [sp]
  48 0010 0193     		str	r3, [sp, #4]
  39:Core/Src/tim.c **** 
  40:Core/Src/tim.c ****   /* USER CODE BEGIN TIM2_Init 1 */
  41:Core/Src/tim.c **** 
  42:Core/Src/tim.c ****   /* USER CODE END TIM2_Init 1 */
  43:Core/Src/tim.c ****   htim2.Instance = TIM2;
  49              		.loc 1 43 3 is_stmt 1 view .LVU5
  50              		.loc 1 43 18 is_stmt 0 view .LVU6
  51 0012 1548     		ldr	r0, .L9
  52 0014 4FF08042 		mov	r2, #1073741824
  53 0018 0260     		str	r2, [r0]
  44:Core/Src/tim.c ****   htim2.Init.Prescaler = 41;
  54              		.loc 1 44 3 is_stmt 1 view .LVU7
  55              		.loc 1 44 24 is_stmt 0 view .LVU8
  56 001a 2922     		movs	r2, #41
  57 001c 4260     		str	r2, [r0, #4]
  45:Core/Src/tim.c ****   htim2.Init.CounterMode = TIM_COUNTERMODE_UP;
  58              		.loc 1 45 3 is_stmt 1 view .LVU9
  59              		.loc 1 45 26 is_stmt 0 view .LVU10
  60 001e 8360     		str	r3, [r0, #8]
  46:Core/Src/tim.c ****   htim2.Init.Period = 2000;
  61              		.loc 1 46 3 is_stmt 1 view .LVU11
  62              		.loc 1 46 21 is_stmt 0 view .LVU12
  63 0020 4FF4FA62 		mov	r2, #2000
  64 0024 C260     		str	r2, [r0, #12]
  47:Core/Src/tim.c ****   htim2.Init.ClockDivision = TIM_CLOCKDIVISION_DIV1;
  65              		.loc 1 47 3 is_stmt 1 view .LVU13
  66              		.loc 1 47 28 is_stmt 0 view .LVU14
  67 0026 0361     		str	r3, [r0, #16]
  48:Core/Src/tim.c ****   htim2.Init.AutoReloadPreload = TIM_AUTORELOAD_PRELOAD_DISABLE;
ARM GAS  /tmp/cc3XWjis.s 			page 3


  68              		.loc 1 48 3 is_stmt 1 view .LVU15
  69              		.loc 1 48 32 is_stmt 0 view .LVU16
  70 0028 8361     		str	r3, [r0, #24]
  49:Core/Src/tim.c ****   if (HAL_TIM_Base_Init(&htim2) != HAL_OK)
  71              		.loc 1 49 3 is_stmt 1 view .LVU17
  72              		.loc 1 49 7 is_stmt 0 view .LVU18
  73 002a FFF7FEFF 		bl	HAL_TIM_Base_Init
  74              	.LVL0:
  75              		.loc 1 49 6 view .LVU19
  76 002e 90B9     		cbnz	r0, .L6
  77              	.L2:
  50:Core/Src/tim.c ****   {
  51:Core/Src/tim.c ****     Error_Handler();
  52:Core/Src/tim.c ****   }
  53:Core/Src/tim.c ****   sClockSourceConfig.ClockSource = TIM_CLOCKSOURCE_INTERNAL;
  78              		.loc 1 53 3 is_stmt 1 view .LVU20
  79              		.loc 1 53 34 is_stmt 0 view .LVU21
  80 0030 4FF48053 		mov	r3, #4096
  81 0034 0293     		str	r3, [sp, #8]
  54:Core/Src/tim.c ****   if (HAL_TIM_ConfigClockSource(&htim2, &sClockSourceConfig) != HAL_OK)
  82              		.loc 1 54 3 is_stmt 1 view .LVU22
  83              		.loc 1 54 7 is_stmt 0 view .LVU23
  84 0036 02A9     		add	r1, sp, #8
  85 0038 0B48     		ldr	r0, .L9
  86 003a FFF7FEFF 		bl	HAL_TIM_ConfigClockSource
  87              	.LVL1:
  88              		.loc 1 54 6 view .LVU24
  89 003e 68B9     		cbnz	r0, .L7
  90              	.L3:
  55:Core/Src/tim.c ****   {
  56:Core/Src/tim.c ****     Error_Handler();
  57:Core/Src/tim.c ****   }
  58:Core/Src/tim.c ****   sMasterConfig.MasterOutputTrigger = TIM_TRGO_RESET;
  91              		.loc 1 58 3 is_stmt 1 view .LVU25
  92              		.loc 1 58 37 is_stmt 0 view .LVU26
  93 0040 0023     		movs	r3, #0
  94 0042 0093     		str	r3, [sp]
  59:Core/Src/tim.c ****   sMasterConfig.MasterSlaveMode = TIM_MASTERSLAVEMODE_DISABLE;
  95              		.loc 1 59 3 is_stmt 1 view .LVU27
  96              		.loc 1 59 33 is_stmt 0 view .LVU28
  97 0044 0193     		str	r3, [sp, #4]
  60:Core/Src/tim.c ****   if (HAL_TIMEx_MasterConfigSynchronization(&htim2, &sMasterConfig) != HAL_OK)
  98              		.loc 1 60 3 is_stmt 1 view .LVU29
  99              		.loc 1 60 7 is_stmt 0 view .LVU30
 100 0046 6946     		mov	r1, sp
 101 0048 0748     		ldr	r0, .L9
 102 004a FFF7FEFF 		bl	HAL_TIMEx_MasterConfigSynchronization
 103              	.LVL2:
 104              		.loc 1 60 6 view .LVU31
 105 004e 40B9     		cbnz	r0, .L8
 106              	.L1:
  61:Core/Src/tim.c ****   {
  62:Core/Src/tim.c ****     Error_Handler();
  63:Core/Src/tim.c ****   }
  64:Core/Src/tim.c ****   /* USER CODE BEGIN TIM2_Init 2 */
  65:Core/Src/tim.c **** 
  66:Core/Src/tim.c ****   /* USER CODE END TIM2_Init 2 */
ARM GAS  /tmp/cc3XWjis.s 			page 4


  67:Core/Src/tim.c **** 
  68:Core/Src/tim.c **** }
 107              		.loc 1 68 1 view .LVU32
 108 0050 07B0     		add	sp, sp, #28
 109              		.cfi_remember_state
 110              		.cfi_def_cfa_offset 4
 111              		@ sp needed
 112 0052 5DF804FB 		ldr	pc, [sp], #4
 113              	.L6:
 114              		.cfi_restore_state
  51:Core/Src/tim.c ****   }
 115              		.loc 1 51 5 is_stmt 1 view .LVU33
 116 0056 FFF7FEFF 		bl	Error_Handler
 117              	.LVL3:
 118 005a E9E7     		b	.L2
 119              	.L7:
  56:Core/Src/tim.c ****   }
 120              		.loc 1 56 5 view .LVU34
 121 005c FFF7FEFF 		bl	Error_Handler
 122              	.LVL4:
 123 0060 EEE7     		b	.L3
 124              	.L8:
  62:Core/Src/tim.c ****   }
 125              		.loc 1 62 5 view .LVU35
 126 0062 FFF7FEFF 		bl	Error_Handler
 127              	.LVL5:
 128              		.loc 1 68 1 is_stmt 0 view .LVU36
 129 0066 F3E7     		b	.L1
 130              	.L10:
 131              		.align	2
 132              	.L9:
 133 0068 00000000 		.word	.LANCHOR0
 134              		.cfi_endproc
 135              	.LFE134:
 137              		.section	.text.HAL_TIM_Base_MspInit,"ax",%progbits
 138              		.align	1
 139              		.global	HAL_TIM_Base_MspInit
 140              		.syntax unified
 141              		.thumb
 142              		.thumb_func
 144              	HAL_TIM_Base_MspInit:
 145              	.LVL6:
 146              	.LFB135:
  69:Core/Src/tim.c **** 
  70:Core/Src/tim.c **** void HAL_TIM_Base_MspInit(TIM_HandleTypeDef* tim_baseHandle)
  71:Core/Src/tim.c **** {
 147              		.loc 1 71 1 is_stmt 1 view -0
 148              		.cfi_startproc
 149              		@ args = 0, pretend = 0, frame = 8
 150              		@ frame_needed = 0, uses_anonymous_args = 0
  72:Core/Src/tim.c **** 
  73:Core/Src/tim.c ****   if(tim_baseHandle->Instance==TIM2)
 151              		.loc 1 73 3 view .LVU38
 152              		.loc 1 73 20 is_stmt 0 view .LVU39
 153 0000 0368     		ldr	r3, [r0]
 154              		.loc 1 73 5 view .LVU40
 155 0002 B3F1804F 		cmp	r3, #1073741824
ARM GAS  /tmp/cc3XWjis.s 			page 5


 156 0006 00D0     		beq	.L17
 157 0008 7047     		bx	lr
 158              	.L17:
  71:Core/Src/tim.c **** 
 159              		.loc 1 71 1 view .LVU41
 160 000a 00B5     		push	{lr}
 161              		.cfi_def_cfa_offset 4
 162              		.cfi_offset 14, -4
 163 000c 83B0     		sub	sp, sp, #12
 164              		.cfi_def_cfa_offset 16
  74:Core/Src/tim.c ****   {
  75:Core/Src/tim.c ****   /* USER CODE BEGIN TIM2_MspInit 0 */
  76:Core/Src/tim.c **** 
  77:Core/Src/tim.c ****   /* USER CODE END TIM2_MspInit 0 */
  78:Core/Src/tim.c ****     /* TIM2 clock enable */
  79:Core/Src/tim.c ****     __HAL_RCC_TIM2_CLK_ENABLE();
 165              		.loc 1 79 5 is_stmt 1 view .LVU42
 166              	.LBB2:
 167              		.loc 1 79 5 view .LVU43
 168 000e 0021     		movs	r1, #0
 169 0010 0191     		str	r1, [sp, #4]
 170              		.loc 1 79 5 view .LVU44
 171 0012 03F50E33 		add	r3, r3, #145408
 172 0016 1A6C     		ldr	r2, [r3, #64]
 173 0018 42F00102 		orr	r2, r2, #1
 174 001c 1A64     		str	r2, [r3, #64]
 175              		.loc 1 79 5 view .LVU45
 176 001e 1B6C     		ldr	r3, [r3, #64]
 177 0020 03F00103 		and	r3, r3, #1
 178 0024 0193     		str	r3, [sp, #4]
 179              		.loc 1 79 5 view .LVU46
 180 0026 019B     		ldr	r3, [sp, #4]
 181              	.LBE2:
 182              		.loc 1 79 5 view .LVU47
  80:Core/Src/tim.c **** 
  81:Core/Src/tim.c ****     /* TIM2 interrupt Init */
  82:Core/Src/tim.c ****     HAL_NVIC_SetPriority(TIM2_IRQn, 0, 0);
 183              		.loc 1 82 5 view .LVU48
 184 0028 0A46     		mov	r2, r1
 185 002a 1C20     		movs	r0, #28
 186              	.LVL7:
 187              		.loc 1 82 5 is_stmt 0 view .LVU49
 188 002c FFF7FEFF 		bl	HAL_NVIC_SetPriority
 189              	.LVL8:
  83:Core/Src/tim.c ****     HAL_NVIC_EnableIRQ(TIM2_IRQn);
 190              		.loc 1 83 5 is_stmt 1 view .LVU50
 191 0030 1C20     		movs	r0, #28
 192 0032 FFF7FEFF 		bl	HAL_NVIC_EnableIRQ
 193              	.LVL9:
  84:Core/Src/tim.c ****   /* USER CODE BEGIN TIM2_MspInit 1 */
  85:Core/Src/tim.c **** 
  86:Core/Src/tim.c ****   /* USER CODE END TIM2_MspInit 1 */
  87:Core/Src/tim.c ****   }
  88:Core/Src/tim.c **** }
 194              		.loc 1 88 1 is_stmt 0 view .LVU51
 195 0036 03B0     		add	sp, sp, #12
 196              		.cfi_def_cfa_offset 4
ARM GAS  /tmp/cc3XWjis.s 			page 6


 197              		@ sp needed
 198 0038 5DF804FB 		ldr	pc, [sp], #4
 199              		.cfi_endproc
 200              	.LFE135:
 202              		.section	.text.HAL_TIM_Base_MspDeInit,"ax",%progbits
 203              		.align	1
 204              		.global	HAL_TIM_Base_MspDeInit
 205              		.syntax unified
 206              		.thumb
 207              		.thumb_func
 209              	HAL_TIM_Base_MspDeInit:
 210              	.LVL10:
 211              	.LFB136:
  89:Core/Src/tim.c **** 
  90:Core/Src/tim.c **** void HAL_TIM_Base_MspDeInit(TIM_HandleTypeDef* tim_baseHandle)
  91:Core/Src/tim.c **** {
 212              		.loc 1 91 1 is_stmt 1 view -0
 213              		.cfi_startproc
 214              		@ args = 0, pretend = 0, frame = 0
 215              		@ frame_needed = 0, uses_anonymous_args = 0
 216              		.loc 1 91 1 is_stmt 0 view .LVU53
 217 0000 08B5     		push	{r3, lr}
 218              		.cfi_def_cfa_offset 8
 219              		.cfi_offset 3, -8
 220              		.cfi_offset 14, -4
  92:Core/Src/tim.c **** 
  93:Core/Src/tim.c ****   if(tim_baseHandle->Instance==TIM2)
 221              		.loc 1 93 3 is_stmt 1 view .LVU54
 222              		.loc 1 93 20 is_stmt 0 view .LVU55
 223 0002 0368     		ldr	r3, [r0]
 224              		.loc 1 93 5 view .LVU56
 225 0004 B3F1804F 		cmp	r3, #1073741824
 226 0008 00D0     		beq	.L21
 227              	.LVL11:
 228              	.L18:
  94:Core/Src/tim.c ****   {
  95:Core/Src/tim.c ****   /* USER CODE BEGIN TIM2_MspDeInit 0 */
  96:Core/Src/tim.c **** 
  97:Core/Src/tim.c ****   /* USER CODE END TIM2_MspDeInit 0 */
  98:Core/Src/tim.c ****     /* Peripheral clock disable */
  99:Core/Src/tim.c ****     __HAL_RCC_TIM2_CLK_DISABLE();
 100:Core/Src/tim.c **** 
 101:Core/Src/tim.c ****     /* TIM2 interrupt Deinit */
 102:Core/Src/tim.c ****     HAL_NVIC_DisableIRQ(TIM2_IRQn);
 103:Core/Src/tim.c ****   /* USER CODE BEGIN TIM2_MspDeInit 1 */
 104:Core/Src/tim.c **** 
 105:Core/Src/tim.c ****   /* USER CODE END TIM2_MspDeInit 1 */
 106:Core/Src/tim.c ****   }
 107:Core/Src/tim.c **** }
 229              		.loc 1 107 1 view .LVU57
 230 000a 08BD     		pop	{r3, pc}
 231              	.LVL12:
 232              	.L21:
  99:Core/Src/tim.c **** 
 233              		.loc 1 99 5 is_stmt 1 view .LVU58
 234 000c 044A     		ldr	r2, .L22
 235 000e 136C     		ldr	r3, [r2, #64]
ARM GAS  /tmp/cc3XWjis.s 			page 7


 236 0010 23F00103 		bic	r3, r3, #1
 237 0014 1364     		str	r3, [r2, #64]
 102:Core/Src/tim.c ****   /* USER CODE BEGIN TIM2_MspDeInit 1 */
 238              		.loc 1 102 5 view .LVU59
 239 0016 1C20     		movs	r0, #28
 240              	.LVL13:
 102:Core/Src/tim.c ****   /* USER CODE BEGIN TIM2_MspDeInit 1 */
 241              		.loc 1 102 5 is_stmt 0 view .LVU60
 242 0018 FFF7FEFF 		bl	HAL_NVIC_DisableIRQ
 243              	.LVL14:
 244              		.loc 1 107 1 view .LVU61
 245 001c F5E7     		b	.L18
 246              	.L23:
 247 001e 00BF     		.align	2
 248              	.L22:
 249 0020 00380240 		.word	1073887232
 250              		.cfi_endproc
 251              	.LFE136:
 253              		.global	htim2
 254              		.section	.bss.htim2,"aw",%nobits
 255              		.align	2
 256              		.set	.LANCHOR0,. + 0
 259              	htim2:
 260 0000 00000000 		.space	72
 260      00000000 
 260      00000000 
 260      00000000 
 260      00000000 
 261              		.text
 262              	.Letext0:
 263              		.file 2 "/usr/share/gcc-arm-none-eabi-10.3-2021.10/arm-none-eabi/include/machine/_default_types.h"
 264              		.file 3 "/usr/share/gcc-arm-none-eabi-10.3-2021.10/arm-none-eabi/include/sys/_stdint.h"
 265              		.file 4 "Drivers/CMSIS/Device/ST/STM32F4xx/Include/stm32f427xx.h"
 266              		.file 5 "Drivers/STM32F4xx_HAL_Driver/Inc/stm32f4xx_hal_def.h"
 267              		.file 6 "Drivers/STM32F4xx_HAL_Driver/Inc/stm32f4xx_hal_dma.h"
 268              		.file 7 "Drivers/STM32F4xx_HAL_Driver/Inc/stm32f4xx_hal_tim.h"
 269              		.file 8 "Drivers/STM32F4xx_HAL_Driver/Inc/stm32f4xx_hal_cortex.h"
 270              		.file 9 "Drivers/STM32F4xx_HAL_Driver/Inc/stm32f4xx_hal_tim_ex.h"
 271              		.file 10 "Core/Inc/main.h"
 272              		.file 11 "Core/Inc/tim.h"
ARM GAS  /tmp/cc3XWjis.s 			page 8


DEFINED SYMBOLS
                            *ABS*:0000000000000000 tim.c
     /tmp/cc3XWjis.s:20     .text.MX_TIM2_Init:0000000000000000 $t
     /tmp/cc3XWjis.s:26     .text.MX_TIM2_Init:0000000000000000 MX_TIM2_Init
     /tmp/cc3XWjis.s:133    .text.MX_TIM2_Init:0000000000000068 $d
     /tmp/cc3XWjis.s:138    .text.HAL_TIM_Base_MspInit:0000000000000000 $t
     /tmp/cc3XWjis.s:144    .text.HAL_TIM_Base_MspInit:0000000000000000 HAL_TIM_Base_MspInit
     /tmp/cc3XWjis.s:203    .text.HAL_TIM_Base_MspDeInit:0000000000000000 $t
     /tmp/cc3XWjis.s:209    .text.HAL_TIM_Base_MspDeInit:0000000000000000 HAL_TIM_Base_MspDeInit
     /tmp/cc3XWjis.s:249    .text.HAL_TIM_Base_MspDeInit:0000000000000020 $d
     /tmp/cc3XWjis.s:259    .bss.htim2:0000000000000000 htim2
     /tmp/cc3XWjis.s:255    .bss.htim2:0000000000000000 $d

UNDEFINED SYMBOLS
HAL_TIM_Base_Init
HAL_TIM_ConfigClockSource
HAL_TIMEx_MasterConfigSynchronization
Error_Handler
HAL_NVIC_SetPriority
HAL_NVIC_EnableIRQ
HAL_NVIC_DisableIRQ
