ARM GAS  /tmp/cc0oBTxD.s 			page 1


   1              		.cpu cortex-m4
   2              		.arch armv7e-m
   3              		.fpu fpv4-sp-d16
   4              		.eabi_attribute 27, 1
   5              		.eabi_attribute 28, 1
   6              		.eabi_attribute 20, 1
   7              		.eabi_attribute 21, 1
   8              		.eabi_attribute 23, 3
   9              		.eabi_attribute 24, 1
  10              		.eabi_attribute 25, 1
  11              		.eabi_attribute 26, 1
  12              		.eabi_attribute 30, 1
  13              		.eabi_attribute 34, 1
  14              		.eabi_attribute 18, 4
  15              		.file	"bsp_spi2.c"
  16              		.text
  17              	.Ltext0:
  18              		.cfi_sections	.debug_frame
  19              		.section	.text.SPI2_GPIO_Init,"ax",%progbits
  20              		.align	1
  21              		.global	SPI2_GPIO_Init
  22              		.syntax unified
  23              		.thumb
  24              		.thumb_func
  26              	SPI2_GPIO_Init:
  27              	.LFB124:
  28              		.file 1 "Lib/bsp/src/bsp_spi2.c"
   1:Lib/bsp/src/bsp_spi2.c **** #include "bsp_spi2.h"
   2:Lib/bsp/src/bsp_spi2.c **** 
   3:Lib/bsp/src/bsp_spi2.c **** #define BUFFER_SIZE 10
   4:Lib/bsp/src/bsp_spi2.c **** 
   5:Lib/bsp/src/bsp_spi2.c **** uint8_t txBuffer[BUFFER_SIZE];
   6:Lib/bsp/src/bsp_spi2.c **** uint8_t rxBuffer[BUFFER_SIZE];
   7:Lib/bsp/src/bsp_spi2.c **** 
   8:Lib/bsp/src/bsp_spi2.c **** void SPI2_Init(void)
   9:Lib/bsp/src/bsp_spi2.c **** {
  10:Lib/bsp/src/bsp_spi2.c ****     SPI2_GPIO_Init();
  11:Lib/bsp/src/bsp_spi2.c **** 
  12:Lib/bsp/src/bsp_spi2.c ****     SPI_InitTypeDef SPI_InitStructure;
  13:Lib/bsp/src/bsp_spi2.c ****     DMA_InitTypeDef DMA_InitStructure;
  14:Lib/bsp/src/bsp_spi2.c **** 
  15:Lib/bsp/src/bsp_spi2.c ****     // Enable SPI2 and DMA clocks
  16:Lib/bsp/src/bsp_spi2.c ****     RCC_APB1PeriphClockCmd(RCC_APB1Periph_SPI2, ENABLE);
  17:Lib/bsp/src/bsp_spi2.c ****     RCC_AHB1PeriphClockCmd(RCC_AHB1Periph_DMA1, ENABLE);
  18:Lib/bsp/src/bsp_spi2.c **** 
  19:Lib/bsp/src/bsp_spi2.c ****     // Configure SPI2
  20:Lib/bsp/src/bsp_spi2.c ****     SPI_InitStructure.SPI_Direction = SPI_Direction_2Lines_FullDuplex;
  21:Lib/bsp/src/bsp_spi2.c ****     SPI_InitStructure.SPI_Mode = SPI_Mode_Slave;
  22:Lib/bsp/src/bsp_spi2.c ****     SPI_InitStructure.SPI_DataSize = SPI_DataSize_8b;
  23:Lib/bsp/src/bsp_spi2.c ****     SPI_InitStructure.SPI_CPOL = SPI_CPOL_Low;
  24:Lib/bsp/src/bsp_spi2.c ****     SPI_InitStructure.SPI_CPHA = SPI_CPHA_1Edge;
  25:Lib/bsp/src/bsp_spi2.c ****     SPI_InitStructure.SPI_NSS = SPI_NSS_Soft;
  26:Lib/bsp/src/bsp_spi2.c ****     SPI_InitStructure.SPI_BaudRatePrescaler = SPI_BaudRatePrescaler_8;
  27:Lib/bsp/src/bsp_spi2.c ****     SPI_InitStructure.SPI_FirstBit = SPI_FirstBit_MSB;
  28:Lib/bsp/src/bsp_spi2.c ****     SPI_InitStructure.SPI_CRCPolynomial = 7;
  29:Lib/bsp/src/bsp_spi2.c ****     SPI_Init(SPI2, &SPI_InitStructure);
  30:Lib/bsp/src/bsp_spi2.c **** 
ARM GAS  /tmp/cc0oBTxD.s 			page 2


  31:Lib/bsp/src/bsp_spi2.c ****     SPI_Cmd(SPI2, ENABLE);
  32:Lib/bsp/src/bsp_spi2.c **** 
  33:Lib/bsp/src/bsp_spi2.c ****     // Configure DMA for SPI2 RX
  34:Lib/bsp/src/bsp_spi2.c ****     // DMA_InitStructure.DMA_Channel = DMA_Channel_0;
  35:Lib/bsp/src/bsp_spi2.c ****     // DMA_InitStructure.DMA_PeripheralBaseAddr = (uint32_t) & (SPI2->DR);
  36:Lib/bsp/src/bsp_spi2.c ****     // DMA_InitStructure.DMA_Memory0BaseAddr = (uint32_t)rxBuffer;
  37:Lib/bsp/src/bsp_spi2.c ****     // DMA_InitStructure.DMA_DIR = DMA_DIR_PeripheralToMemory;
  38:Lib/bsp/src/bsp_spi2.c ****     // DMA_InitStructure.DMA_BufferSize = BUFFER_SIZE;
  39:Lib/bsp/src/bsp_spi2.c ****     // DMA_InitStructure.DMA_PeripheralInc = DMA_PeripheralInc_Disable;
  40:Lib/bsp/src/bsp_spi2.c ****     // DMA_InitStructure.DMA_MemoryInc = DMA_MemoryInc_Enable;
  41:Lib/bsp/src/bsp_spi2.c ****     // DMA_InitStructure.DMA_PeripheralDataSize = DMA_PeripheralDataSize_Byte;
  42:Lib/bsp/src/bsp_spi2.c ****     // DMA_InitStructure.DMA_MemoryDataSize = DMA_MemoryDataSize_Byte;
  43:Lib/bsp/src/bsp_spi2.c ****     // DMA_InitStructure.DMA_Mode = DMA_Mode_Normal;
  44:Lib/bsp/src/bsp_spi2.c ****     // DMA_InitStructure.DMA_Priority = DMA_Priority_High;
  45:Lib/bsp/src/bsp_spi2.c ****     // DMA_InitStructure.DMA_FIFOMode = DMA_FIFOMode_Disable;
  46:Lib/bsp/src/bsp_spi2.c ****     // DMA_InitStructure.DMA_FIFOThreshold = DMA_FIFOThreshold_HalfFull;
  47:Lib/bsp/src/bsp_spi2.c ****     // DMA_InitStructure.DMA_MemoryBurst = DMA_MemoryBurst_Single;
  48:Lib/bsp/src/bsp_spi2.c ****     // DMA_InitStructure.DMA_PeripheralBurst = DMA_PeripheralBurst_Single;
  49:Lib/bsp/src/bsp_spi2.c ****     // DMA_Init(DMA1_Stream3, &DMA_InitStructure);
  50:Lib/bsp/src/bsp_spi2.c **** 
  51:Lib/bsp/src/bsp_spi2.c ****     // Configure DMA for SPI2 TX
  52:Lib/bsp/src/bsp_spi2.c ****     // DMA_InitStructure.DMA_Channel = DMA_Channel_0;
  53:Lib/bsp/src/bsp_spi2.c ****     // DMA_InitStructure.DMA_PeripheralBaseAddr = (uint32_t) & (SPI2->DR);
  54:Lib/bsp/src/bsp_spi2.c ****     // DMA_InitStructure.DMA_Memory0BaseAddr = (uint32_t)txBuffer;
  55:Lib/bsp/src/bsp_spi2.c ****     // DMA_InitStructure.DMA_DIR = DMA_DIR_MemoryToPeripheral;
  56:Lib/bsp/src/bsp_spi2.c ****     // DMA_Init(DMA1_Stream4, &DMA_InitStructure);
  57:Lib/bsp/src/bsp_spi2.c **** 
  58:Lib/bsp/src/bsp_spi2.c ****     // Enable DMA interrupts
  59:Lib/bsp/src/bsp_spi2.c ****     // DMA_ITConfig(DMA1_Stream3, DMA_IT_TC, ENABLE);
  60:Lib/bsp/src/bsp_spi2.c ****     // DMA_ITConfig(DMA1_Stream4, DMA_IT_TC, ENABLE);
  61:Lib/bsp/src/bsp_spi2.c **** 
  62:Lib/bsp/src/bsp_spi2.c ****     // Enable DMA streams
  63:Lib/bsp/src/bsp_spi2.c ****     // DMA_Cmd(DMA1_Stream3, ENABLE);
  64:Lib/bsp/src/bsp_spi2.c ****     // DMA_Cmd(DMA1_Stream4, ENABLE);
  65:Lib/bsp/src/bsp_spi2.c **** 
  66:Lib/bsp/src/bsp_spi2.c ****     // Enable SPI2 RX DMA
  67:Lib/bsp/src/bsp_spi2.c ****     // SPI_I2S_DMACmd(SPI2, SPI_I2S_DMAReq_Rx, ENABLE);
  68:Lib/bsp/src/bsp_spi2.c **** 
  69:Lib/bsp/src/bsp_spi2.c ****     // Enable SPI2 TX DMA
  70:Lib/bsp/src/bsp_spi2.c ****     // SPI_I2S_DMACmd(SPI2, SPI_I2S_DMAReq_Tx, ENABLE);
  71:Lib/bsp/src/bsp_spi2.c **** }
  72:Lib/bsp/src/bsp_spi2.c **** 
  73:Lib/bsp/src/bsp_spi2.c **** void SPI2_GPIO_Init(void)
  74:Lib/bsp/src/bsp_spi2.c **** {
  29              		.loc 1 74 1 view -0
  30              		.cfi_startproc
  31              		@ args = 0, pretend = 0, frame = 8
  32              		@ frame_needed = 0, uses_anonymous_args = 0
  33 0000 70B5     		push	{r4, r5, r6, lr}
  34              		.cfi_def_cfa_offset 16
  35              		.cfi_offset 4, -16
  36              		.cfi_offset 5, -12
  37              		.cfi_offset 6, -8
  38              		.cfi_offset 14, -4
  39 0002 82B0     		sub	sp, sp, #8
  40              		.cfi_def_cfa_offset 24
  75:Lib/bsp/src/bsp_spi2.c ****     GPIO_InitTypeDef GPIO_InitStructure;
ARM GAS  /tmp/cc0oBTxD.s 			page 3


  41              		.loc 1 75 5 view .LVU1
  76:Lib/bsp/src/bsp_spi2.c **** 
  77:Lib/bsp/src/bsp_spi2.c ****     /* Peripheral Clock Enable -------------------------------------------------*/
  78:Lib/bsp/src/bsp_spi2.c ****     /* Enable the SPI clock */
  79:Lib/bsp/src/bsp_spi2.c ****     SPI2_CLK_INIT(SPI2_CLK, ENABLE);
  42              		.loc 1 79 5 view .LVU2
  43 0004 0121     		movs	r1, #1
  44 0006 4FF48040 		mov	r0, #16384
  45 000a FFF7FEFF 		bl	RCC_APB1PeriphClockCmd
  46              	.LVL0:
  80:Lib/bsp/src/bsp_spi2.c **** 
  81:Lib/bsp/src/bsp_spi2.c ****     /* Enable GPIO clocks */
  82:Lib/bsp/src/bsp_spi2.c ****     RCC_AHB1PeriphClockCmd(SPI2_SCK_GPIO_CLK | SPI2_MISO_GPIO_CLK | SPI2_MOSI_GPIO_CLK, ENABLE);
  47              		.loc 1 82 5 view .LVU3
  48 000e 0121     		movs	r1, #1
  49 0010 0620     		movs	r0, #6
  50 0012 FFF7FEFF 		bl	RCC_AHB1PeriphClockCmd
  51              	.LVL1:
  83:Lib/bsp/src/bsp_spi2.c **** 
  84:Lib/bsp/src/bsp_spi2.c ****     /* Connect SPI pins to AF5 */
  85:Lib/bsp/src/bsp_spi2.c ****     GPIO_PinAFConfig(SPI2_SCK_GPIO_PORT, SPI2_SCK_SOURCE, SPI2_SCK_AF);
  52              		.loc 1 85 5 view .LVU4
  53 0016 1E4E     		ldr	r6, .L3
  54 0018 0522     		movs	r2, #5
  55 001a 0A21     		movs	r1, #10
  56 001c 3046     		mov	r0, r6
  57 001e FFF7FEFF 		bl	GPIO_PinAFConfig
  58              	.LVL2:
  86:Lib/bsp/src/bsp_spi2.c ****     GPIO_PinAFConfig(SPI2_MISO_GPIO_PORT, SPI2_MISO_SOURCE, SPI2_MISO_AF);
  59              		.loc 1 86 5 view .LVU5
  60 0022 1C4D     		ldr	r5, .L3+4
  61 0024 0522     		movs	r2, #5
  62 0026 0221     		movs	r1, #2
  63 0028 2846     		mov	r0, r5
  64 002a FFF7FEFF 		bl	GPIO_PinAFConfig
  65              	.LVL3:
  87:Lib/bsp/src/bsp_spi2.c ****     GPIO_PinAFConfig(SPI2_MOSI_GPIO_PORT, SPI2_MOSI_SOURCE, SPI2_MOSI_AF);
  66              		.loc 1 87 5 view .LVU6
  67 002e 0522     		movs	r2, #5
  68 0030 0321     		movs	r1, #3
  69 0032 2846     		mov	r0, r5
  70 0034 FFF7FEFF 		bl	GPIO_PinAFConfig
  71              	.LVL4:
  88:Lib/bsp/src/bsp_spi2.c **** 
  89:Lib/bsp/src/bsp_spi2.c ****     GPIO_InitStructure.GPIO_Mode = GPIO_Mode_AF;
  72              		.loc 1 89 5 view .LVU7
  73              		.loc 1 89 34 is_stmt 0 view .LVU8
  74 0038 0224     		movs	r4, #2
  75 003a 8DF80440 		strb	r4, [sp, #4]
  90:Lib/bsp/src/bsp_spi2.c ****     GPIO_InitStructure.GPIO_Speed = GPIO_Speed_50MHz;
  76              		.loc 1 90 5 is_stmt 1 view .LVU9
  77              		.loc 1 90 35 is_stmt 0 view .LVU10
  78 003e 8DF80540 		strb	r4, [sp, #5]
  91:Lib/bsp/src/bsp_spi2.c ****     GPIO_InitStructure.GPIO_OType = GPIO_OType_PP;
  79              		.loc 1 91 5 is_stmt 1 view .LVU11
  80              		.loc 1 91 35 is_stmt 0 view .LVU12
  81 0042 0023     		movs	r3, #0
ARM GAS  /tmp/cc0oBTxD.s 			page 4


  82 0044 8DF80630 		strb	r3, [sp, #6]
  92:Lib/bsp/src/bsp_spi2.c ****     GPIO_InitStructure.GPIO_PuPd = GPIO_PuPd_DOWN;
  83              		.loc 1 92 5 is_stmt 1 view .LVU13
  84              		.loc 1 92 34 is_stmt 0 view .LVU14
  85 0048 8DF80740 		strb	r4, [sp, #7]
  93:Lib/bsp/src/bsp_spi2.c **** 
  94:Lib/bsp/src/bsp_spi2.c ****     /* SPI SCK pin configuration */
  95:Lib/bsp/src/bsp_spi2.c ****     GPIO_InitStructure.GPIO_Pin = SPI2_SCK_PIN;
  86              		.loc 1 95 5 is_stmt 1 view .LVU15
  87              		.loc 1 95 33 is_stmt 0 view .LVU16
  88 004c 4FF48063 		mov	r3, #1024
  89 0050 0093     		str	r3, [sp]
  96:Lib/bsp/src/bsp_spi2.c ****     GPIO_Init(SPI2_SCK_GPIO_PORT, &GPIO_InitStructure);
  90              		.loc 1 96 5 is_stmt 1 view .LVU17
  91 0052 6946     		mov	r1, sp
  92 0054 3046     		mov	r0, r6
  93 0056 FFF7FEFF 		bl	GPIO_Init
  94              	.LVL5:
  97:Lib/bsp/src/bsp_spi2.c **** 
  98:Lib/bsp/src/bsp_spi2.c ****     /* SPI  MISO pin configuration */
  99:Lib/bsp/src/bsp_spi2.c ****     GPIO_InitStructure.GPIO_Pin = SPI2_MISO_PIN;
  95              		.loc 1 99 5 view .LVU18
  96              		.loc 1 99 33 is_stmt 0 view .LVU19
  97 005a 0426     		movs	r6, #4
  98 005c 0096     		str	r6, [sp]
 100:Lib/bsp/src/bsp_spi2.c ****     GPIO_Init(SPI2_MISO_GPIO_PORT, &GPIO_InitStructure);
  99              		.loc 1 100 5 is_stmt 1 view .LVU20
 100 005e 6946     		mov	r1, sp
 101 0060 2846     		mov	r0, r5
 102 0062 FFF7FEFF 		bl	GPIO_Init
 103              	.LVL6:
 101:Lib/bsp/src/bsp_spi2.c **** 
 102:Lib/bsp/src/bsp_spi2.c ****     /* SPI  MOSI pin configuration */
 103:Lib/bsp/src/bsp_spi2.c ****     GPIO_InitStructure.GPIO_Pin = SPI2_MOSI_PIN;
 104              		.loc 1 103 5 view .LVU21
 105              		.loc 1 103 33 is_stmt 0 view .LVU22
 106 0066 0823     		movs	r3, #8
 107 0068 0093     		str	r3, [sp]
 104:Lib/bsp/src/bsp_spi2.c ****     GPIO_Init(SPI2_MOSI_GPIO_PORT, &GPIO_InitStructure);
 108              		.loc 1 104 5 is_stmt 1 view .LVU23
 109 006a 6946     		mov	r1, sp
 110 006c 2846     		mov	r0, r5
 111 006e FFF7FEFF 		bl	GPIO_Init
 112              	.LVL7:
 105:Lib/bsp/src/bsp_spi2.c **** 
 106:Lib/bsp/src/bsp_spi2.c ****     /* Enable GPIO clocks */
 107:Lib/bsp/src/bsp_spi2.c ****     RCC_AHB1PeriphClockCmd(RCC_AHB1Periph_GPIOA, ENABLE);
 113              		.loc 1 107 5 view .LVU24
 114 0072 0121     		movs	r1, #1
 115 0074 0846     		mov	r0, r1
 116 0076 FFF7FEFF 		bl	RCC_AHB1PeriphClockCmd
 117              	.LVL8:
 108:Lib/bsp/src/bsp_spi2.c ****     RCC_AHB1PeriphClockCmd(RCC_AHB1Periph_GPIOB, ENABLE);
 118              		.loc 1 108 5 view .LVU25
 119 007a 0121     		movs	r1, #1
 120 007c 2046     		mov	r0, r4
 121 007e FFF7FEFF 		bl	RCC_AHB1PeriphClockCmd
ARM GAS  /tmp/cc0oBTxD.s 			page 5


 122              	.LVL9:
 109:Lib/bsp/src/bsp_spi2.c ****     RCC_AHB1PeriphClockCmd(RCC_AHB1Periph_GPIOC, ENABLE);
 123              		.loc 1 109 5 view .LVU26
 124 0082 0121     		movs	r1, #1
 125 0084 3046     		mov	r0, r6
 126 0086 FFF7FEFF 		bl	RCC_AHB1PeriphClockCmd
 127              	.LVL10:
 110:Lib/bsp/src/bsp_spi2.c **** }
 128              		.loc 1 110 1 is_stmt 0 view .LVU27
 129 008a 02B0     		add	sp, sp, #8
 130              		.cfi_def_cfa_offset 16
 131              		@ sp needed
 132 008c 70BD     		pop	{r4, r5, r6, pc}
 133              	.L4:
 134 008e 00BF     		.align	2
 135              	.L3:
 136 0090 00040240 		.word	1073873920
 137 0094 00080240 		.word	1073874944
 138              		.cfi_endproc
 139              	.LFE124:
 141              		.section	.text.SPI2_Init,"ax",%progbits
 142              		.align	1
 143              		.global	SPI2_Init
 144              		.syntax unified
 145              		.thumb
 146              		.thumb_func
 148              	SPI2_Init:
 149              	.LFB123:
   9:Lib/bsp/src/bsp_spi2.c ****     SPI2_GPIO_Init();
 150              		.loc 1 9 1 is_stmt 1 view -0
 151              		.cfi_startproc
 152              		@ args = 0, pretend = 0, frame = 24
 153              		@ frame_needed = 0, uses_anonymous_args = 0
 154 0000 10B5     		push	{r4, lr}
 155              		.cfi_def_cfa_offset 8
 156              		.cfi_offset 4, -8
 157              		.cfi_offset 14, -4
 158 0002 86B0     		sub	sp, sp, #24
 159              		.cfi_def_cfa_offset 32
  10:Lib/bsp/src/bsp_spi2.c **** 
 160              		.loc 1 10 5 view .LVU29
 161 0004 FFF7FEFF 		bl	SPI2_GPIO_Init
 162              	.LVL11:
  12:Lib/bsp/src/bsp_spi2.c ****     DMA_InitTypeDef DMA_InitStructure;
 163              		.loc 1 12 5 view .LVU30
  13:Lib/bsp/src/bsp_spi2.c **** 
 164              		.loc 1 13 5 view .LVU31
  16:Lib/bsp/src/bsp_spi2.c ****     RCC_AHB1PeriphClockCmd(RCC_AHB1Periph_DMA1, ENABLE);
 165              		.loc 1 16 5 view .LVU32
 166 0008 0121     		movs	r1, #1
 167 000a 4FF48040 		mov	r0, #16384
 168 000e FFF7FEFF 		bl	RCC_APB1PeriphClockCmd
 169              	.LVL12:
  17:Lib/bsp/src/bsp_spi2.c **** 
 170              		.loc 1 17 5 view .LVU33
 171 0012 0121     		movs	r1, #1
 172 0014 4FF40010 		mov	r0, #2097152
ARM GAS  /tmp/cc0oBTxD.s 			page 6


 173 0018 FFF7FEFF 		bl	RCC_AHB1PeriphClockCmd
 174              	.LVL13:
  20:Lib/bsp/src/bsp_spi2.c ****     SPI_InitStructure.SPI_Mode = SPI_Mode_Slave;
 175              		.loc 1 20 5 view .LVU34
  20:Lib/bsp/src/bsp_spi2.c ****     SPI_InitStructure.SPI_Mode = SPI_Mode_Slave;
 176              		.loc 1 20 37 is_stmt 0 view .LVU35
 177 001c 0023     		movs	r3, #0
 178 001e ADF80430 		strh	r3, [sp, #4]	@ movhi
  21:Lib/bsp/src/bsp_spi2.c ****     SPI_InitStructure.SPI_DataSize = SPI_DataSize_8b;
 179              		.loc 1 21 5 is_stmt 1 view .LVU36
  21:Lib/bsp/src/bsp_spi2.c ****     SPI_InitStructure.SPI_DataSize = SPI_DataSize_8b;
 180              		.loc 1 21 32 is_stmt 0 view .LVU37
 181 0022 ADF80630 		strh	r3, [sp, #6]	@ movhi
  22:Lib/bsp/src/bsp_spi2.c ****     SPI_InitStructure.SPI_CPOL = SPI_CPOL_Low;
 182              		.loc 1 22 5 is_stmt 1 view .LVU38
  22:Lib/bsp/src/bsp_spi2.c ****     SPI_InitStructure.SPI_CPOL = SPI_CPOL_Low;
 183              		.loc 1 22 36 is_stmt 0 view .LVU39
 184 0026 ADF80830 		strh	r3, [sp, #8]	@ movhi
  23:Lib/bsp/src/bsp_spi2.c ****     SPI_InitStructure.SPI_CPHA = SPI_CPHA_1Edge;
 185              		.loc 1 23 5 is_stmt 1 view .LVU40
  23:Lib/bsp/src/bsp_spi2.c ****     SPI_InitStructure.SPI_CPHA = SPI_CPHA_1Edge;
 186              		.loc 1 23 32 is_stmt 0 view .LVU41
 187 002a ADF80A30 		strh	r3, [sp, #10]	@ movhi
  24:Lib/bsp/src/bsp_spi2.c ****     SPI_InitStructure.SPI_NSS = SPI_NSS_Soft;
 188              		.loc 1 24 5 is_stmt 1 view .LVU42
  24:Lib/bsp/src/bsp_spi2.c ****     SPI_InitStructure.SPI_NSS = SPI_NSS_Soft;
 189              		.loc 1 24 32 is_stmt 0 view .LVU43
 190 002e ADF80C30 		strh	r3, [sp, #12]	@ movhi
  25:Lib/bsp/src/bsp_spi2.c ****     SPI_InitStructure.SPI_BaudRatePrescaler = SPI_BaudRatePrescaler_8;
 191              		.loc 1 25 5 is_stmt 1 view .LVU44
  25:Lib/bsp/src/bsp_spi2.c ****     SPI_InitStructure.SPI_BaudRatePrescaler = SPI_BaudRatePrescaler_8;
 192              		.loc 1 25 31 is_stmt 0 view .LVU45
 193 0032 4FF40072 		mov	r2, #512
 194 0036 ADF80E20 		strh	r2, [sp, #14]	@ movhi
  26:Lib/bsp/src/bsp_spi2.c ****     SPI_InitStructure.SPI_FirstBit = SPI_FirstBit_MSB;
 195              		.loc 1 26 5 is_stmt 1 view .LVU46
  26:Lib/bsp/src/bsp_spi2.c ****     SPI_InitStructure.SPI_FirstBit = SPI_FirstBit_MSB;
 196              		.loc 1 26 45 is_stmt 0 view .LVU47
 197 003a 1022     		movs	r2, #16
 198 003c ADF81020 		strh	r2, [sp, #16]	@ movhi
  27:Lib/bsp/src/bsp_spi2.c ****     SPI_InitStructure.SPI_CRCPolynomial = 7;
 199              		.loc 1 27 5 is_stmt 1 view .LVU48
  27:Lib/bsp/src/bsp_spi2.c ****     SPI_InitStructure.SPI_CRCPolynomial = 7;
 200              		.loc 1 27 36 is_stmt 0 view .LVU49
 201 0040 ADF81230 		strh	r3, [sp, #18]	@ movhi
  28:Lib/bsp/src/bsp_spi2.c ****     SPI_Init(SPI2, &SPI_InitStructure);
 202              		.loc 1 28 5 is_stmt 1 view .LVU50
  28:Lib/bsp/src/bsp_spi2.c ****     SPI_Init(SPI2, &SPI_InitStructure);
 203              		.loc 1 28 41 is_stmt 0 view .LVU51
 204 0044 0723     		movs	r3, #7
 205 0046 ADF81430 		strh	r3, [sp, #20]	@ movhi
  29:Lib/bsp/src/bsp_spi2.c **** 
 206              		.loc 1 29 5 is_stmt 1 view .LVU52
 207 004a 054C     		ldr	r4, .L7
 208 004c 01A9     		add	r1, sp, #4
 209 004e 2046     		mov	r0, r4
 210 0050 FFF7FEFF 		bl	SPI_Init
ARM GAS  /tmp/cc0oBTxD.s 			page 7


 211              	.LVL14:
  31:Lib/bsp/src/bsp_spi2.c **** 
 212              		.loc 1 31 5 view .LVU53
 213 0054 0121     		movs	r1, #1
 214 0056 2046     		mov	r0, r4
 215 0058 FFF7FEFF 		bl	SPI_Cmd
 216              	.LVL15:
  71:Lib/bsp/src/bsp_spi2.c **** 
 217              		.loc 1 71 1 is_stmt 0 view .LVU54
 218 005c 06B0     		add	sp, sp, #24
 219              		.cfi_def_cfa_offset 8
 220              		@ sp needed
 221 005e 10BD     		pop	{r4, pc}
 222              	.L8:
 223              		.align	2
 224              	.L7:
 225 0060 00380040 		.word	1073756160
 226              		.cfi_endproc
 227              	.LFE123:
 229              		.section	.text.spi2_w_cmd,"ax",%progbits
 230              		.align	1
 231              		.global	spi2_w_cmd
 232              		.syntax unified
 233              		.thumb
 234              		.thumb_func
 236              	spi2_w_cmd:
 237              	.LVL16:
 238              	.LFB125:
 111:Lib/bsp/src/bsp_spi2.c **** 
 112:Lib/bsp/src/bsp_spi2.c **** void spi2_w_cmd(uint8_t cmd)
 113:Lib/bsp/src/bsp_spi2.c **** {
 239              		.loc 1 113 1 is_stmt 1 view -0
 240              		.cfi_startproc
 241              		@ args = 0, pretend = 0, frame = 0
 242              		@ frame_needed = 0, uses_anonymous_args = 0
 243              		.loc 1 113 1 is_stmt 0 view .LVU56
 244 0000 08B5     		push	{r3, lr}
 245              		.cfi_def_cfa_offset 8
 246              		.cfi_offset 3, -8
 247              		.cfi_offset 14, -4
 248 0002 0146     		mov	r1, r0
 114:Lib/bsp/src/bsp_spi2.c ****     //while (SPI_I2S_GetFlagStatus(SPI2, SPI_I2S_FLAG_TXE) == RESET)
 115:Lib/bsp/src/bsp_spi2.c ****     //     ;
 116:Lib/bsp/src/bsp_spi2.c ****     SPI_I2S_SendData(SPI2, cmd);
 249              		.loc 1 116 5 is_stmt 1 view .LVU57
 250 0004 0148     		ldr	r0, .L11
 251              	.LVL17:
 252              		.loc 1 116 5 is_stmt 0 view .LVU58
 253 0006 FFF7FEFF 		bl	SPI_I2S_SendData
 254              	.LVL18:
 117:Lib/bsp/src/bsp_spi2.c **** 
 118:Lib/bsp/src/bsp_spi2.c ****     //while (SPI_GetFlagStatus(SPI2, SPI_FLAG_BSY) == SET)
 119:Lib/bsp/src/bsp_spi2.c ****     //    ;
 120:Lib/bsp/src/bsp_spi2.c **** }
 255              		.loc 1 120 1 view .LVU59
 256 000a 08BD     		pop	{r3, pc}
 257              	.L12:
ARM GAS  /tmp/cc0oBTxD.s 			page 8


 258              		.align	2
 259              	.L11:
 260 000c 00380040 		.word	1073756160
 261              		.cfi_endproc
 262              	.LFE125:
 264              		.section	.text.spi2_r_cmd,"ax",%progbits
 265              		.align	1
 266              		.global	spi2_r_cmd
 267              		.syntax unified
 268              		.thumb
 269              		.thumb_func
 271              	spi2_r_cmd:
 272              	.LFB126:
 121:Lib/bsp/src/bsp_spi2.c **** 
 122:Lib/bsp/src/bsp_spi2.c **** uint8_t spi2_r_cmd()
 123:Lib/bsp/src/bsp_spi2.c **** {
 273              		.loc 1 123 1 is_stmt 1 view -0
 274              		.cfi_startproc
 275              		@ args = 0, pretend = 0, frame = 0
 276              		@ frame_needed = 0, uses_anonymous_args = 0
 277 0000 08B5     		push	{r3, lr}
 278              		.cfi_def_cfa_offset 8
 279              		.cfi_offset 3, -8
 280              		.cfi_offset 14, -4
 281              	.L14:
 124:Lib/bsp/src/bsp_spi2.c ****     uint8_t temp;
 125:Lib/bsp/src/bsp_spi2.c ****     while (SPI_I2S_GetFlagStatus(SPI2, SPI_I2S_FLAG_RXNE) == RESET)
 126:Lib/bsp/src/bsp_spi2.c ****         ;
 282              		.loc 1 126 9 discriminator 1 view .LVU61
 125:Lib/bsp/src/bsp_spi2.c ****         ;
 283              		.loc 1 125 11 discriminator 1 view .LVU62
 125:Lib/bsp/src/bsp_spi2.c ****         ;
 284              		.loc 1 125 12 is_stmt 0 discriminator 1 view .LVU63
 285 0002 0121     		movs	r1, #1
 286 0004 0448     		ldr	r0, .L16
 287 0006 FFF7FEFF 		bl	SPI_I2S_GetFlagStatus
 288              	.LVL19:
 125:Lib/bsp/src/bsp_spi2.c ****         ;
 289              		.loc 1 125 11 discriminator 1 view .LVU64
 290 000a 0028     		cmp	r0, #0
 291 000c F9D0     		beq	.L14
 127:Lib/bsp/src/bsp_spi2.c ****     /* Read SPI1 received data */
 128:Lib/bsp/src/bsp_spi2.c ****     temp = SPI_I2S_ReceiveData(SPI2);
 292              		.loc 1 128 5 is_stmt 1 view .LVU65
 293              		.loc 1 128 12 is_stmt 0 view .LVU66
 294 000e 0248     		ldr	r0, .L16
 295 0010 FFF7FEFF 		bl	SPI_I2S_ReceiveData
 296              	.LVL20:
 129:Lib/bsp/src/bsp_spi2.c ****     return temp;
 297              		.loc 1 129 5 is_stmt 1 view .LVU67
 130:Lib/bsp/src/bsp_spi2.c **** }
 298              		.loc 1 130 1 is_stmt 0 view .LVU68
 299 0014 C0B2     		uxtb	r0, r0
 300              		.loc 1 130 1 view .LVU69
 301 0016 08BD     		pop	{r3, pc}
 302              	.L17:
 303              		.align	2
ARM GAS  /tmp/cc0oBTxD.s 			page 9


 304              	.L16:
 305 0018 00380040 		.word	1073756160
 306              		.cfi_endproc
 307              	.LFE126:
 309              		.section	.text.spi2_wr_cmd,"ax",%progbits
 310              		.align	1
 311              		.global	spi2_wr_cmd
 312              		.syntax unified
 313              		.thumb
 314              		.thumb_func
 316              	spi2_wr_cmd:
 317              	.LVL21:
 318              	.LFB127:
 131:Lib/bsp/src/bsp_spi2.c **** 
 132:Lib/bsp/src/bsp_spi2.c **** uint8_t spi2_wr_cmd(uint8_t cmd)
 133:Lib/bsp/src/bsp_spi2.c **** {
 319              		.loc 1 133 1 is_stmt 1 view -0
 320              		.cfi_startproc
 321              		@ args = 0, pretend = 0, frame = 0
 322              		@ frame_needed = 0, uses_anonymous_args = 0
 323              		.loc 1 133 1 is_stmt 0 view .LVU71
 324 0000 08B5     		push	{r3, lr}
 325              		.cfi_def_cfa_offset 8
 326              		.cfi_offset 3, -8
 327              		.cfi_offset 14, -4
 134:Lib/bsp/src/bsp_spi2.c ****     spi2_w_cmd(cmd);
 328              		.loc 1 134 5 is_stmt 1 view .LVU72
 329 0002 FFF7FEFF 		bl	spi2_w_cmd
 330              	.LVL22:
 135:Lib/bsp/src/bsp_spi2.c ****     return spi2_r_cmd();
 331              		.loc 1 135 5 view .LVU73
 332              		.loc 1 135 12 is_stmt 0 view .LVU74
 333 0006 FFF7FEFF 		bl	spi2_r_cmd
 334              	.LVL23:
 136:Lib/bsp/src/bsp_spi2.c **** }...
 335              		.loc 1 136 1 view .LVU75
 336 000a 08BD     		pop	{r3, pc}
 337              		.cfi_endproc
 338              	.LFE127:
 340              		.global	rxBuffer
 341              		.global	txBuffer
 342              		.section	.bss.rxBuffer,"aw",%nobits
 343              		.align	2
 346              	rxBuffer:
 347 0000 00000000 		.space	10
 347      00000000 
 347      0000
 348              		.section	.bss.txBuffer,"aw",%nobits
 349              		.align	2
 352              	txBuffer:
 353 0000 00000000 		.space	10
 353      00000000 
 353      0000
 354              		.text
 355              	.Letext0:
 356              		.file 2 "/usr/share/gcc-arm-none-eabi-10.3-2021.10/arm-none-eabi/include/machine/_default_types.h"
 357              		.file 3 "/usr/share/gcc-arm-none-eabi-10.3-2021.10/arm-none-eabi/include/sys/_stdint.h"
ARM GAS  /tmp/cc0oBTxD.s 			page 10


 358              		.file 4 "Drivers/CMSIS/Device/ST/STM32F4xx/Include/stm32f4xx.h"
 359              		.file 5 "Drivers/STM32F4xx_StdPeriph_Driver/inc/stm32f4xx_dma.h"
 360              		.file 6 "Drivers/STM32F4xx_StdPeriph_Driver/inc/stm32f4xx_gpio.h"
 361              		.file 7 "Drivers/STM32F4xx_StdPeriph_Driver/inc/stm32f4xx_spi.h"
 362              		.file 8 "Drivers/STM32F4xx_StdPeriph_Driver/inc/stm32f4xx_rcc.h"
ARM GAS  /tmp/cc0oBTxD.s 			page 11


DEFINED SYMBOLS
                            *ABS*:0000000000000000 bsp_spi2.c
     /tmp/cc0oBTxD.s:20     .text.SPI2_GPIO_Init:0000000000000000 $t
     /tmp/cc0oBTxD.s:26     .text.SPI2_GPIO_Init:0000000000000000 SPI2_GPIO_Init
     /tmp/cc0oBTxD.s:136    .text.SPI2_GPIO_Init:0000000000000090 $d
     /tmp/cc0oBTxD.s:142    .text.SPI2_Init:0000000000000000 $t
     /tmp/cc0oBTxD.s:148    .text.SPI2_Init:0000000000000000 SPI2_Init
     /tmp/cc0oBTxD.s:225    .text.SPI2_Init:0000000000000060 $d
     /tmp/cc0oBTxD.s:230    .text.spi2_w_cmd:0000000000000000 $t
     /tmp/cc0oBTxD.s:236    .text.spi2_w_cmd:0000000000000000 spi2_w_cmd
     /tmp/cc0oBTxD.s:260    .text.spi2_w_cmd:000000000000000c $d
     /tmp/cc0oBTxD.s:265    .text.spi2_r_cmd:0000000000000000 $t
     /tmp/cc0oBTxD.s:271    .text.spi2_r_cmd:0000000000000000 spi2_r_cmd
     /tmp/cc0oBTxD.s:305    .text.spi2_r_cmd:0000000000000018 $d
     /tmp/cc0oBTxD.s:310    .text.spi2_wr_cmd:0000000000000000 $t
     /tmp/cc0oBTxD.s:316    .text.spi2_wr_cmd:0000000000000000 spi2_wr_cmd
     /tmp/cc0oBTxD.s:346    .bss.rxBuffer:0000000000000000 rxBuffer
     /tmp/cc0oBTxD.s:352    .bss.txBuffer:0000000000000000 txBuffer
     /tmp/cc0oBTxD.s:343    .bss.rxBuffer:0000000000000000 $d
     /tmp/cc0oBTxD.s:349    .bss.txBuffer:0000000000000000 $d

UNDEFINED SYMBOLS
RCC_APB1PeriphClockCmd
RCC_AHB1PeriphClockCmd
GPIO_PinAFConfig
GPIO_Init
SPI_Init
SPI_Cmd
SPI_I2S_SendData
SPI_I2S_GetFlagStatus
SPI_I2S_ReceiveData
