ARM GAS  /tmp/ccipNYiR.s 			page 1


   1              		.cpu cortex-m4
   2              		.arch armv7e-m
   3              		.fpu fpv4-sp-d16
   4              		.eabi_attribute 27, 1
   5              		.eabi_attribute 28, 1
   6              		.eabi_attribute 20, 1
   7              		.eabi_attribute 21, 1
   8              		.eabi_attribute 23, 3
   9              		.eabi_attribute 24, 1
  10              		.eabi_attribute 25, 1
  11              		.eabi_attribute 26, 1
  12              		.eabi_attribute 30, 1
  13              		.eabi_attribute 34, 1
  14              		.eabi_attribute 18, 4
  15              		.file	"bsp_dma.c"
  16              		.text
  17              	.Ltext0:
  18              		.cfi_sections	.debug_frame
  19              		.section	.text.RC1_init,"ax",%progbits
  20              		.align	1
  21              		.global	RC1_init
  22              		.syntax unified
  23              		.thumb
  24              		.thumb_func
  26              	RC1_init:
  27              	.LVL0:
  28              	.LFB134:
  29              		.file 1 "Lib/Motor/Src/bsp_dma.c"
   1:Lib/Motor/Src/bsp_dma.c **** #include "bsp_dma.h"
   2:Lib/Motor/Src/bsp_dma.c **** 
   3:Lib/Motor/Src/bsp_dma.c **** void RC1_init(uint8_t *rx1_buf, uint8_t *rx2_buf, uint16_t dma_buf_num)
   4:Lib/Motor/Src/bsp_dma.c **** {
  30              		.loc 1 4 1 view -0
  31              		.cfi_startproc
  32              		@ args = 0, pretend = 0, frame = 0
  33              		@ frame_needed = 0, uses_anonymous_args = 0
  34              		@ link register save eliminated.
  35              		.loc 1 4 1 is_stmt 0 view .LVU1
  36 0000 10B4     		push	{r4}
  37              		.cfi_def_cfa_offset 4
  38              		.cfi_offset 4, -4
   5:Lib/Motor/Src/bsp_dma.c ****     //enable the DMA transfer for the receiver request
   6:Lib/Motor/Src/bsp_dma.c ****     //使能DMA串口接收
   7:Lib/Motor/Src/bsp_dma.c ****     SET_BIT(huart1.Instance->CR3, USART_CR3_DMAR);
  39              		.loc 1 7 5 is_stmt 1 view .LVU2
  40 0002 164B     		ldr	r3, .L5
  41 0004 1B68     		ldr	r3, [r3]
  42 0006 5C69     		ldr	r4, [r3, #20]
  43 0008 44F04004 		orr	r4, r4, #64
  44 000c 5C61     		str	r4, [r3, #20]
   8:Lib/Motor/Src/bsp_dma.c **** 
   9:Lib/Motor/Src/bsp_dma.c ****     //enalbe idle interrupt
  10:Lib/Motor/Src/bsp_dma.c ****     //使能空闲中断
  11:Lib/Motor/Src/bsp_dma.c ****     __HAL_UART_ENABLE_IT(&huart1, UART_IT_IDLE);
  45              		.loc 1 11 5 view .LVU3
  46 000e DC68     		ldr	r4, [r3, #12]
  47 0010 44F01004 		orr	r4, r4, #16
ARM GAS  /tmp/ccipNYiR.s 			page 2


  48 0014 DC60     		str	r4, [r3, #12]
  12:Lib/Motor/Src/bsp_dma.c **** 
  13:Lib/Motor/Src/bsp_dma.c ****     //disable DMA
  14:Lib/Motor/Src/bsp_dma.c ****     //失效DMA
  15:Lib/Motor/Src/bsp_dma.c ****     __HAL_DMA_DISABLE(&hdma_usart1_rx);
  49              		.loc 1 15 5 view .LVU4
  50 0016 124B     		ldr	r3, .L5+4
  51 0018 1C68     		ldr	r4, [r3]
  52 001a 2368     		ldr	r3, [r4]
  53 001c 23F00103 		bic	r3, r3, #1
  54 0020 2360     		str	r3, [r4]
  16:Lib/Motor/Src/bsp_dma.c ****     while(hdma_usart1_rx.Instance->CR & DMA_SxCR_EN)
  55              		.loc 1 16 5 view .LVU5
  56              		.loc 1 16 10 is_stmt 0 view .LVU6
  57 0022 03E0     		b	.L2
  58              	.L3:
  17:Lib/Motor/Src/bsp_dma.c ****     {
  18:Lib/Motor/Src/bsp_dma.c ****         __HAL_DMA_DISABLE(&hdma_usart1_rx);
  59              		.loc 1 18 9 is_stmt 1 view .LVU7
  60 0024 1C68     		ldr	r4, [r3]
  61 0026 24F00104 		bic	r4, r4, #1
  62 002a 1C60     		str	r4, [r3]
  63              	.L2:
  16:Lib/Motor/Src/bsp_dma.c ****     while(hdma_usart1_rx.Instance->CR & DMA_SxCR_EN)
  64              		.loc 1 16 10 view .LVU8
  16:Lib/Motor/Src/bsp_dma.c ****     while(hdma_usart1_rx.Instance->CR & DMA_SxCR_EN)
  65              		.loc 1 16 25 is_stmt 0 view .LVU9
  66 002c 0C4B     		ldr	r3, .L5+4
  67 002e 1B68     		ldr	r3, [r3]
  16:Lib/Motor/Src/bsp_dma.c ****     while(hdma_usart1_rx.Instance->CR & DMA_SxCR_EN)
  68              		.loc 1 16 34 view .LVU10
  69 0030 1C68     		ldr	r4, [r3]
  16:Lib/Motor/Src/bsp_dma.c ****     while(hdma_usart1_rx.Instance->CR & DMA_SxCR_EN)
  70              		.loc 1 16 10 view .LVU11
  71 0032 14F0010F 		tst	r4, #1
  72 0036 F5D1     		bne	.L3
  19:Lib/Motor/Src/bsp_dma.c ****     }
  20:Lib/Motor/Src/bsp_dma.c **** 
  21:Lib/Motor/Src/bsp_dma.c ****     hdma_usart1_rx.Instance->PAR = (uint32_t) & (USART1->DR);
  73              		.loc 1 21 5 is_stmt 1 view .LVU12
  74              		.loc 1 21 34 is_stmt 0 view .LVU13
  75 0038 0A4C     		ldr	r4, .L5+8
  76 003a 9C60     		str	r4, [r3, #8]
  22:Lib/Motor/Src/bsp_dma.c ****     //memory buffer 1
  23:Lib/Motor/Src/bsp_dma.c ****     //内存缓冲区1
  24:Lib/Motor/Src/bsp_dma.c ****     hdma_usart1_rx.Instance->M0AR = (uint32_t)(rx1_buf);
  77              		.loc 1 24 5 is_stmt 1 view .LVU14
  78              		.loc 1 24 35 is_stmt 0 view .LVU15
  79 003c D860     		str	r0, [r3, #12]
  25:Lib/Motor/Src/bsp_dma.c ****     //memory buffer 2
  26:Lib/Motor/Src/bsp_dma.c ****     //内存缓冲区2
  27:Lib/Motor/Src/bsp_dma.c ****     hdma_usart1_rx.Instance->M1AR = (uint32_t)(rx2_buf);
  80              		.loc 1 27 5 is_stmt 1 view .LVU16
  81              		.loc 1 27 35 is_stmt 0 view .LVU17
  82 003e 1961     		str	r1, [r3, #16]
  28:Lib/Motor/Src/bsp_dma.c ****     //data length
  29:Lib/Motor/Src/bsp_dma.c ****     //数据长度
ARM GAS  /tmp/ccipNYiR.s 			page 3


  30:Lib/Motor/Src/bsp_dma.c ****     hdma_usart1_rx.Instance->NDTR = dma_buf_num;
  83              		.loc 1 30 5 is_stmt 1 view .LVU18
  84              		.loc 1 30 35 is_stmt 0 view .LVU19
  85 0040 5A60     		str	r2, [r3, #4]
  31:Lib/Motor/Src/bsp_dma.c ****     //enable double memory buffer
  32:Lib/Motor/Src/bsp_dma.c ****     //使能双缓冲区
  33:Lib/Motor/Src/bsp_dma.c ****     SET_BIT(hdma_usart1_rx.Instance->CR, DMA_SxCR_DBM);
  86              		.loc 1 33 5 is_stmt 1 view .LVU20
  87 0042 1A68     		ldr	r2, [r3]
  88              	.LVL1:
  89              		.loc 1 33 5 is_stmt 0 view .LVU21
  90 0044 42F48022 		orr	r2, r2, #262144
  91 0048 1A60     		str	r2, [r3]
  34:Lib/Motor/Src/bsp_dma.c **** 
  35:Lib/Motor/Src/bsp_dma.c ****     //enable DMA
  36:Lib/Motor/Src/bsp_dma.c ****     //使能DMA
  37:Lib/Motor/Src/bsp_dma.c ****     __HAL_DMA_ENABLE(&hdma_usart1_rx);
  92              		.loc 1 37 5 is_stmt 1 view .LVU22
  93 004a 054B     		ldr	r3, .L5+4
  94 004c 1A68     		ldr	r2, [r3]
  95 004e 1368     		ldr	r3, [r2]
  96 0050 43F00103 		orr	r3, r3, #1
  97 0054 1360     		str	r3, [r2]
  38:Lib/Motor/Src/bsp_dma.c **** 
  39:Lib/Motor/Src/bsp_dma.c **** }
  98              		.loc 1 39 1 is_stmt 0 view .LVU23
  99 0056 5DF8044B 		ldr	r4, [sp], #4
 100              		.cfi_restore 4
 101              		.cfi_def_cfa_offset 0
 102 005a 7047     		bx	lr
 103              	.L6:
 104              		.align	2
 105              	.L5:
 106 005c 00000000 		.word	huart1
 107 0060 00000000 		.word	hdma_usart1_rx
 108 0064 04100140 		.word	1073811460
 109              		.cfi_endproc
 110              	.LFE134:
 112              		.section	.text.RC6_init,"ax",%progbits
 113              		.align	1
 114              		.global	RC6_init
 115              		.syntax unified
 116              		.thumb
 117              		.thumb_func
 119              	RC6_init:
 120              	.LVL2:
 121              	.LFB135:
  40:Lib/Motor/Src/bsp_dma.c **** 
  41:Lib/Motor/Src/bsp_dma.c **** void RC6_init(uint8_t *rx1_buf, uint8_t *rx2_buf, uint16_t dma_buf_num)
  42:Lib/Motor/Src/bsp_dma.c **** {
 122              		.loc 1 42 1 is_stmt 1 view -0
 123              		.cfi_startproc
 124              		@ args = 0, pretend = 0, frame = 0
 125              		@ frame_needed = 0, uses_anonymous_args = 0
 126              		@ link register save eliminated.
 127              		.loc 1 42 1 is_stmt 0 view .LVU25
 128 0000 10B4     		push	{r4}
ARM GAS  /tmp/ccipNYiR.s 			page 4


 129              		.cfi_def_cfa_offset 4
 130              		.cfi_offset 4, -4
  43:Lib/Motor/Src/bsp_dma.c **** 	__HAL_DMA_DISABLE(&hdma_usart6_rx);
 131              		.loc 1 43 2 is_stmt 1 view .LVU26
 132 0002 164B     		ldr	r3, .L11
 133 0004 1C68     		ldr	r4, [r3]
 134 0006 2368     		ldr	r3, [r4]
 135 0008 23F00103 		bic	r3, r3, #1
 136 000c 2360     		str	r3, [r4]
  44:Lib/Motor/Src/bsp_dma.c ****     //enable the DMA transfer for the receiver request
  45:Lib/Motor/Src/bsp_dma.c ****     //使能DMA串口接收
  46:Lib/Motor/Src/bsp_dma.c ****     SET_BIT(huart6.Instance->CR3, USART_CR3_DMAR);
 137              		.loc 1 46 5 view .LVU27
 138 000e 144B     		ldr	r3, .L11+4
 139 0010 1B68     		ldr	r3, [r3]
 140 0012 5C69     		ldr	r4, [r3, #20]
 141 0014 44F04004 		orr	r4, r4, #64
 142 0018 5C61     		str	r4, [r3, #20]
  47:Lib/Motor/Src/bsp_dma.c **** 
  48:Lib/Motor/Src/bsp_dma.c ****     //enalbe idle interrupt
  49:Lib/Motor/Src/bsp_dma.c ****     //使能空闲中断
  50:Lib/Motor/Src/bsp_dma.c ****     __HAL_UART_ENABLE_IT(&huart6, UART_IT_IDLE);
 143              		.loc 1 50 5 view .LVU28
 144 001a DC68     		ldr	r4, [r3, #12]
 145 001c 44F01004 		orr	r4, r4, #16
 146 0020 DC60     		str	r4, [r3, #12]
  51:Lib/Motor/Src/bsp_dma.c **** 
  52:Lib/Motor/Src/bsp_dma.c ****     //disable DMA
  53:Lib/Motor/Src/bsp_dma.c ****     //失效DMA
  54:Lib/Motor/Src/bsp_dma.c ****     
  55:Lib/Motor/Src/bsp_dma.c ****     while(hdma_usart6_rx.Instance->CR & DMA_SxCR_EN)
 147              		.loc 1 55 5 view .LVU29
 148              		.loc 1 55 10 is_stmt 0 view .LVU30
 149 0022 03E0     		b	.L8
 150              	.L9:
  56:Lib/Motor/Src/bsp_dma.c ****     {
  57:Lib/Motor/Src/bsp_dma.c ****         __HAL_DMA_DISABLE(&hdma_usart6_rx);
 151              		.loc 1 57 9 is_stmt 1 view .LVU31
 152 0024 1C68     		ldr	r4, [r3]
 153 0026 24F00104 		bic	r4, r4, #1
 154 002a 1C60     		str	r4, [r3]
 155              	.L8:
  55:Lib/Motor/Src/bsp_dma.c ****     {
 156              		.loc 1 55 10 view .LVU32
  55:Lib/Motor/Src/bsp_dma.c ****     {
 157              		.loc 1 55 25 is_stmt 0 view .LVU33
 158 002c 0B4B     		ldr	r3, .L11
 159 002e 1B68     		ldr	r3, [r3]
  55:Lib/Motor/Src/bsp_dma.c ****     {
 160              		.loc 1 55 34 view .LVU34
 161 0030 1C68     		ldr	r4, [r3]
  55:Lib/Motor/Src/bsp_dma.c ****     {
 162              		.loc 1 55 10 view .LVU35
 163 0032 14F0010F 		tst	r4, #1
 164 0036 F5D1     		bne	.L9
  58:Lib/Motor/Src/bsp_dma.c ****     }
  59:Lib/Motor/Src/bsp_dma.c **** 
ARM GAS  /tmp/ccipNYiR.s 			page 5


  60:Lib/Motor/Src/bsp_dma.c ****     hdma_usart6_rx.Instance->PAR = (uint32_t) & (USART6->DR);
 165              		.loc 1 60 5 is_stmt 1 view .LVU36
 166              		.loc 1 60 34 is_stmt 0 view .LVU37
 167 0038 0A4C     		ldr	r4, .L11+8
 168 003a 9C60     		str	r4, [r3, #8]
  61:Lib/Motor/Src/bsp_dma.c ****     //memory buffer 1
  62:Lib/Motor/Src/bsp_dma.c ****     //内存缓冲区1
  63:Lib/Motor/Src/bsp_dma.c ****     hdma_usart6_rx.Instance->M0AR = (uint32_t)(rx1_buf);
 169              		.loc 1 63 5 is_stmt 1 view .LVU38
 170              		.loc 1 63 35 is_stmt 0 view .LVU39
 171 003c D860     		str	r0, [r3, #12]
  64:Lib/Motor/Src/bsp_dma.c ****     //memory buffer 2
  65:Lib/Motor/Src/bsp_dma.c ****     //内存缓冲区2
  66:Lib/Motor/Src/bsp_dma.c ****     hdma_usart6_rx.Instance->M1AR = (uint32_t)(rx2_buf);
 172              		.loc 1 66 5 is_stmt 1 view .LVU40
 173              		.loc 1 66 35 is_stmt 0 view .LVU41
 174 003e 1961     		str	r1, [r3, #16]
  67:Lib/Motor/Src/bsp_dma.c ****     //data length
  68:Lib/Motor/Src/bsp_dma.c ****     //数据长度
  69:Lib/Motor/Src/bsp_dma.c ****     hdma_usart6_rx.Instance->NDTR = dma_buf_num;
 175              		.loc 1 69 5 is_stmt 1 view .LVU42
 176              		.loc 1 69 35 is_stmt 0 view .LVU43
 177 0040 5A60     		str	r2, [r3, #4]
  70:Lib/Motor/Src/bsp_dma.c ****     //enable double memory buffer
  71:Lib/Motor/Src/bsp_dma.c ****     //使能双缓冲区
  72:Lib/Motor/Src/bsp_dma.c ****     SET_BIT(hdma_usart6_rx.Instance->CR, DMA_SxCR_DBM);
 178              		.loc 1 72 5 is_stmt 1 view .LVU44
 179 0042 1A68     		ldr	r2, [r3]
 180              	.LVL3:
 181              		.loc 1 72 5 is_stmt 0 view .LVU45
 182 0044 42F48022 		orr	r2, r2, #262144
 183 0048 1A60     		str	r2, [r3]
  73:Lib/Motor/Src/bsp_dma.c **** 	
  74:Lib/Motor/Src/bsp_dma.c ****     //enable DMA
  75:Lib/Motor/Src/bsp_dma.c ****     //使能DMA
  76:Lib/Motor/Src/bsp_dma.c ****     __HAL_DMA_ENABLE(&hdma_usart6_rx);
 184              		.loc 1 76 5 is_stmt 1 view .LVU46
 185 004a 044B     		ldr	r3, .L11
 186 004c 1A68     		ldr	r2, [r3]
 187 004e 1368     		ldr	r3, [r2]
 188 0050 43F00103 		orr	r3, r3, #1
 189 0054 1360     		str	r3, [r2]
  77:Lib/Motor/Src/bsp_dma.c **** 
  78:Lib/Motor/Src/bsp_dma.c **** }
 190              		.loc 1 78 1 is_stmt 0 view .LVU47
 191 0056 5DF8044B 		ldr	r4, [sp], #4
 192              		.cfi_restore 4
 193              		.cfi_def_cfa_offset 0
 194 005a 7047     		bx	lr
 195              	.L12:
 196              		.align	2
 197              	.L11:
 198 005c 00000000 		.word	hdma_usart6_rx
 199 0060 00000000 		.word	huart6
 200 0064 04140140 		.word	1073812484
 201              		.cfi_endproc
 202              	.LFE135:
ARM GAS  /tmp/ccipNYiR.s 			page 6


 204              		.text
 205              	.Letext0:
 206              		.file 2 "/usr/share/gcc-arm-none-eabi-10.3-2021.10/arm-none-eabi/include/machine/_default_types.h"
 207              		.file 3 "/usr/share/gcc-arm-none-eabi-10.3-2021.10/arm-none-eabi/include/sys/_stdint.h"
 208              		.file 4 "Drivers/CMSIS/Device/ST/STM32F4xx/Include/stm32f405xx.h"
 209              		.file 5 "Drivers/STM32F4xx_HAL_Driver/Inc/stm32f4xx_hal_def.h"
 210              		.file 6 "Drivers/STM32F4xx_HAL_Driver/Inc/stm32f4xx_hal_dma.h"
 211              		.file 7 "Drivers/STM32F4xx_HAL_Driver/Inc/stm32f4xx_hal_uart.h"
 212              		.file 8 "Core/Inc/usart.h"
 213              		.file 9 "Lib/Motor/Inc/bsp_dma.h"
ARM GAS  /tmp/ccipNYiR.s 			page 7


DEFINED SYMBOLS
                            *ABS*:0000000000000000 bsp_dma.c
     /tmp/ccipNYiR.s:20     .text.RC1_init:0000000000000000 $t
     /tmp/ccipNYiR.s:26     .text.RC1_init:0000000000000000 RC1_init
     /tmp/ccipNYiR.s:106    .text.RC1_init:000000000000005c $d
     /tmp/ccipNYiR.s:113    .text.RC6_init:0000000000000000 $t
     /tmp/ccipNYiR.s:119    .text.RC6_init:0000000000000000 RC6_init
     /tmp/ccipNYiR.s:198    .text.RC6_init:000000000000005c $d

UNDEFINED SYMBOLS
huart1
hdma_usart1_rx
hdma_usart6_rx
huart6
