ARM GAS  /tmp/cc4nsoYg.s 			page 1


   1              		.cpu cortex-m4
   2              		.arch armv7e-m
   3              		.fpu fpv4-sp-d16
   4              		.eabi_attribute 27, 1
   5              		.eabi_attribute 28, 1
   6              		.eabi_attribute 20, 1
   7              		.eabi_attribute 21, 1
   8              		.eabi_attribute 23, 3
   9              		.eabi_attribute 24, 1
  10              		.eabi_attribute 25, 1
  11              		.eabi_attribute 26, 1
  12              		.eabi_attribute 30, 1
  13              		.eabi_attribute 34, 1
  14              		.eabi_attribute 18, 4
  15              		.file	"gpio.c"
  16              		.text
  17              	.Ltext0:
  18              		.cfi_sections	.debug_frame
  19              		.section	.text.MX_GPIO_Init,"ax",%progbits
  20              		.align	1
  21              		.global	MX_GPIO_Init
  22              		.syntax unified
  23              		.thumb
  24              		.thumb_func
  26              	MX_GPIO_Init:
  27              	.LFB134:
  28              		.file 1 "Core/Src/gpio.c"
   1:Core/Src/gpio.c **** /* USER CODE BEGIN Header */
   2:Core/Src/gpio.c **** /**
   3:Core/Src/gpio.c ****   ******************************************************************************
   4:Core/Src/gpio.c ****   * @file    gpio.c
   5:Core/Src/gpio.c ****   * @brief   This file provides code for the configuration
   6:Core/Src/gpio.c ****   *          of all used GPIO pins.
   7:Core/Src/gpio.c ****   ******************************************************************************
   8:Core/Src/gpio.c ****   * @attention
   9:Core/Src/gpio.c ****   *
  10:Core/Src/gpio.c ****   * Copyright (c) 2024 STMicroelectronics.
  11:Core/Src/gpio.c ****   * All rights reserved.
  12:Core/Src/gpio.c ****   *
  13:Core/Src/gpio.c ****   * This software is licensed under terms that can be found in the LICENSE file
  14:Core/Src/gpio.c ****   * in the root directory of this software component.
  15:Core/Src/gpio.c ****   * If no LICENSE file comes with this software, it is provided AS-IS.
  16:Core/Src/gpio.c ****   *
  17:Core/Src/gpio.c ****   ******************************************************************************
  18:Core/Src/gpio.c ****   */
  19:Core/Src/gpio.c **** /* USER CODE END Header */
  20:Core/Src/gpio.c **** 
  21:Core/Src/gpio.c **** /* Includes ------------------------------------------------------------------*/
  22:Core/Src/gpio.c **** #include "gpio.h"
  23:Core/Src/gpio.c **** 
  24:Core/Src/gpio.c **** /* USER CODE BEGIN 0 */
  25:Core/Src/gpio.c **** 
  26:Core/Src/gpio.c **** /* USER CODE END 0 */
  27:Core/Src/gpio.c **** 
  28:Core/Src/gpio.c **** /*----------------------------------------------------------------------------*/
  29:Core/Src/gpio.c **** /* Configure GPIO                                                             */
  30:Core/Src/gpio.c **** /*----------------------------------------------------------------------------*/
ARM GAS  /tmp/cc4nsoYg.s 			page 2


  31:Core/Src/gpio.c **** /* USER CODE BEGIN 1 */
  32:Core/Src/gpio.c **** 
  33:Core/Src/gpio.c **** /* USER CODE END 1 */
  34:Core/Src/gpio.c **** 
  35:Core/Src/gpio.c **** /** Configure pins as
  36:Core/Src/gpio.c ****         * Analog
  37:Core/Src/gpio.c ****         * Input
  38:Core/Src/gpio.c ****         * Output
  39:Core/Src/gpio.c ****         * EVENT_OUT
  40:Core/Src/gpio.c ****         * EXTI
  41:Core/Src/gpio.c **** */
  42:Core/Src/gpio.c **** void MX_GPIO_Init(void)
  43:Core/Src/gpio.c **** {
  29              		.loc 1 43 1 view -0
  30              		.cfi_startproc
  31              		@ args = 0, pretend = 0, frame = 40
  32              		@ frame_needed = 0, uses_anonymous_args = 0
  33 0000 30B5     		push	{r4, r5, lr}
  34              		.cfi_def_cfa_offset 12
  35              		.cfi_offset 4, -12
  36              		.cfi_offset 5, -8
  37              		.cfi_offset 14, -4
  38 0002 8BB0     		sub	sp, sp, #44
  39              		.cfi_def_cfa_offset 56
  44:Core/Src/gpio.c **** 
  45:Core/Src/gpio.c ****   GPIO_InitTypeDef GPIO_InitStruct = {0};
  40              		.loc 1 45 3 view .LVU1
  41              		.loc 1 45 20 is_stmt 0 view .LVU2
  42 0004 0024     		movs	r4, #0
  43 0006 0594     		str	r4, [sp, #20]
  44 0008 0694     		str	r4, [sp, #24]
  45 000a 0794     		str	r4, [sp, #28]
  46 000c 0894     		str	r4, [sp, #32]
  47 000e 0994     		str	r4, [sp, #36]
  46:Core/Src/gpio.c **** 
  47:Core/Src/gpio.c ****   /* GPIO Ports Clock Enable */
  48:Core/Src/gpio.c ****   __HAL_RCC_GPIOH_CLK_ENABLE();
  48              		.loc 1 48 3 is_stmt 1 view .LVU3
  49              	.LBB2:
  50              		.loc 1 48 3 view .LVU4
  51 0010 0194     		str	r4, [sp, #4]
  52              		.loc 1 48 3 view .LVU5
  53 0012 1E4B     		ldr	r3, .L3
  54 0014 1A6B     		ldr	r2, [r3, #48]
  55 0016 42F08002 		orr	r2, r2, #128
  56 001a 1A63     		str	r2, [r3, #48]
  57              		.loc 1 48 3 view .LVU6
  58 001c 1A6B     		ldr	r2, [r3, #48]
  59 001e 02F08002 		and	r2, r2, #128
  60 0022 0192     		str	r2, [sp, #4]
  61              		.loc 1 48 3 view .LVU7
  62 0024 019A     		ldr	r2, [sp, #4]
  63              	.LBE2:
  64              		.loc 1 48 3 view .LVU8
  49:Core/Src/gpio.c ****   __HAL_RCC_GPIOC_CLK_ENABLE();
  65              		.loc 1 49 3 view .LVU9
  66              	.LBB3:
ARM GAS  /tmp/cc4nsoYg.s 			page 3


  67              		.loc 1 49 3 view .LVU10
  68 0026 0294     		str	r4, [sp, #8]
  69              		.loc 1 49 3 view .LVU11
  70 0028 1A6B     		ldr	r2, [r3, #48]
  71 002a 42F00402 		orr	r2, r2, #4
  72 002e 1A63     		str	r2, [r3, #48]
  73              		.loc 1 49 3 view .LVU12
  74 0030 1A6B     		ldr	r2, [r3, #48]
  75 0032 02F00402 		and	r2, r2, #4
  76 0036 0292     		str	r2, [sp, #8]
  77              		.loc 1 49 3 view .LVU13
  78 0038 029A     		ldr	r2, [sp, #8]
  79              	.LBE3:
  80              		.loc 1 49 3 view .LVU14
  50:Core/Src/gpio.c ****   __HAL_RCC_GPIOA_CLK_ENABLE();
  81              		.loc 1 50 3 view .LVU15
  82              	.LBB4:
  83              		.loc 1 50 3 view .LVU16
  84 003a 0394     		str	r4, [sp, #12]
  85              		.loc 1 50 3 view .LVU17
  86 003c 1A6B     		ldr	r2, [r3, #48]
  87 003e 42F00102 		orr	r2, r2, #1
  88 0042 1A63     		str	r2, [r3, #48]
  89              		.loc 1 50 3 view .LVU18
  90 0044 1A6B     		ldr	r2, [r3, #48]
  91 0046 02F00102 		and	r2, r2, #1
  92 004a 0392     		str	r2, [sp, #12]
  93              		.loc 1 50 3 view .LVU19
  94 004c 039A     		ldr	r2, [sp, #12]
  95              	.LBE4:
  96              		.loc 1 50 3 view .LVU20
  51:Core/Src/gpio.c ****   __HAL_RCC_GPIOB_CLK_ENABLE();
  97              		.loc 1 51 3 view .LVU21
  98              	.LBB5:
  99              		.loc 1 51 3 view .LVU22
 100 004e 0494     		str	r4, [sp, #16]
 101              		.loc 1 51 3 view .LVU23
 102 0050 1A6B     		ldr	r2, [r3, #48]
 103 0052 42F00202 		orr	r2, r2, #2
 104 0056 1A63     		str	r2, [r3, #48]
 105              		.loc 1 51 3 view .LVU24
 106 0058 1B6B     		ldr	r3, [r3, #48]
 107 005a 03F00203 		and	r3, r3, #2
 108 005e 0493     		str	r3, [sp, #16]
 109              		.loc 1 51 3 view .LVU25
 110 0060 049B     		ldr	r3, [sp, #16]
 111              	.LBE5:
 112              		.loc 1 51 3 view .LVU26
  52:Core/Src/gpio.c **** 
  53:Core/Src/gpio.c ****   /*Configure GPIO pin Output Level */
  54:Core/Src/gpio.c ****   HAL_GPIO_WritePin(GPIOB, GPIO_PIN_14, GPIO_PIN_SET);
 113              		.loc 1 54 3 view .LVU27
 114 0062 0B4D     		ldr	r5, .L3+4
 115 0064 0122     		movs	r2, #1
 116 0066 4FF48041 		mov	r1, #16384
 117 006a 2846     		mov	r0, r5
 118 006c FFF7FEFF 		bl	HAL_GPIO_WritePin
ARM GAS  /tmp/cc4nsoYg.s 			page 4


 119              	.LVL0:
  55:Core/Src/gpio.c **** 
  56:Core/Src/gpio.c ****   /*Configure GPIO pin : PB14 */
  57:Core/Src/gpio.c ****   GPIO_InitStruct.Pin = GPIO_PIN_14;
 120              		.loc 1 57 3 view .LVU28
 121              		.loc 1 57 23 is_stmt 0 view .LVU29
 122 0070 4FF48043 		mov	r3, #16384
 123 0074 0593     		str	r3, [sp, #20]
  58:Core/Src/gpio.c ****   GPIO_InitStruct.Mode = GPIO_MODE_OUTPUT_PP;
 124              		.loc 1 58 3 is_stmt 1 view .LVU30
 125              		.loc 1 58 24 is_stmt 0 view .LVU31
 126 0076 0123     		movs	r3, #1
 127 0078 0693     		str	r3, [sp, #24]
  59:Core/Src/gpio.c ****   GPIO_InitStruct.Pull = GPIO_NOPULL;
 128              		.loc 1 59 3 is_stmt 1 view .LVU32
 129              		.loc 1 59 24 is_stmt 0 view .LVU33
 130 007a 0794     		str	r4, [sp, #28]
  60:Core/Src/gpio.c ****   GPIO_InitStruct.Speed = GPIO_SPEED_FREQ_LOW;
 131              		.loc 1 60 3 is_stmt 1 view .LVU34
 132              		.loc 1 60 25 is_stmt 0 view .LVU35
 133 007c 0894     		str	r4, [sp, #32]
  61:Core/Src/gpio.c ****   HAL_GPIO_Init(GPIOB, &GPIO_InitStruct);
 134              		.loc 1 61 3 is_stmt 1 view .LVU36
 135 007e 05A9     		add	r1, sp, #20
 136 0080 2846     		mov	r0, r5
 137 0082 FFF7FEFF 		bl	HAL_GPIO_Init
 138              	.LVL1:
  62:Core/Src/gpio.c **** 
  63:Core/Src/gpio.c **** }
 139              		.loc 1 63 1 is_stmt 0 view .LVU37
 140 0086 0BB0     		add	sp, sp, #44
 141              		.cfi_def_cfa_offset 12
 142              		@ sp needed
 143 0088 30BD     		pop	{r4, r5, pc}
 144              	.L4:
 145 008a 00BF     		.align	2
 146              	.L3:
 147 008c 00380240 		.word	1073887232
 148 0090 00040240 		.word	1073873920
 149              		.cfi_endproc
 150              	.LFE134:
 152              		.text
 153              	.Letext0:
 154              		.file 2 "/usr/share/gcc-arm-none-eabi-10.3-2021.10/arm-none-eabi/include/machine/_default_types.h"
 155              		.file 3 "/usr/share/gcc-arm-none-eabi-10.3-2021.10/arm-none-eabi/include/sys/_stdint.h"
 156              		.file 4 "Drivers/CMSIS/Device/ST/STM32F4xx/Include/stm32f405xx.h"
 157              		.file 5 "Drivers/STM32F4xx_HAL_Driver/Inc/stm32f4xx_hal_gpio.h"
ARM GAS  /tmp/cc4nsoYg.s 			page 5


DEFINED SYMBOLS
                            *ABS*:0000000000000000 gpio.c
     /tmp/cc4nsoYg.s:20     .text.MX_GPIO_Init:0000000000000000 $t
     /tmp/cc4nsoYg.s:26     .text.MX_GPIO_Init:0000000000000000 MX_GPIO_Init
     /tmp/cc4nsoYg.s:147    .text.MX_GPIO_Init:000000000000008c $d

UNDEFINED SYMBOLS
HAL_GPIO_WritePin
HAL_GPIO_Init
